Switching to atp/2.1.3.
Switching to cray-libsci/19.06.1.
Switching to cray-mpich/7.7.8.
Switching to craype/2.6.0.
Switching to gcc/8.3.0.
Switching to modules/3.2.11.2.
Switching to perftools-base/7.1.0.
Switching to pmi/5.0.14.
srun: error: Invalid user id 1504: No error
srun: Warning: Unable to assume uid=1504
Traceback (most recent call last):
  File "VIS_col.py", line 586, in <module>
    a.parse_parameters()
  File "VIS_col.py", line 191, in parse_parameters
    self.parse_CVs(content.split("---")[2])
  File "VIS_col.py", line 182, in parse_CVs
    current_pull_groups.append(COM_group_no[int(g_no)])
KeyError: 0
srun: error: nid02066: task 0: Exited with exit code 1
srun: Terminating job step 5889370.0
