                      :-) GROMACS - gmx mdrun, 2020.1 (-:

                            GROMACS is written by:
     Emile Apol      Rossen Apostolov      Paul Bauer     Herman J.C. Berendsen
    Par Bjelkmar      Christian Blau   Viacheslav Bolnykh     Kevin Boyd    
 Aldert van Buuren   Rudi van Drunen     Anton Feenstra       Alan Gray     
  Gerrit Groenhof     Anca Hamuraru    Vincent Hindriksen  M. Eric Irrgang  
  Aleksei Iupinov   Christoph Junghans     Joe Jordan     Dimitrios Karkoulis
    Peter Kasson        Jiri Kraus      Carsten Kutzner      Per Larsson    
  Justin A. Lemkul    Viveca Lindahl    Magnus Lundborg     Erik Marklund   
    Pascal Merz     Pieter Meulenhoff    Teemu Murtola       Szilard Pall   
    Sander Pronk      Roland Schulz      Michael Shirts    Alexey Shvetsov  
   Alfons Sijbers     Peter Tieleman      Jon Vincent      Teemu Virolainen 
 Christian Wennberg    Maarten Wolf      Artem Zhmurov   
                           and the project leaders:
        Mark Abraham, Berk Hess, Erik Lindahl, and David van der Spoel

Copyright (c) 1991-2000, University of Groningen, The Netherlands.
Copyright (c) 2001-2019, The GROMACS development team at
Uppsala University, Stockholm University and
the Royal Institute of Technology, Sweden.
check out http://www.gromacs.org for more information.

GROMACS is free software; you can redistribute it and/or modify it
under the terms of the GNU Lesser General Public License
as published by the Free Software Foundation; either version 2.1
of the License, or (at your option) any later version.

GROMACS:      gmx mdrun, version 2020.1
Executable:   /pdc/vol/gromacs/2020.1/bin/gmx
Data prefix:  /pdc/vol/gromacs/2020.1
Working dir:  /cfs/klemming/nobackup/o/oliverfl/gpcr/strings/marko/StringMethodMaster/Prototypes/Oliver_P9
Process ID:   2810
Command line:
  gmx mdrun -s nvt.tpr

GROMACS version:    2020.1
Verified release checksum is 5cde61b9d46b24153ba84f499c996612640b965eff9a218f8f5e561f94ff4e43
Precision:          single
Memory model:       64 bit
MPI library:        none
OpenMP support:     enabled (GMX_OPENMP_MAX_THREADS = 64)
GPU support:        disabled
SIMD instructions:  AVX_256
FFT library:        commercial-fftw-3.3.8-sse2
RDTSCP usage:       enabled
TNG support:        enabled
Hwloc support:      disabled
Tracing support:    disabled
C compiler:         /opt/gcc/8.3.0/bin/gcc GNU 8.3.0
C compiler flags:   -mavx -fexcess-precision=fast -funroll-all-loops
C++ compiler:       /opt/gcc/8.3.0/bin/g++ GNU 8.3.0
C++ compiler flags: -mavx -fexcess-precision=fast -funroll-all-loops -fopenmp


Running on 1 node with total 8 cores, 16 logical cores
Hardware detected:
  CPU info:
    Vendor: Intel
    Brand:  Intel(R) Xeon(R) CPU E5-2670 0 @ 2.60GHz
    Family: 6   Model: 45   Stepping: 7
    Features: aes apic avx clfsh cmov cx8 cx16 htt intel lahf mmx msr nonstop_tsc pcid pclmuldq pdcm pdpe1gb popcnt pse rdtscp sse2 sse3 sse4.1 sse4.2 ssse3 tdt x2apic
  Hardware topology: Basic
    Sockets, cores, and logical processors:
      Socket  0: [   0   8] [   1   9] [   2  10] [   3  11] [   4  12] [   5  13] [   6  14] [   7  15]


++++ PLEASE READ AND CITE THE FOLLOWING REFERENCE ++++
M. J. Abraham, T. Murtola, R. Schulz, S. Páll, J. C. Smith, B. Hess, E.
Lindahl
GROMACS: High performance molecular simulations through multi-level
parallelism from laptops to supercomputers
SoftwareX 1 (2015) pp. 19-25
-------- -------- --- Thank You --- -------- --------


++++ PLEASE READ AND CITE THE FOLLOWING REFERENCE ++++
S. Páll, M. J. Abraham, C. Kutzner, B. Hess, E. Lindahl
Tackling Exascale Software Challenges in Molecular Dynamics Simulations with
GROMACS
In S. Markidis & E. Laure (Eds.), Solving Software Challenges for Exascale 8759 (2015) pp. 3-27
-------- -------- --- Thank You --- -------- --------


++++ PLEASE READ AND CITE THE FOLLOWING REFERENCE ++++
S. Pronk, S. Páll, R. Schulz, P. Larsson, P. Bjelkmar, R. Apostolov, M. R.
Shirts, J. C. Smith, P. M. Kasson, D. van der Spoel, B. Hess, and E. Lindahl
GROMACS 4.5: a high-throughput and highly parallel open source molecular
simulation toolkit
Bioinformatics 29 (2013) pp. 845-54
-------- -------- --- Thank You --- -------- --------


++++ PLEASE READ AND CITE THE FOLLOWING REFERENCE ++++
B. Hess and C. Kutzner and D. van der Spoel and E. Lindahl
GROMACS 4: Algorithms for highly efficient, load-balanced, and scalable
molecular simulation
J. Chem. Theory Comput. 4 (2008) pp. 435-447
-------- -------- --- Thank You --- -------- --------


++++ PLEASE READ AND CITE THE FOLLOWING REFERENCE ++++
D. van der Spoel, E. Lindahl, B. Hess, G. Groenhof, A. E. Mark and H. J. C.
Berendsen
GROMACS: Fast, Flexible and Free
J. Comp. Chem. 26 (2005) pp. 1701-1719
-------- -------- --- Thank You --- -------- --------


++++ PLEASE READ AND CITE THE FOLLOWING REFERENCE ++++
E. Lindahl and B. Hess and D. van der Spoel
GROMACS 3.0: A package for molecular simulation and trajectory analysis
J. Mol. Mod. 7 (2001) pp. 306-317
-------- -------- --- Thank You --- -------- --------


++++ PLEASE READ AND CITE THE FOLLOWING REFERENCE ++++
H. J. C. Berendsen, D. van der Spoel and R. van Drunen
GROMACS: A message-passing parallel molecular dynamics implementation
Comp. Phys. Comm. 91 (1995) pp. 43-56
-------- -------- --- Thank You --- -------- --------


++++ PLEASE CITE THE DOI FOR THIS VERSION OF GROMACS ++++
https://doi.org/10.5281/zenodo.3685919
-------- -------- --- Thank You --- -------- --------

Input Parameters:
   integrator                     = md
   tinit                          = 0
   dt                             = 0.002
   nsteps                         = 50000
   init-step                      = 0
   simulation-part                = 1
   comm-mode                      = Linear
   nstcomm                        = 100
   bd-fric                        = 0
   ld-seed                        = -2015118400
   emtol                          = 10
   emstep                         = 0.01
   niter                          = 20
   fcstep                         = 0
   nstcgsteep                     = 1000
   nbfgscorr                      = 10
   rtpi                           = 0.05
   nstxout                        = 500
   nstvout                        = 500
   nstfout                        = 0
   nstlog                         = 500
   nstcalcenergy                  = 100
   nstenergy                      = 500
   nstxout-compressed             = 0
   compressed-x-precision         = 1000
   cutoff-scheme                  = Verlet
   nstlist                        = 10
   pbc                            = xyz
   periodic-molecules             = false
   verlet-buffer-tolerance        = 0.005
   rlist                          = 1
   coulombtype                    = PME
   coulomb-modifier               = Potential-shift
   rcoulomb-switch                = 0
   rcoulomb                       = 1
   epsilon-r                      = 1
   epsilon-rf                     = inf
   vdw-type                       = Cut-off
   vdw-modifier                   = Potential-shift
   rvdw-switch                    = 0
   rvdw                           = 1
   DispCorr                       = EnerPres
   table-extension                = 1
   fourierspacing                 = 0.16
   fourier-nx                     = 52
   fourier-ny                     = 52
   fourier-nz                     = 72
   pme-order                      = 4
   ewald-rtol                     = 1e-05
   ewald-rtol-lj                  = 0.001
   lj-pme-comb-rule               = Geometric
   ewald-geometry                 = 0
   epsilon-surface                = 0
   tcoupl                         = V-rescale
   nsttcouple                     = 10
   nh-chain-length                = 0
   print-nose-hoover-chain-variables = false
   pcoupl                         = No
   pcoupltype                     = Isotropic
   nstpcouple                     = -1
   tau-p                          = 1
   compressibility (3x3):
      compressibility[    0]={ 0.00000e+00,  0.00000e+00,  0.00000e+00}
      compressibility[    1]={ 0.00000e+00,  0.00000e+00,  0.00000e+00}
      compressibility[    2]={ 0.00000e+00,  0.00000e+00,  0.00000e+00}
   ref-p (3x3):
      ref-p[    0]={ 0.00000e+00,  0.00000e+00,  0.00000e+00}
      ref-p[    1]={ 0.00000e+00,  0.00000e+00,  0.00000e+00}
      ref-p[    2]={ 0.00000e+00,  0.00000e+00,  0.00000e+00}
   refcoord-scaling               = No
   posres-com (3):
      posres-com[0]= 0.00000e+00
      posres-com[1]= 0.00000e+00
      posres-com[2]= 0.00000e+00
   posres-comB (3):
      posres-comB[0]= 0.00000e+00
      posres-comB[1]= 0.00000e+00
      posres-comB[2]= 0.00000e+00
   QMMM                           = false
   QMconstraints                  = 0
   QMMMscheme                     = 0
   MMChargeScaleFactor            = 1
qm-opts:
   ngQM                           = 0
   constraint-algorithm           = Lincs
   continuation                   = false
   Shake-SOR                      = false
   shake-tol                      = 0.0001
   lincs-order                    = 4
   lincs-iter                     = 1
   lincs-warnangle                = 30
   nwall                          = 0
   wall-type                      = 9-3
   wall-r-linpot                  = -1
   wall-atomtype[0]               = -1
   wall-atomtype[1]               = -1
   wall-density[0]                = 0
   wall-density[1]                = 0
   wall-ewald-zfac                = 3
   pull                           = true
   pull-cylinder-r                = 1.5
   pull-constr-tol                = 1e-06
   pull-print-COM                 = false
   pull-print-ref-value           = false
   pull-print-components          = false
   pull-nstxout                   = 50
   pull-nstfout                   = 50
   pull-pbc-ref-prev-step-com     = false
   pull-xout-average              = false
   pull-fout-average              = false
   pull-ngroups                   = 9
   pull-group 0:
     atom: not available
     weight: not available
     pbcatom                        = -1
   pull-group 1:
     atom (1):
        atom[0]=862
     weight: not available
     pbcatom                        = -1
   pull-group 2:
     atom (1):
        atom[0]=4333
     weight: not available
     pbcatom                        = -1
   pull-group 3:
     atom (1):
        atom[0]=3339
     weight: not available
     pbcatom                        = -1
   pull-group 4:
     atom (1):
        atom[0]=1970
     weight: not available
     pbcatom                        = -1
   pull-group 5:
     atom (1):
        atom[0]=1461
     weight: not available
     pbcatom                        = -1
   pull-group 6:
     atom (1):
        atom[0]=3458
     weight: not available
     pbcatom                        = -1
   pull-group 7:
     atom (1):
        atom[0]=3202
     weight: not available
     pbcatom                        = -1
   pull-group 8:
     atom (1):
        atom[0]=3317
     weight: not available
     pbcatom                        = -1
   pull-ncoords                   = 5
   pull-coord 0:
   type                           = umbrella
   geometry                       = distance
   group[0]                       = 0
   group[1]                       = 1
   dim (3):
      dim[0]=1
      dim[1]=1
      dim[2]=1
   origin (3):
      origin[0]= 0.00000e+00
      origin[1]= 0.00000e+00
      origin[2]= 0.00000e+00
   vec (3):
      vec[0]= 0.00000e+00
      vec[1]= 0.00000e+00
      vec[2]= 0.00000e+00
   start                          = true
   init                           = 1.1141
   rate                           = 0
   k                              = 1000
   kB                             = 1000
   pull-coord 1:
   type                           = umbrella
   geometry                       = distance
   group[0]                       = 2
   group[1]                       = 3
   dim (3):
      dim[0]=1
      dim[1]=1
      dim[2]=1
   origin (3):
      origin[0]= 0.00000e+00
      origin[1]= 0.00000e+00
      origin[2]= 0.00000e+00
   vec (3):
      vec[0]= 0.00000e+00
      vec[1]= 0.00000e+00
      vec[2]= 0.00000e+00
   start                          = true
   init                           = 2.15093
   rate                           = 0
   k                              = 1000
   kB                             = 1000
   pull-coord 2:
   type                           = umbrella
   geometry                       = distance
   group[0]                       = 1
   group[1]                       = 3
   dim (3):
      dim[0]=1
      dim[1]=1
      dim[2]=1
   origin (3):
      origin[0]= 0.00000e+00
      origin[1]= 0.00000e+00
      origin[2]= 0.00000e+00
   vec (3):
      vec[0]= 0.00000e+00
      vec[1]= 0.00000e+00
      vec[2]= 0.00000e+00
   start                          = true
   init                           = 2.92047
   rate                           = 0
   k                              = 1000
   kB                             = 1000
   pull-coord 3:
   type                           = umbrella
   geometry                       = distance
   group[0]                       = 4
   group[1]                       = 5
   dim (3):
      dim[0]=1
      dim[1]=1
      dim[2]=1
   origin (3):
      origin[0]= 0.00000e+00
      origin[1]= 0.00000e+00
      origin[2]= 0.00000e+00
   vec (3):
      vec[0]= 0.00000e+00
      vec[1]= 0.00000e+00
      vec[2]= 0.00000e+00
   start                          = true
   init                           = 2.43827
   rate                           = 0
   k                              = 1000
   kB                             = 1000
   pull-coord 4:
   type                           = umbrella
   geometry                       = distance
   group[0]                       = 6
   group[1]                       = 7
   dim (3):
      dim[0]=1
      dim[1]=1
      dim[2]=1
   origin (3):
      origin[0]= 0.00000e+00
      origin[1]= 0.00000e+00
      origin[2]= 0.00000e+00
   vec (3):
      vec[0]= 0.00000e+00
      vec[1]= 0.00000e+00
      vec[2]= 0.00000e+00
   start                          = true
   init                           = 0.922273
   rate                           = 0
   k                              = 1000
   kB                             = 1000
   awh                            = false
   rotation                       = false
   interactiveMD                  = false
   disre                          = No
   disre-weighting                = Conservative
   disre-mixed                    = false
   dr-fc                          = 1000
   dr-tau                         = 0
   nstdisreout                    = 100
   orire-fc                       = 0
   orire-tau                      = 0
   nstorireout                    = 100
   free-energy                    = no
   cos-acceleration               = 0
   deform (3x3):
      deform[    0]={ 0.00000e+00,  0.00000e+00,  0.00000e+00}
      deform[    1]={ 0.00000e+00,  0.00000e+00,  0.00000e+00}
      deform[    2]={ 0.00000e+00,  0.00000e+00,  0.00000e+00}
   simulated-tempering            = false
   swapcoords                     = no
   userint1                       = 0
   userint2                       = 0
   userint3                       = 0
   userint4                       = 0
   userreal1                      = 0
   userreal2                      = 0
   userreal3                      = 0
   userreal4                      = 0
   applied-forces:
     electric-field:
       x:
         E0                       = 0
         omega                    = 0
         t0                       = 0
         sigma                    = 0
       y:
         E0                       = 0
         omega                    = 0
         t0                       = 0
         sigma                    = 0
       z:
         E0                       = 0
         omega                    = 0
         t0                       = 0
         sigma                    = 0
     density-guided-simulation:
       active                     = false
       group                      = protein
       similarity-measure         = inner-product
       atom-spreading-weight      = unity
       force-constant             = 1e+09
       gaussian-transform-spreading-width = 0.2
       gaussian-transform-spreading-range-in-multiples-of-width = 4
       reference-density-filename = reference.mrc
       nst                        = 1
       normalize-densities        = true
       adaptive-force-scaling     = false
       adaptive-force-scaling-time-constant = 4
grpopts:
   nrdf:     11598.8      143535
   ref-t:         300         300
   tau-t:         0.1         0.1
annealing:          No          No
annealing-npoints:           0           0
   acc:	           0           0           0
   nfreeze:           N           N           N
   energygrp-flags[  0]: 0

Changing nstlist from 10 to 80, rlist from 1 to 1.106

Using 16 OpenMP threads 

Pinning threads with an auto-selected logical core stride of 1
System total charge: 0.000
Will do PME sum in reciprocal space for electrostatic interactions.

++++ PLEASE READ AND CITE THE FOLLOWING REFERENCE ++++
U. Essmann, L. Perera, M. L. Berkowitz, T. Darden, H. Lee and L. G. Pedersen 
A smooth particle mesh Ewald method
J. Chem. Phys. 103 (1995) pp. 8577-8592
-------- -------- --- Thank You --- -------- --------

Using a Gaussian width (1/beta) of 0.320163 nm for Ewald
Potential shift: LJ r^-12: -1.000e+00 r^-6: -1.000e+00, Ewald -1.000e-05
Initialized non-bonded Coulomb Ewald tables, spacing: 9.33e-04 size: 1073

Generated table with 1053 data points for 1-4 COUL.
Tabscale = 500 points/nm
Generated table with 1053 data points for 1-4 LJ6.
Tabscale = 500 points/nm
Generated table with 1053 data points for 1-4 LJ12.
Tabscale = 500 points/nm

Using SIMD 4x4 nonbonded short-range kernels

Using a dual 4x4 pair-list setup updated with dynamic pruning:
  outer list: updated every 80 steps, buffer 0.106 nm, rlist 1.106 nm
  inner list: updated every 16 steps, buffer 0.001 nm, rlist 1.001 nm
At tolerance 0.005 kJ/mol/ps per atom, equivalent classical 1x1 list would be:
  outer list: updated every 80 steps, buffer 0.254 nm, rlist 1.254 nm
  inner list: updated every 16 steps, buffer 0.060 nm, rlist 1.060 nm

Using full Lennard-Jones parameter combination matrix

Long Range LJ corr.: <C6> 4.1598e-04

Removing pbc first time

Will apply potential COM pulling
with 5 pull coordinates and 8 groups
with an absolute reference
Pull group 1:     1 atoms, mass    12.011
Pull group 2:     1 atoms, mass    12.011
Pull group 3:     1 atoms, mass    12.011
Pull group 4:     1 atoms, mass    12.011
Pull group 5:     1 atoms, mass    12.011
Pull group 6:     1 atoms, mass    12.011
Pull group 7:     1 atoms, mass    12.011
Pull group 8:     1 atoms, mass    12.011

Initializing LINear Constraint Solver

++++ PLEASE READ AND CITE THE FOLLOWING REFERENCE ++++
B. Hess and H. Bekker and H. J. C. Berendsen and J. G. E. M. Fraaije
LINCS: A Linear Constraint Solver for molecular simulations
J. Comp. Chem. 18 (1997) pp. 1463-1472
-------- -------- --- Thank You --- -------- --------

The number of constraints is 17111

++++ PLEASE READ AND CITE THE FOLLOWING REFERENCE ++++
S. Miyamoto and P. A. Kollman
SETTLE: An Analytical Version of the SHAKE and RATTLE Algorithms for Rigid
Water Models
J. Comp. Chem. 13 (1992) pp. 952-962
-------- -------- --- Thank You --- -------- --------


++++ PLEASE READ AND CITE THE FOLLOWING REFERENCE ++++
G. Bussi, D. Donadio and M. Parrinello
Canonical sampling through velocity rescaling
J. Chem. Phys. 126 (2007) pp. 014101
-------- -------- --- Thank You --- -------- --------

There are: 71699 Atoms

Constraining the starting coordinates (step 0)

Constraining the coordinates at t0-dt (step 0)
Center of mass motion removal mode is Linear
We have the following groups for center of mass motion removal:
  0:  rest
RMS relative constraint deviation after constraining: 2.98e-06
Initial temperature: 301.101 K

Started mdrun on rank 0 Fri May 22 11:32:16 2020

           Step           Time
              0        0.00000

   Energies (kJ/mol)
           Bond            U-B    Proper Dih.  Improper Dih.      CMAP Dih.
    1.47691e+04    7.07316e+04    5.22847e+04    9.73492e+02   -2.74006e+02
          LJ-14     Coulomb-14        LJ (SR)  Disper. corr.   Coulomb (SR)
    1.04767e+04   -3.12182e+04    1.64022e+04   -1.28321e+04   -7.56056e+05
   Coul. recip.   COM Pull En.      Potential    Kinetic En.   Total Energy
    6.81310e+03    3.02258e-06   -6.27930e+05    2.01826e+05   -4.26104e+05
  Conserved En.    Temperature Pres. DC (bar) Pressure (bar)   Constr. rmsd
   -4.26104e+05    3.12943e+02   -3.05961e+02   -3.81016e+02    4.55939e-06



Received the INT signal, stopping within 80 steps

           Step           Time
            320        0.64000

Writing checkpoint, step 320 at Fri May 22 11:32:25 2020


   Energies (kJ/mol)
           Bond            U-B    Proper Dih.  Improper Dih.      CMAP Dih.
    1.44739e+04    6.96753e+04    5.20143e+04    1.07282e+03   -2.11903e+02
          LJ-14     Coulomb-14        LJ (SR)  Disper. corr.   Coulomb (SR)
    1.02867e+04   -3.18417e+04    1.79428e+04   -1.28321e+04   -7.64410e+05
   Coul. recip.   COM Pull En.      Potential    Kinetic En.   Total Energy
    6.66190e+03    4.58516e-01   -6.37168e+05    1.93961e+05   -4.43207e+05
  Conserved En.    Temperature Pres. DC (bar) Pressure (bar)   Constr. rmsd
   -4.25849e+05    3.00748e+02   -3.05961e+02   -1.80384e+02    3.71778e-06


	<======  ###############  ==>
	<====  A V E R A G E S  ====>
	<==  ###############  ======>

	Statistics over 321 steps using 4 frames

   Energies (kJ/mol)
           Bond            U-B    Proper Dih.  Improper Dih.      CMAP Dih.
    1.45047e+04    7.04259e+04    5.21716e+04    1.03195e+03   -2.07975e+02
          LJ-14     Coulomb-14        LJ (SR)  Disper. corr.   Coulomb (SR)
    1.03349e+04   -3.18933e+04    1.70565e+04   -1.28321e+04   -7.60731e+05
   Coul. recip.   COM Pull En.      Potential    Kinetic En.   Total Energy
    6.69786e+03    3.99791e-01   -6.33441e+05    1.97123e+05   -4.36317e+05
  Conserved En.    Temperature Pres. DC (bar) Pressure (bar)   Constr. rmsd
   -4.25979e+05    3.05652e+02   -3.05961e+02   -3.32135e+02    0.00000e+00

   Total Virial (kJ/mol)
    7.41346e+04    1.04480e+03    3.42733e+02
    1.05194e+03    7.04099e+04    8.02167e+02
    3.56263e+02    7.99129e+02    7.34981e+04

   Pressure (bar)
   -4.46365e+02   -5.65143e+01   -2.14807e+01
   -5.68542e+01   -2.57835e+02   -4.13712e+01
   -2.21252e+01   -4.12265e+01   -2.92206e+02

      T-Protein  T-non-Protein
    3.07819e+02    3.05477e+02


	M E G A - F L O P S   A C C O U N T I N G

 NB=Group-cutoff nonbonded kernels    NxN=N-by-N cluster Verlet kernels
 RF=Reaction-Field  VdW=Van der Waals  QSTab=quadratic-spline table
 W3=SPC/TIP3p  W4=TIP4p (single or pairs)
 V&F=Potential and force  V=Potential only  F=Force only

 Computing:                               M-Number         M-Flops  % Flops
-----------------------------------------------------------------------------
 Pair Search distance check             136.867772        1231.810     0.2
 NxN Ewald Elec. + LJ [F]             11319.584520      747092.578    91.0
 NxN Ewald Elec. + LJ [V&F]             179.062200       19159.655     2.3
 NxN LJ [V&F]                             0.002336           0.100     0.0
 NxN Ewald Elec. [F]                    108.746344        6633.527     0.8
 NxN Ewald Elec. [V&F]                    1.737192         145.924     0.0
 1,4 nonbonded interactions              24.495189        2204.567     0.3
 Calc Weights                            69.046137        2485.661     0.3
 Spread Q Bspline                      1472.984256        2945.969     0.4
 Gather F Bspline                      1472.984256        8837.906     1.1
 3D-FFT                                2196.169008       17569.352     2.1
 Solve PME                                0.867984          55.551     0.0
 Shift-X                                  0.358495           2.151     0.0
 Bonds                                    3.704019         218.537     0.0
 Propers                                 29.196876        6686.085     0.8
 Impropers                                0.344112          71.575     0.0
 Virial                                   0.358720           6.457     0.0
 Stop-CM                                  0.358495           3.585     0.0
 Calc-Ekin                                4.732134         127.768     0.0
 Lincs                                    5.526853         331.611     0.0
 Lincs-Mat                               36.926652         147.707     0.0
 Constraint-V                            24.816862         198.535     0.0
 Constraint-Vir                           0.299800           7.195     0.0
 Settle                                   4.613409        1490.131     0.2
 CMAP                                     0.091164         154.979     0.0
 Urey-Bradley                            17.523390        3206.780     0.4
-----------------------------------------------------------------------------
 Total                                                  821015.696   100.0
-----------------------------------------------------------------------------


     R E A L   C Y C L E   A N D   T I M E   A C C O U N T I N G

On 1 MPI rank, each using 16 OpenMP threads

 Computing:          Num   Num      Call    Wall time         Giga-Cycles
                     Ranks Threads  Count      (s)         total sum    %
-----------------------------------------------------------------------------
 Neighbor search        1   16          5       0.221          9.207   2.3
 Force                  1   16        321       5.698        237.036  59.8
 PME mesh               1   16        321       2.116         88.037  22.2
 NB X/F buffer ops.     1   16        637       0.692         28.776   7.3
 COM pull force         1   16        321       0.004          0.159   0.0
 Write traj.            1   16          2       0.129          5.364   1.4
 Update                 1   16        321       0.415         17.265   4.4
 Constraints            1   16        323       0.257         10.686   2.7
-----------------------------------------------------------------------------
 Total                                          9.523        396.172 100.0
-----------------------------------------------------------------------------
 Breakdown of PME mesh computation
-----------------------------------------------------------------------------
 PME spread             1   16        321       0.739         30.741   7.8
 PME gather             1   16        321       0.746         31.046   7.8
 PME 3D-FFT             1   16        642       0.557         23.154   5.8
 PME solve Elec         1   16        321       0.017          0.694   0.2
-----------------------------------------------------------------------------

               Core t (s)   Wall t (s)        (%)
       Time:      152.356        9.523     1599.8
                 (ns/day)    (hour/ns)
Performance:        5.825        4.120
Finished mdrun on rank 0 Fri May 22 11:32:26 2020

