                        :-) GROMACS - GROMACS, 2020 (-:

                            GROMACS is written by:
     Emile Apol      Rossen Apostolov      Paul Bauer     Herman J.C. Berendsen
    Par Bjelkmar      Christian Blau   Viacheslav Bolnykh     Kevin Boyd    
 Aldert van Buuren   Rudi van Drunen     Anton Feenstra       Alan Gray     
  Gerrit Groenhof     Anca Hamuraru    Vincent Hindriksen  M. Eric Irrgang  
  Aleksei Iupinov   Christoph Junghans     Joe Jordan     Dimitrios Karkoulis
    Peter Kasson        Jiri Kraus      Carsten Kutzner      Per Larsson    
  Justin A. Lemkul    Viveca Lindahl    Magnus Lundborg     Erik Marklund   
    Pascal Merz     Pieter Meulenhoff    Teemu Murtola       Szilard Pall   
    Sander Pronk      Roland Schulz      Michael Shirts    Alexey Shvetsov  
   Alfons Sijbers     Peter Tieleman      Jon Vincent      Teemu Virolainen 
 Christian Wennberg    Maarten Wolf      Artem Zhmurov   
                           and the project leaders:
        Mark Abraham, Berk Hess, Erik Lindahl, and David van der Spoel

Copyright (c) 1991-2000, University of Groningen, The Netherlands.
Copyright (c) 2001-2019, The GROMACS development team at
Uppsala University, Stockholm University and
the Royal Institute of Technology, Sweden.
check out http://www.gromacs.org for more information.

GROMACS is free software; you can redistribute it and/or modify it
under the terms of the GNU Lesser General Public License
as published by the Free Software Foundation; either version 2.1
of the License, or (at your option) any later version.

GROMACS:      GROMACS, version 2020
Working dir:  /Users/markopetrovic/Box Sync/Egenstudier/Åk5/P3/Ex-Jobb/StringMethodMaster/Prototypes/P2_Lysozyme/mdrun_1_287964769_0
Process ID:   64277

GROMACS version:    2020
Verified release checksum is c8f31ed8bc66001c3c8d6e5ddb61aab8bb1d400b5f5dba93c53473fa79c1a50a
Precision:          single
Memory model:       64 bit
MPI library:        thread_mpi
OpenMP support:     disabled
GPU support:        disabled
SIMD instructions:  AVX2_256
FFT library:        fftw-3.3.8-sse2
RDTSCP usage:       enabled
TNG support:        enabled
Hwloc support:      disabled
Tracing support:    disabled
C compiler:         /Library/Developer/CommandLineTools/usr/bin/cc AppleClang 11.0.0.11000033
C compiler flags:   -mavx2 -mfma -Wno-unknown-pragmas -fno-stack-check -fno-stack-check
C++ compiler:       /Library/Developer/CommandLineTools/usr/bin/c++ AppleClang 11.0.0.11000033
C++ compiler flags: -mavx2 -mfma -Wno-unknown-pragmas -fno-stack-check -fno-stack-check


Running on 1 node with total 8 cores, 8 logical cores
Hardware detected:
  CPU info:
    Vendor: Intel
    Brand:  Intel(R) Core(TM) i7-6700HQ CPU @ 2.60GHz
    Family: 6   Model: 94   Stepping: 3
    Features: aes apic avx avx2 clfsh cmov cx8 cx16 f16c fma hle htt intel lahf mmx msr nonstop_tsc pcid pclmuldq pdcm pdpe1gb popcnt pse rdrnd rdtscp rtm sse2 sse3 sse4.1 sse4.2 ssse3 tdt x2apic
  Hardware topology: Only logical processor count


++++ PLEASE READ AND CITE THE FOLLOWING REFERENCE ++++
M. J. Abraham, T. Murtola, R. Schulz, S. Páll, J. C. Smith, B. Hess, E.
Lindahl
GROMACS: High performance molecular simulations through multi-level
parallelism from laptops to supercomputers
SoftwareX 1 (2015) pp. 19-25
-------- -------- --- Thank You --- -------- --------


++++ PLEASE READ AND CITE THE FOLLOWING REFERENCE ++++
S. Páll, M. J. Abraham, C. Kutzner, B. Hess, E. Lindahl
Tackling Exascale Software Challenges in Molecular Dynamics Simulations with
GROMACS
In S. Markidis & E. Laure (Eds.), Solving Software Challenges for Exascale 8759 (2015) pp. 3-27
-------- -------- --- Thank You --- -------- --------


++++ PLEASE READ AND CITE THE FOLLOWING REFERENCE ++++
S. Pronk, S. Páll, R. Schulz, P. Larsson, P. Bjelkmar, R. Apostolov, M. R.
Shirts, J. C. Smith, P. M. Kasson, D. van der Spoel, B. Hess, and E. Lindahl
GROMACS 4.5: a high-throughput and highly parallel open source molecular
simulation toolkit
Bioinformatics 29 (2013) pp. 845-54
-------- -------- --- Thank You --- -------- --------


++++ PLEASE READ AND CITE THE FOLLOWING REFERENCE ++++
B. Hess and C. Kutzner and D. van der Spoel and E. Lindahl
GROMACS 4: Algorithms for highly efficient, load-balanced, and scalable
molecular simulation
J. Chem. Theory Comput. 4 (2008) pp. 435-447
-------- -------- --- Thank You --- -------- --------


++++ PLEASE READ AND CITE THE FOLLOWING REFERENCE ++++
D. van der Spoel, E. Lindahl, B. Hess, G. Groenhof, A. E. Mark and H. J. C.
Berendsen
GROMACS: Fast, Flexible and Free
J. Comp. Chem. 26 (2005) pp. 1701-1719
-------- -------- --- Thank You --- -------- --------


++++ PLEASE READ AND CITE THE FOLLOWING REFERENCE ++++
E. Lindahl and B. Hess and D. van der Spoel
GROMACS 3.0: A package for molecular simulation and trajectory analysis
J. Mol. Mod. 7 (2001) pp. 306-317
-------- -------- --- Thank You --- -------- --------


++++ PLEASE READ AND CITE THE FOLLOWING REFERENCE ++++
H. J. C. Berendsen, D. van der Spoel and R. van Drunen
GROMACS: A message-passing parallel molecular dynamics implementation
Comp. Phys. Comm. 91 (1995) pp. 43-56
-------- -------- --- Thank You --- -------- --------


++++ PLEASE CITE THE DOI FOR THIS VERSION OF GROMACS ++++
https://doi.org/10.5281/zenodo.3562495
-------- -------- --- Thank You --- -------- --------

Input Parameters:
   integrator                     = md
   tinit                          = 0
   dt                             = 0.002
   nsteps                         = 50000
   init-step                      = 0
   simulation-part                = 1
   comm-mode                      = Linear
   nstcomm                        = 100
   bd-fric                        = 0
   ld-seed                        = -951284552
   emtol                          = 10
   emstep                         = 0.01
   niter                          = 20
   fcstep                         = 0
   nstcgsteep                     = 1000
   nbfgscorr                      = 10
   rtpi                           = 0.05
   nstxout                        = 500
   nstvout                        = 500
   nstfout                        = 0
   nstlog                         = 500
   nstcalcenergy                  = 100
   nstenergy                      = 500
   nstxout-compressed             = 0
   compressed-x-precision         = 1000
   cutoff-scheme                  = Verlet
   nstlist                        = 10
   pbc                            = xyz
   periodic-molecules             = false
   verlet-buffer-tolerance        = 0.005
   rlist                          = 1
   coulombtype                    = PME
   coulomb-modifier               = Potential-shift
   rcoulomb-switch                = 0
   rcoulomb                       = 1
   epsilon-r                      = 1
   epsilon-rf                     = inf
   vdw-type                       = Cut-off
   vdw-modifier                   = Potential-shift
   rvdw-switch                    = 0
   rvdw                           = 1
   DispCorr                       = EnerPres
   table-extension                = 1
   fourierspacing                 = 0.16
   fourier-nx                     = 44
   fourier-ny                     = 44
   fourier-nz                     = 44
   pme-order                      = 4
   ewald-rtol                     = 1e-05
   ewald-rtol-lj                  = 0.001
   lj-pme-comb-rule               = Geometric
   ewald-geometry                 = 0
   epsilon-surface                = 0
   tcoupl                         = V-rescale
   nsttcouple                     = 10
   nh-chain-length                = 0
   print-nose-hoover-chain-variables = false
   pcoupl                         = No
   pcoupltype                     = Isotropic
   nstpcouple                     = -1
   tau-p                          = 1
   compressibility (3x3):
      compressibility[    0]={ 0.00000e+00,  0.00000e+00,  0.00000e+00}
      compressibility[    1]={ 0.00000e+00,  0.00000e+00,  0.00000e+00}
      compressibility[    2]={ 0.00000e+00,  0.00000e+00,  0.00000e+00}
   ref-p (3x3):
      ref-p[    0]={ 0.00000e+00,  0.00000e+00,  0.00000e+00}
      ref-p[    1]={ 0.00000e+00,  0.00000e+00,  0.00000e+00}
      ref-p[    2]={ 0.00000e+00,  0.00000e+00,  0.00000e+00}
   refcoord-scaling               = No
   posres-com (3):
      posres-com[0]= 0.00000e+00
      posres-com[1]= 0.00000e+00
      posres-com[2]= 0.00000e+00
   posres-comB (3):
      posres-comB[0]= 0.00000e+00
      posres-comB[1]= 0.00000e+00
      posres-comB[2]= 0.00000e+00
   QMMM                           = false
   QMconstraints                  = 0
   QMMMscheme                     = 0
   MMChargeScaleFactor            = 1
qm-opts:
   ngQM                           = 0
   constraint-algorithm           = Lincs
   continuation                   = false
   Shake-SOR                      = false
   shake-tol                      = 0.0001
   lincs-order                    = 4
   lincs-iter                     = 1
   lincs-warnangle                = 30
   nwall                          = 0
   wall-type                      = 9-3
   wall-r-linpot                  = -1
   wall-atomtype[0]               = -1
   wall-atomtype[1]               = -1
   wall-density[0]                = 0
   wall-density[1]                = 0
   wall-ewald-zfac                = 3
   pull                           = false
   awh                            = false
   rotation                       = false
   interactiveMD                  = false
   disre                          = No
   disre-weighting                = Conservative
   disre-mixed                    = false
   dr-fc                          = 1000
   dr-tau                         = 0
   nstdisreout                    = 100
   orire-fc                       = 0
   orire-tau                      = 0
   nstorireout                    = 100
   free-energy                    = no
   cos-acceleration               = 0
   deform (3x3):
      deform[    0]={ 0.00000e+00,  0.00000e+00,  0.00000e+00}
      deform[    1]={ 0.00000e+00,  0.00000e+00,  0.00000e+00}
      deform[    2]={ 0.00000e+00,  0.00000e+00,  0.00000e+00}
   simulated-tempering            = false
   swapcoords                     = no
   userint1                       = 0
   userint2                       = 0
   userint3                       = 0
   userint4                       = 0
   userreal1                      = 0
   userreal2                      = 0
   userreal3                      = 0
   userreal4                      = 0
   applied-forces:
     electric-field:
       x:
         E0                       = 0
         omega                    = 0
         t0                       = 0
         sigma                    = 0
       y:
         E0                       = 0
         omega                    = 0
         t0                       = 0
         sigma                    = 0
       z:
         E0                       = 0
         omega                    = 0
         t0                       = 0
         sigma                    = 0
     density-guided-simulation:
       active                     = false
       group                      = protein
       similarity-measure         = inner-product
       atom-spreading-weight      = unity
       force-constant             = 1e+09
       gaussian-transform-spreading-width = 0.2
       gaussian-transform-spreading-range-in-multiples-of-width = 4
       reference-density-filename = reference.mrc
       nst                        = 1
       normalize-densities        = true
       adaptive-force-scaling     = false
       adaptive-force-scaling-time-constant = 4
grpopts:
   nrdf:     4920.79     63837.2
   ref-t:         300         300
   tau-t:         0.1         0.1
annealing:          No          No
annealing-npoints:           0           0
   acc:	           0           0           0
   nfreeze:           N           N           N
   energygrp-flags[  0]: 0

Changing nstlist from 10 to 50, rlist from 1 to 1.115


Initializing Domain Decomposition on 8 ranks
Dynamic load balancing: locked
Using update groups, nr 11645, average size 2.9 atoms, max. radius 0.103 nm
Minimum cell size due to atom displacement: 0.398 nm
Initial maximum distances in bonded interactions:
    two-body bonded interactions: 0.454 nm, LJ-14, atoms 1156 1405
  multi-body bonded interactions: 0.454 nm, Ryckaert-Bell., atoms 1156 1405
Minimum cell size due to bonded interactions: 0.499 nm
Scaling the initial minimum size with 1/0.8 (option -dds) = 1.25
Using 0 separate PME ranks, as there are too few total
 ranks for efficient splitting
Optimizing the DD grid for 8 cells with a minimum initial size of 0.624 nm
The maximum allowed number of cells is: X 11 Y 11 Z 11
Domain decomposition grid 4 x 2 x 1, separate PME ranks 0
PME domain decomposition: 4 x 2 x 1
Domain decomposition rank 0, coordinates 0 0 0

The initial number of communication pulses is: X 1 Y 1
The initial domain decomposition cell size is: X 1.75 nm Y 3.51 nm

The maximum allowed distance for atom groups involved in interactions is:
                 non-bonded interactions           1.322 nm
            two-body bonded interactions  (-rdd)   1.322 nm
          multi-body bonded interactions  (-rdd)   1.322 nm

When dynamic load balancing gets turned on, these settings will change to:
The maximum number of communication pulses is: X 1 Y 1
The minimum size for domain decomposition cells is 1.322 nm
The requested allowed shrink of DD cells (option -dds) is: 0.80
The allowed shrink of domain decomposition cells is: X 0.75 Y 0.38
The maximum allowed distance for atom groups involved in interactions is:
                 non-bonded interactions           1.322 nm
            two-body bonded interactions  (-rdd)   1.322 nm
          multi-body bonded interactions  (-rdd)   1.322 nm

Using 8 MPI threads
System total charge: -0.000
Will do PME sum in reciprocal space for electrostatic interactions.

++++ PLEASE READ AND CITE THE FOLLOWING REFERENCE ++++
U. Essmann, L. Perera, M. L. Berkowitz, T. Darden, H. Lee and L. G. Pedersen 
A smooth particle mesh Ewald method
J. Chem. Phys. 103 (1995) pp. 8577-8592
-------- -------- --- Thank You --- -------- --------

Using a Gaussian width (1/beta) of 0.320163 nm for Ewald
Potential shift: LJ r^-12: -1.000e+00 r^-6: -1.000e+00, Ewald -1.000e-05
Initialized non-bonded Coulomb Ewald tables, spacing: 9.33e-04 size: 1073

Generated table with 1057 data points for 1-4 COUL.
Tabscale = 500 points/nm
Generated table with 1057 data points for 1-4 LJ6.
Tabscale = 500 points/nm
Generated table with 1057 data points for 1-4 LJ12.
Tabscale = 500 points/nm

Using SIMD 4x8 nonbonded short-range kernels

Using a dual 4x8 pair-list setup updated with dynamic pruning:
  outer list: updated every 50 steps, buffer 0.115 nm, rlist 1.115 nm
  inner list: updated every 12 steps, buffer 0.002 nm, rlist 1.002 nm
At tolerance 0.005 kJ/mol/ps per atom, equivalent classical 1x1 list would be:
  outer list: updated every 50 steps, buffer 0.243 nm, rlist 1.243 nm
  inner list: updated every 12 steps, buffer 0.047 nm, rlist 1.047 nm

Using geometric Lennard-Jones combination rule

Long Range LJ corr.: <C6> 3.1923e-04

Removing pbc first time

Initializing LINear Constraint Solver

++++ PLEASE READ AND CITE THE FOLLOWING REFERENCE ++++
B. Hess and H. Bekker and H. J. C. Berendsen and J. G. E. M. Fraaije
LINCS: A Linear Constraint Solver for molecular simulations
J. Comp. Chem. 18 (1997) pp. 1463-1472
-------- -------- --- Thank You --- -------- --------

The number of constraints is 959

++++ PLEASE READ AND CITE THE FOLLOWING REFERENCE ++++
S. Miyamoto and P. A. Kollman
SETTLE: An Analytical Version of the SHAKE and RATTLE Algorithms for Rigid
Water Models
J. Comp. Chem. 13 (1992) pp. 952-962
-------- -------- --- Thank You --- -------- --------


Linking all bonded interactions to atoms

Intra-simulation communication will occur every 10 steps.

++++ PLEASE READ AND CITE THE FOLLOWING REFERENCE ++++
G. Bussi, D. Donadio and M. Parrinello
Canonical sampling through velocity rescaling
J. Chem. Phys. 126 (2007) pp. 014101
-------- -------- --- Thank You --- -------- --------

There are: 33876 Atoms
Atom distribution over 8 domains: av 4234 stddev 97 min 4140 max 4352

Constraining the starting coordinates (step 0)

Constraining the coordinates at t0-dt (step 0)
Center of mass motion removal mode is Linear
We have the following groups for center of mass motion removal:
  0:  rest
RMS relative constraint deviation after constraining: 0.00e+00
Initial temperature: 301.762 K

Started mdrun on rank 0 Thu Feb 27 17:24:01 2020

           Step           Time
              0        0.00000

   Energies (kJ/mol)
           Bond          Angle    Proper Dih. Ryckaert-Bell.          LJ-14
    2.16816e+02    9.49292e+02    6.95165e+01    1.43417e+03    2.51366e+03
     Coulomb-14        LJ (SR)  Disper. corr.   Coulomb (SR)   Coul. recip.
    7.77844e+03    8.76448e+04   -4.44920e+03   -6.89787e+05    2.90486e+03
 Position Rest.      Potential    Kinetic En.   Total Energy  Conserved En.
    1.25584e-03   -5.90725e+05    8.62646e+04   -5.04460e+05   -5.04460e+05
    Temperature Pres. DC (bar) Pressure (bar)   Constr. rmsd
    3.01790e+02   -2.14729e+02   -5.42523e+03    3.25272e-06


DD  step 49 load imb.: force 11.1%

step 100 Turning on dynamic load balancing, because the performance loss due to load imbalance is 2.8 %.

DD  step 499  vol min/aver 0.928  load imb.: force 11.6%
           Step           Time
            500        1.00000

   Energies (kJ/mol)
           Bond          Angle    Proper Dih. Ryckaert-Bell.          LJ-14
    1.33690e+03    3.58561e+03    2.51456e+02    1.88826e+03    2.73047e+03
     Coulomb-14        LJ (SR)  Disper. corr.   Coulomb (SR)   Coul. recip.
    7.77802e+03    9.21992e+04   -4.44920e+03   -6.27497e+05    3.03326e+03
 Position Rest.      Potential    Kinetic En.   Total Energy  Conserved En.
    5.38705e+02   -5.18604e+05    8.56687e+04   -4.32936e+05   -5.03611e+05
    Temperature Pres. DC (bar) Pressure (bar)   Constr. rmsd
    2.99705e+02   -2.14729e+02   -3.82837e+02    2.71338e-06


DD  step 999  vol min/aver 0.928  load imb.: force  7.8%
           Step           Time
           1000        2.00000

   Energies (kJ/mol)
           Bond          Angle    Proper Dih. Ryckaert-Bell.          LJ-14
    1.46363e+03    3.58975e+03    2.21056e+02    1.92121e+03    2.77074e+03
     Coulomb-14        LJ (SR)  Disper. corr.   Coulomb (SR)   Coul. recip.
    7.73600e+03    9.11618e+04   -4.44920e+03   -6.27593e+05    3.06265e+03
 Position Rest.      Potential    Kinetic En.   Total Energy  Conserved En.
    5.14665e+02   -5.19601e+05    8.59908e+04   -4.33610e+05   -5.03570e+05
    Temperature Pres. DC (bar) Pressure (bar)   Constr. rmsd
    3.00832e+02   -2.14729e+02   -2.62014e+02    2.54879e-06


DD  step 1499  vol min/aver 0.951  load imb.: force  3.8%
           Step           Time
           1500        3.00000

   Energies (kJ/mol)
           Bond          Angle    Proper Dih. Ryckaert-Bell.          LJ-14
    1.45724e+03    3.63892e+03    2.37195e+02    1.93097e+03    2.65308e+03
     Coulomb-14        LJ (SR)  Disper. corr.   Coulomb (SR)   Coul. recip.
    7.69607e+03    9.18303e+04   -4.44920e+03   -6.30089e+05    3.00732e+03
 Position Rest.      Potential    Kinetic En.   Total Energy  Conserved En.
    5.27591e+02   -5.21560e+05    8.63103e+04   -4.35250e+05   -5.03595e+05
    Temperature Pres. DC (bar) Pressure (bar)   Constr. rmsd
    3.01950e+02   -2.14729e+02   -3.03664e+02    2.93262e-06


DD  step 1999  vol min/aver 0.913  load imb.: force  7.9%
           Step           Time
           2000        4.00000

   Energies (kJ/mol)
           Bond          Angle    Proper Dih. Ryckaert-Bell.          LJ-14
    1.34293e+03    3.63281e+03    2.46565e+02    1.82008e+03    2.73933e+03
     Coulomb-14        LJ (SR)  Disper. corr.   Coulomb (SR)   Coul. recip.
    7.69746e+03    9.14612e+04   -4.44920e+03   -6.30445e+05    3.12689e+03
 Position Rest.      Potential    Kinetic En.   Total Energy  Conserved En.
    5.59813e+02   -5.22267e+05    8.49830e+04   -4.37284e+05   -5.03591e+05
    Temperature Pres. DC (bar) Pressure (bar)   Constr. rmsd
    2.97307e+02   -2.14729e+02   -4.29333e+02    2.85420e-06


DD  step 2499  vol min/aver 0.949  load imb.: force  6.6%
           Step           Time
           2500        5.00000

   Energies (kJ/mol)
           Bond          Angle    Proper Dih. Ryckaert-Bell.          LJ-14
    1.39964e+03    3.65445e+03    2.71722e+02    1.91521e+03    2.71334e+03
     Coulomb-14        LJ (SR)  Disper. corr.   Coulomb (SR)   Coul. recip.
    7.72337e+03    9.18702e+04   -4.44920e+03   -6.30289e+05    2.99872e+03
 Position Rest.      Potential    Kinetic En.   Total Energy  Conserved En.
    5.16931e+02   -5.21675e+05    8.56638e+04   -4.36011e+05   -5.03590e+05
    Temperature Pres. DC (bar) Pressure (bar)   Constr. rmsd
    2.99688e+02   -2.14729e+02   -2.32818e+02    2.82833e-06


DD  step 2999  vol min/aver 0.947  load imb.: force  6.1%
           Step           Time
           3000        6.00000

   Energies (kJ/mol)
           Bond          Angle    Proper Dih. Ryckaert-Bell.          LJ-14
    1.47621e+03    3.63697e+03    2.49845e+02    1.93238e+03    2.71342e+03
     Coulomb-14        LJ (SR)  Disper. corr.   Coulomb (SR)   Coul. recip.
    7.74068e+03    9.05883e+04   -4.44920e+03   -6.28922e+05    2.97889e+03
 Position Rest.      Potential    Kinetic En.   Total Energy  Conserved En.
    5.07461e+02   -5.21547e+05    8.51202e+04   -4.36427e+05   -5.03580e+05
    Temperature Pres. DC (bar) Pressure (bar)   Constr. rmsd
    2.97787e+02   -2.14729e+02   -5.38349e+02    2.51573e-06


DD  step 3499  vol min/aver 0.911  load imb.: force  4.4%
           Step           Time
           3500        7.00000

   Energies (kJ/mol)
           Bond          Angle    Proper Dih. Ryckaert-Bell.          LJ-14
    1.44005e+03    3.65459e+03    2.54002e+02    1.90438e+03    2.72689e+03
     Coulomb-14        LJ (SR)  Disper. corr.   Coulomb (SR)   Coul. recip.
    7.74389e+03    9.12790e+04   -4.44920e+03   -6.30164e+05    2.99257e+03
 Position Rest.      Potential    Kinetic En.   Total Energy  Conserved En.
    5.86907e+02   -5.22031e+05    8.56843e+04   -4.36347e+05   -5.03568e+05
    Temperature Pres. DC (bar) Pressure (bar)   Constr. rmsd
    2.99760e+02   -2.14729e+02   -8.39701e+02    2.67400e-06


DD  step 3999  vol min/aver 0.935  load imb.: force  3.9%
           Step           Time
           4000        8.00000

   Energies (kJ/mol)
           Bond          Angle    Proper Dih. Ryckaert-Bell.          LJ-14
    1.35476e+03    3.56019e+03    2.44391e+02    1.85134e+03    2.73865e+03
     Coulomb-14        LJ (SR)  Disper. corr.   Coulomb (SR)   Coul. recip.
    7.82562e+03    9.30257e+04   -4.44920e+03   -6.32092e+05    3.06092e+03
 Position Rest.      Potential    Kinetic En.   Total Energy  Conserved En.
    4.99909e+02   -5.22380e+05    8.53472e+04   -4.37032e+05   -5.03581e+05
    Temperature Pres. DC (bar) Pressure (bar)   Constr. rmsd
    2.98581e+02   -2.14729e+02   -2.58752e+02    2.91442e-06


DD  step 4499  vol min/aver 0.937  load imb.: force  6.1%
           Step           Time
           4500        9.00000

   Energies (kJ/mol)
           Bond          Angle    Proper Dih. Ryckaert-Bell.          LJ-14
    1.43457e+03    3.79210e+03    2.52413e+02    1.82409e+03    2.71342e+03
     Coulomb-14        LJ (SR)  Disper. corr.   Coulomb (SR)   Coul. recip.
    7.76129e+03    9.11745e+04   -4.44920e+03   -6.29806e+05    3.02006e+03
 Position Rest.      Potential    Kinetic En.   Total Energy  Conserved En.
    4.68418e+02   -5.21815e+05    8.59012e+04   -4.35914e+05   -5.03557e+05
    Temperature Pres. DC (bar) Pressure (bar)   Constr. rmsd
    3.00519e+02   -2.14729e+02   -3.56716e+02    2.82444e-06


DD  step 4999  vol min/aver 0.927  load imb.: force  2.6%
           Step           Time
           5000       10.00000

   Energies (kJ/mol)
           Bond          Angle    Proper Dih. Ryckaert-Bell.          LJ-14
    1.47213e+03    3.67294e+03    2.36286e+02    1.83833e+03    2.70640e+03
     Coulomb-14        LJ (SR)  Disper. corr.   Coulomb (SR)   Coul. recip.
    7.76636e+03    9.07249e+04   -4.44920e+03   -6.30059e+05    3.05705e+03
 Position Rest.      Potential    Kinetic En.   Total Energy  Conserved En.
    5.27199e+02   -5.22506e+05    8.48547e+04   -4.37652e+05   -5.03564e+05
    Temperature Pres. DC (bar) Pressure (bar)   Constr. rmsd
    2.96858e+02   -2.14729e+02   -7.91781e+02    3.04150e-06


DD  step 5499  vol min/aver 0.950  load imb.: force  4.4%
           Step           Time
           5500       11.00000

   Energies (kJ/mol)
           Bond          Angle    Proper Dih. Ryckaert-Bell.          LJ-14
    1.39096e+03    3.80416e+03    2.33074e+02    1.89280e+03    2.60954e+03
     Coulomb-14        LJ (SR)  Disper. corr.   Coulomb (SR)   Coul. recip.
    7.74329e+03    9.07627e+04   -4.44920e+03   -6.29604e+05    3.12816e+03
 Position Rest.      Potential    Kinetic En.   Total Energy  Conserved En.
    4.97974e+02   -5.21990e+05    8.51470e+04   -4.36843e+05   -5.03563e+05
    Temperature Pres. DC (bar) Pressure (bar)   Constr. rmsd
    2.97880e+02   -2.14729e+02   -5.15731e+02    3.61632e-06


DD  step 5999  vol min/aver 0.951  load imb.: force  1.6%
           Step           Time
           6000       12.00000

   Energies (kJ/mol)
           Bond          Angle    Proper Dih. Ryckaert-Bell.          LJ-14
    1.51062e+03    3.69648e+03    2.39053e+02    1.83731e+03    2.71072e+03
     Coulomb-14        LJ (SR)  Disper. corr.   Coulomb (SR)   Coul. recip.
    7.76166e+03    9.22009e+04   -4.44920e+03   -6.29901e+05    2.96635e+03
 Position Rest.      Potential    Kinetic En.   Total Energy  Conserved En.
    5.27901e+02   -5.20900e+05    8.68311e+04   -4.34069e+05   -5.03583e+05
    Temperature Pres. DC (bar) Pressure (bar)   Constr. rmsd
    3.03772e+02   -2.14729e+02   -3.12842e+02    3.07276e-06


DD  step 6499  vol min/aver 0.935  load imb.: force  1.4%
           Step           Time
           6500       13.00000

   Energies (kJ/mol)
           Bond          Angle    Proper Dih. Ryckaert-Bell.          LJ-14
    1.46462e+03    3.67477e+03    2.68057e+02    1.91331e+03    2.68846e+03
     Coulomb-14        LJ (SR)  Disper. corr.   Coulomb (SR)   Coul. recip.
    7.65221e+03    9.10779e+04   -4.44920e+03   -6.29597e+05    2.98285e+03
 Position Rest.      Potential    Kinetic En.   Total Energy  Conserved En.
    5.09446e+02   -5.21815e+05    8.63841e+04   -4.35431e+05   -5.03589e+05
    Temperature Pres. DC (bar) Pressure (bar)   Constr. rmsd
    3.02208e+02   -2.14729e+02   -5.96208e+02    3.35203e-06


DD  step 6999  vol min/aver 0.945  load imb.: force  2.0%
           Step           Time
           7000       14.00000

   Energies (kJ/mol)
           Bond          Angle    Proper Dih. Ryckaert-Bell.          LJ-14
    1.58198e+03    3.71176e+03    2.55577e+02    1.94743e+03    2.68411e+03
     Coulomb-14        LJ (SR)  Disper. corr.   Coulomb (SR)   Coul. recip.
    7.74498e+03    9.18540e+04   -4.44920e+03   -6.29860e+05    3.02303e+03
 Position Rest.      Potential    Kinetic En.   Total Energy  Conserved En.
    4.95381e+02   -5.21011e+05    8.64075e+04   -4.34604e+05   -5.03574e+05
    Temperature Pres. DC (bar) Pressure (bar)   Constr. rmsd
    3.02290e+02   -2.14729e+02   -7.15515e+02    2.56464e-06


DD  step 7499  vol min/aver 0.931  load imb.: force  0.8%
           Step           Time
           7500       15.00000

   Energies (kJ/mol)
           Bond          Angle    Proper Dih. Ryckaert-Bell.          LJ-14
    1.39949e+03    3.97997e+03    2.24470e+02    1.87999e+03    2.66592e+03
     Coulomb-14        LJ (SR)  Disper. corr.   Coulomb (SR)   Coul. recip.
    7.75965e+03    9.05257e+04   -4.44920e+03   -6.28286e+05    3.08547e+03
 Position Rest.      Potential    Kinetic En.   Total Energy  Conserved En.
    4.90888e+02   -5.20723e+05    8.57604e+04   -4.34963e+05   -5.03566e+05
    Temperature Pres. DC (bar) Pressure (bar)   Constr. rmsd
    3.00026e+02   -2.14729e+02   -6.40074e+02    2.67888e-06


DD  step 7999  vol min/aver 0.925  load imb.: force  3.5%
           Step           Time
           8000       16.00000

   Energies (kJ/mol)
           Bond          Angle    Proper Dih. Ryckaert-Bell.          LJ-14
    1.44609e+03    3.74970e+03    2.54285e+02    1.89175e+03    2.63682e+03
     Coulomb-14        LJ (SR)  Disper. corr.   Coulomb (SR)   Coul. recip.
    7.73088e+03    9.23938e+04   -4.44920e+03   -6.31656e+05    2.98130e+03
 Position Rest.      Potential    Kinetic En.   Total Energy  Conserved En.
    5.20678e+02   -5.22500e+05    8.58814e+04   -4.36619e+05   -5.03572e+05
    Temperature Pres. DC (bar) Pressure (bar)   Constr. rmsd
    3.00450e+02   -2.14729e+02   -6.48131e+02    2.78984e-06


DD  step 8499  vol min/aver 0.923  load imb.: force  1.7%
           Step           Time
           8500       17.00000

   Energies (kJ/mol)
           Bond          Angle    Proper Dih. Ryckaert-Bell.          LJ-14
    1.61530e+03    3.61532e+03    2.57770e+02    1.86395e+03    2.70469e+03
     Coulomb-14        LJ (SR)  Disper. corr.   Coulomb (SR)   Coul. recip.
    7.90784e+03    9.28380e+04   -4.44920e+03   -6.32696e+05    2.98398e+03
 Position Rest.      Potential    Kinetic En.   Total Energy  Conserved En.
    5.93027e+02   -5.22765e+05    8.62638e+04   -4.36501e+05   -5.03566e+05
    Temperature Pres. DC (bar) Pressure (bar)   Constr. rmsd
    3.01787e+02   -2.14729e+02   -5.30488e+02    2.63915e-06


DD  step 8999  vol min/aver 0.933  load imb.: force  1.6%
           Step           Time
           9000       18.00000

   Energies (kJ/mol)
           Bond          Angle    Proper Dih. Ryckaert-Bell.          LJ-14
    1.47798e+03    3.79865e+03    2.49413e+02    1.85680e+03    2.72500e+03
     Coulomb-14        LJ (SR)  Disper. corr.   Coulomb (SR)   Coul. recip.
    7.79518e+03    9.17594e+04   -4.44920e+03   -6.31475e+05    2.92493e+03
 Position Rest.      Potential    Kinetic En.   Total Energy  Conserved En.
    4.99048e+02   -5.22838e+05    8.54341e+04   -4.37404e+05   -5.03540e+05
    Temperature Pres. DC (bar) Pressure (bar)   Constr. rmsd
    2.98885e+02   -2.14729e+02   -6.05341e+02    2.56716e-06


DD  step 9499  vol min/aver 0.940  load imb.: force  2.5%
           Step           Time
           9500       19.00000

   Energies (kJ/mol)
           Bond          Angle    Proper Dih. Ryckaert-Bell.          LJ-14
    1.41357e+03    3.66884e+03    2.30310e+02    1.82700e+03    2.72694e+03
     Coulomb-14        LJ (SR)  Disper. corr.   Coulomb (SR)   Coul. recip.
    7.75113e+03    9.26595e+04   -4.44920e+03   -6.32197e+05    2.95807e+03
 Position Rest.      Potential    Kinetic En.   Total Energy  Conserved En.
    5.35241e+02   -5.22875e+05    8.56405e+04   -4.37235e+05   -5.03558e+05
    Temperature Pres. DC (bar) Pressure (bar)   Constr. rmsd
    2.99607e+02   -2.14729e+02   -3.31677e+02    3.00043e-06


DD  step 9999  vol min/aver 0.951  load imb.: force  1.8%
           Step           Time
          10000       20.00000

   Energies (kJ/mol)
           Bond          Angle    Proper Dih. Ryckaert-Bell.          LJ-14
    1.59427e+03    3.67480e+03    2.24613e+02    1.90147e+03    2.60036e+03
     Coulomb-14        LJ (SR)  Disper. corr.   Coulomb (SR)   Coul. recip.
    7.74706e+03    9.22056e+04   -4.44920e+03   -6.32986e+05    2.93827e+03
 Position Rest.      Potential    Kinetic En.   Total Energy  Conserved En.
    4.95337e+02   -5.24054e+05    8.55718e+04   -4.38482e+05   -5.03539e+05
    Temperature Pres. DC (bar) Pressure (bar)   Constr. rmsd
    2.99367e+02   -2.14729e+02   -6.96942e+02    2.58640e-06


DD  step 10499  vol min/aver 0.939  load imb.: force  1.6%
           Step           Time
          10500       21.00000

   Energies (kJ/mol)
           Bond          Angle    Proper Dih. Ryckaert-Bell.          LJ-14
    1.48560e+03    3.59232e+03    2.43551e+02    1.88182e+03    2.71886e+03
     Coulomb-14        LJ (SR)  Disper. corr.   Coulomb (SR)   Coul. recip.
    7.71894e+03    9.19568e+04   -4.44920e+03   -6.31703e+05    3.05963e+03
 Position Rest.      Potential    Kinetic En.   Total Energy  Conserved En.
    5.35491e+02   -5.22959e+05    8.56458e+04   -4.37314e+05   -5.03554e+05
    Temperature Pres. DC (bar) Pressure (bar)   Constr. rmsd
    2.99625e+02   -2.14729e+02   -4.30966e+02    2.69148e-06


DD  step 10999  vol min/aver 0.924  load imb.: force  2.2%
           Step           Time
          11000       22.00000

   Energies (kJ/mol)
           Bond          Angle    Proper Dih. Ryckaert-Bell.          LJ-14
    1.51129e+03    3.61696e+03    2.83544e+02    1.98092e+03    2.71965e+03
     Coulomb-14        LJ (SR)  Disper. corr.   Coulomb (SR)   Coul. recip.
    7.86453e+03    9.28381e+04   -4.44920e+03   -6.32635e+05    2.98074e+03
 Position Rest.      Potential    Kinetic En.   Total Energy  Conserved En.
    5.08141e+02   -5.22780e+05    8.57644e+04   -4.37016e+05   -5.03546e+05
    Temperature Pres. DC (bar) Pressure (bar)   Constr. rmsd
    3.00040e+02   -2.14729e+02   -3.62531e+02    3.02627e-06


DD  step 11499  vol min/aver 0.940  load imb.: force  4.0%
           Step           Time
          11500       23.00000

   Energies (kJ/mol)
           Bond          Angle    Proper Dih. Ryckaert-Bell.          LJ-14
    1.53558e+03    3.75200e+03    2.60059e+02    1.93287e+03    2.68029e+03
     Coulomb-14        LJ (SR)  Disper. corr.   Coulomb (SR)   Coul. recip.
    7.81012e+03    9.13949e+04   -4.44920e+03   -6.30598e+05    3.07426e+03
 Position Rest.      Potential    Kinetic En.   Total Energy  Conserved En.
    5.60207e+02   -5.22047e+05    8.53473e+04   -4.36700e+05   -5.03545e+05
    Temperature Pres. DC (bar) Pressure (bar)   Constr. rmsd
    2.98581e+02   -2.14729e+02   -8.41911e+02    2.89914e-06


DD  step 11999  vol min/aver 0.912  load imb.: force  2.0%
           Step           Time
          12000       24.00000

   Energies (kJ/mol)
           Bond          Angle    Proper Dih. Ryckaert-Bell.          LJ-14
    1.49002e+03    3.84403e+03    2.81405e+02    1.97038e+03    2.68495e+03
     Coulomb-14        LJ (SR)  Disper. corr.   Coulomb (SR)   Coul. recip.
    7.76227e+03    9.19220e+04   -4.44920e+03   -6.30694e+05    3.01623e+03
 Position Rest.      Potential    Kinetic En.   Total Energy  Conserved En.
    5.27773e+02   -5.21644e+05    8.70277e+04   -4.34616e+05   -5.03566e+05
    Temperature Pres. DC (bar) Pressure (bar)   Constr. rmsd
    3.04460e+02   -2.14729e+02   -2.71570e+02    2.73643e-06


DD  step 12499  vol min/aver 0.918  load imb.: force  1.6%
           Step           Time
          12500       25.00000

   Energies (kJ/mol)
           Bond          Angle    Proper Dih. Ryckaert-Bell.          LJ-14
    1.50730e+03    3.83989e+03    3.11947e+02    1.88112e+03    2.68792e+03
     Coulomb-14        LJ (SR)  Disper. corr.   Coulomb (SR)   Coul. recip.
    7.77433e+03    9.21923e+04   -4.44920e+03   -6.30744e+05    3.00686e+03
 Position Rest.      Potential    Kinetic En.   Total Energy  Conserved En.
    5.33268e+02   -5.21458e+05    8.66105e+04   -4.34848e+05   -5.03563e+05
    Temperature Pres. DC (bar) Pressure (bar)   Constr. rmsd
    3.03000e+02   -2.14729e+02   -5.31081e+02    2.93741e-06


DD  step 12999  vol min/aver 0.913  load imb.: force  1.2%
           Step           Time
          13000       26.00000

   Energies (kJ/mol)
           Bond          Angle    Proper Dih. Ryckaert-Bell.          LJ-14
    1.45088e+03    3.82855e+03    2.17263e+02    1.81271e+03    2.73079e+03
     Coulomb-14        LJ (SR)  Disper. corr.   Coulomb (SR)   Coul. recip.
    7.74788e+03    9.22324e+04   -4.44920e+03   -6.31397e+05    3.00594e+03
 Position Rest.      Potential    Kinetic En.   Total Energy  Conserved En.
    5.32258e+02   -5.22287e+05    8.57460e+04   -4.36541e+05   -5.03545e+05
    Temperature Pres. DC (bar) Pressure (bar)   Constr. rmsd
    2.99976e+02   -2.14729e+02   -2.28633e+02    2.97793e-06


DD  step 13499  vol min/aver 0.946  load imb.: force  2.9%
           Step           Time
          13500       27.00000

   Energies (kJ/mol)
           Bond          Angle    Proper Dih. Ryckaert-Bell.          LJ-14
    1.43995e+03    3.74253e+03    2.40708e+02    1.88680e+03    2.68333e+03
     Coulomb-14        LJ (SR)  Disper. corr.   Coulomb (SR)   Coul. recip.
    7.70841e+03    9.19996e+04   -4.44920e+03   -6.31269e+05    2.92841e+03
 Position Rest.      Potential    Kinetic En.   Total Energy  Conserved En.
    5.21660e+02   -5.22567e+05    8.61004e+04   -4.36467e+05   -5.03564e+05
    Temperature Pres. DC (bar) Pressure (bar)   Constr. rmsd
    3.01216e+02   -2.14729e+02   -6.02030e+02    3.43194e-06


DD  step 13999  vol min/aver 0.910  load imb.: force  2.6%
           Step           Time
          14000       28.00000

   Energies (kJ/mol)
           Bond          Angle    Proper Dih. Ryckaert-Bell.          LJ-14
    1.55829e+03    3.64157e+03    2.30139e+02    1.88615e+03    2.60527e+03
     Coulomb-14        LJ (SR)  Disper. corr.   Coulomb (SR)   Coul. recip.
    7.69805e+03    9.14835e+04   -4.44920e+03   -6.30909e+05    3.05980e+03
 Position Rest.      Potential    Kinetic En.   Total Energy  Conserved En.
    5.28937e+02   -5.22667e+05    8.65522e+04   -4.36114e+05   -5.03548e+05
    Temperature Pres. DC (bar) Pressure (bar)   Constr. rmsd
    3.02797e+02   -2.14729e+02   -5.94751e+02    3.01518e-06


DD  step 14499  vol min/aver 0.943  load imb.: force  0.5%
           Step           Time
          14500       29.00000

   Energies (kJ/mol)
           Bond          Angle    Proper Dih. Ryckaert-Bell.          LJ-14
    1.45297e+03    3.72353e+03    2.13118e+02    1.85581e+03    2.67538e+03
     Coulomb-14        LJ (SR)  Disper. corr.   Coulomb (SR)   Coul. recip.
    7.70886e+03    9.19300e+04   -4.44920e+03   -6.30915e+05    3.03034e+03
 Position Rest.      Potential    Kinetic En.   Total Energy  Conserved En.
    5.11988e+02   -5.22262e+05    8.54196e+04   -4.36842e+05   -5.03550e+05
    Temperature Pres. DC (bar) Pressure (bar)   Constr. rmsd
    2.98834e+02   -2.14729e+02   -6.10133e+02    2.79151e-06


DD  step 14999  vol min/aver 0.925  load imb.: force  2.4%
           Step           Time
          15000       30.00000

   Energies (kJ/mol)
           Bond          Angle    Proper Dih. Ryckaert-Bell.          LJ-14
    1.42787e+03    3.65965e+03    2.46348e+02    1.83711e+03    2.71021e+03
     Coulomb-14        LJ (SR)  Disper. corr.   Coulomb (SR)   Coul. recip.
    7.74727e+03    9.31779e+04   -4.44920e+03   -6.33377e+05    2.99858e+03
 Position Rest.      Potential    Kinetic En.   Total Energy  Conserved En.
    5.12487e+02   -5.23508e+05    8.55983e+04   -4.37910e+05   -5.03531e+05
    Temperature Pres. DC (bar) Pressure (bar)   Constr. rmsd
    2.99459e+02   -2.14729e+02   -5.55551e+02    2.85424e-06


DD  step 15499  vol min/aver 0.949  load imb.: force  5.2%
           Step           Time
          15500       31.00000

   Energies (kJ/mol)
           Bond          Angle    Proper Dih. Ryckaert-Bell.          LJ-14
    1.52752e+03    3.76349e+03    2.38304e+02    1.87538e+03    2.60842e+03
     Coulomb-14        LJ (SR)  Disper. corr.   Coulomb (SR)   Coul. recip.
    7.78454e+03    9.16236e+04   -4.44920e+03   -6.31126e+05    3.07270e+03
 Position Rest.      Potential    Kinetic En.   Total Energy  Conserved En.
    5.71128e+02   -5.22510e+05    8.52933e+04   -4.37216e+05   -5.03523e+05
    Temperature Pres. DC (bar) Pressure (bar)   Constr. rmsd
    2.98392e+02   -2.14729e+02   -7.02698e+02    3.11309e-06


DD  step 15999  vol min/aver 0.945  load imb.: force  3.0%
           Step           Time
          16000       32.00000

   Energies (kJ/mol)
           Bond          Angle    Proper Dih. Ryckaert-Bell.          LJ-14
    1.48424e+03    3.70676e+03    2.04044e+02    1.81629e+03    2.74625e+03
     Coulomb-14        LJ (SR)  Disper. corr.   Coulomb (SR)   Coul. recip.
    7.87104e+03    9.07122e+04   -4.44920e+03   -6.30079e+05    2.95941e+03
 Position Rest.      Potential    Kinetic En.   Total Energy  Conserved En.
    4.94167e+02   -5.22534e+05    8.56681e+04   -4.36866e+05   -5.03536e+05
    Temperature Pres. DC (bar) Pressure (bar)   Constr. rmsd
    2.99703e+02   -2.14729e+02   -4.63976e+02    3.40217e-06


DD  step 16499  vol min/aver 0.945  load imb.: force  3.3%
           Step           Time
          16500       33.00000

   Energies (kJ/mol)
           Bond          Angle    Proper Dih. Ryckaert-Bell.          LJ-14
    1.40098e+03    3.60472e+03    2.90024e+02    1.89762e+03    2.74484e+03
     Coulomb-14        LJ (SR)  Disper. corr.   Coulomb (SR)   Coul. recip.
    7.88161e+03    9.30126e+04   -4.44920e+03   -6.34277e+05    3.04908e+03
 Position Rest.      Potential    Kinetic En.   Total Energy  Conserved En.
    5.16467e+02   -5.24328e+05    8.59588e+04   -4.38369e+05   -5.03555e+05
    Temperature Pres. DC (bar) Pressure (bar)   Constr. rmsd
    3.00721e+02   -2.14729e+02   -2.39578e+02    2.59716e-06


DD  step 16999  vol min/aver 0.945  load imb.: force  1.8%
           Step           Time
          17000       34.00000

   Energies (kJ/mol)
           Bond          Angle    Proper Dih. Ryckaert-Bell.          LJ-14
    1.52195e+03    3.77518e+03    2.49438e+02    1.90790e+03    2.66814e+03
     Coulomb-14        LJ (SR)  Disper. corr.   Coulomb (SR)   Coul. recip.
    7.77839e+03    9.30805e+04   -4.44920e+03   -6.32140e+05    3.08066e+03
 Position Rest.      Potential    Kinetic En.   Total Energy  Conserved En.
    4.99814e+02   -5.22028e+05    8.64319e+04   -4.35596e+05   -5.03542e+05
    Temperature Pres. DC (bar) Pressure (bar)   Constr. rmsd
    3.02375e+02   -2.14729e+02   -4.83641e+02    2.92583e-06


DD  step 17499  vol min/aver 0.937  load imb.: force  4.6%
           Step           Time
          17500       35.00000

   Energies (kJ/mol)
           Bond          Angle    Proper Dih. Ryckaert-Bell.          LJ-14
    1.37404e+03    3.68066e+03    2.64204e+02    1.87158e+03    2.70939e+03
     Coulomb-14        LJ (SR)  Disper. corr.   Coulomb (SR)   Coul. recip.
    7.65350e+03    9.16159e+04   -4.44920e+03   -6.30572e+05    3.03547e+03
 Position Rest.      Potential    Kinetic En.   Total Energy  Conserved En.
    5.37067e+02   -5.22280e+05    8.54637e+04   -4.36816e+05   -5.03546e+05
    Temperature Pres. DC (bar) Pressure (bar)   Constr. rmsd
    2.98989e+02   -2.14729e+02   -4.24611e+02    2.77084e-06


DD  step 17999  vol min/aver 0.936  load imb.: force  3.6%
           Step           Time
          18000       36.00000

   Energies (kJ/mol)
           Bond          Angle    Proper Dih. Ryckaert-Bell.          LJ-14
    1.28220e+03    3.76699e+03    2.59183e+02    1.88324e+03    2.71702e+03
     Coulomb-14        LJ (SR)  Disper. corr.   Coulomb (SR)   Coul. recip.
    7.72792e+03    9.23205e+04   -4.44920e+03   -6.32082e+05    2.94971e+03
 Position Rest.      Potential    Kinetic En.   Total Energy  Conserved En.
    5.03031e+02   -5.23122e+05    8.50389e+04   -4.38083e+05   -5.03539e+05
    Temperature Pres. DC (bar) Pressure (bar)   Constr. rmsd
    2.97502e+02   -2.14729e+02   -6.81226e+02    2.55928e-06


DD  step 18499  vol min/aver 0.931  load imb.: force  2.1%
           Step           Time
          18500       37.00000

   Energies (kJ/mol)
           Bond          Angle    Proper Dih. Ryckaert-Bell.          LJ-14
    1.58895e+03    3.73911e+03    2.41810e+02    1.88791e+03    2.56849e+03
     Coulomb-14        LJ (SR)  Disper. corr.   Coulomb (SR)   Coul. recip.
    7.70043e+03    9.13376e+04   -4.44920e+03   -6.30870e+05    2.93434e+03
 Position Rest.      Potential    Kinetic En.   Total Energy  Conserved En.
    4.90939e+02   -5.22829e+05    8.54974e+04   -4.37332e+05   -5.03531e+05
    Temperature Pres. DC (bar) Pressure (bar)   Constr. rmsd
    2.99106e+02   -2.14729e+02   -6.87120e+02    2.84728e-06


DD  step 18999  vol min/aver 0.937  load imb.: force  1.9%
           Step           Time
          19000       38.00000

   Energies (kJ/mol)
           Bond          Angle    Proper Dih. Ryckaert-Bell.          LJ-14
    1.31802e+03    3.68712e+03    2.44314e+02    1.87335e+03    2.68156e+03
     Coulomb-14        LJ (SR)  Disper. corr.   Coulomb (SR)   Coul. recip.
    7.74160e+03    9.24385e+04   -4.44920e+03   -6.32583e+05    2.97152e+03
 Position Rest.      Potential    Kinetic En.   Total Energy  Conserved En.
    4.78551e+02   -5.23598e+05    8.50381e+04   -4.38559e+05   -5.03552e+05
    Temperature Pres. DC (bar) Pressure (bar)   Constr. rmsd
    2.97499e+02   -2.14729e+02   -5.98544e+02    2.75699e-06


DD  step 19499  vol min/aver 0.935  load imb.: force  3.5%
           Step           Time
          19500       39.00000

   Energies (kJ/mol)
           Bond          Angle    Proper Dih. Ryckaert-Bell.          LJ-14
    1.37551e+03    3.74627e+03    2.32887e+02    1.89463e+03    2.69248e+03
     Coulomb-14        LJ (SR)  Disper. corr.   Coulomb (SR)   Coul. recip.
    7.66197e+03    9.26561e+04   -4.44920e+03   -6.32578e+05    3.08435e+03
 Position Rest.      Potential    Kinetic En.   Total Energy  Conserved En.
    5.23185e+02   -5.23159e+05    8.56269e+04   -4.37532e+05   -5.03544e+05
    Temperature Pres. DC (bar) Pressure (bar)   Constr. rmsd
    2.99559e+02   -2.14729e+02   -3.57655e+02    2.86226e-06


DD  step 19999  vol min/aver 0.932  load imb.: force  5.2%
           Step           Time
          20000       40.00000

   Energies (kJ/mol)
           Bond          Angle    Proper Dih. Ryckaert-Bell.          LJ-14
    1.39005e+03    3.86522e+03    2.67534e+02    1.82414e+03    2.65163e+03
     Coulomb-14        LJ (SR)  Disper. corr.   Coulomb (SR)   Coul. recip.
    7.75548e+03    9.06881e+04   -4.44920e+03   -6.29643e+05    3.03785e+03
 Position Rest.      Potential    Kinetic En.   Total Energy  Conserved En.
    5.51038e+02   -5.22061e+05    8.55400e+04   -4.36522e+05   -5.03544e+05
    Temperature Pres. DC (bar) Pressure (bar)   Constr. rmsd
    2.99255e+02   -2.14729e+02   -8.90693e+02    2.92726e-06


DD  step 20499  vol min/aver 0.934  load imb.: force  3.4%
           Step           Time
          20500       41.00000

   Energies (kJ/mol)
           Bond          Angle    Proper Dih. Ryckaert-Bell.          LJ-14
    1.39636e+03    3.71776e+03    2.26474e+02    1.78779e+03    2.72097e+03
     Coulomb-14        LJ (SR)  Disper. corr.   Coulomb (SR)   Coul. recip.
    7.80296e+03    9.23880e+04   -4.44920e+03   -6.31693e+05    2.96532e+03
 Position Rest.      Potential    Kinetic En.   Total Energy  Conserved En.
    5.33507e+02   -5.22603e+05    8.57353e+04   -4.36868e+05   -5.03556e+05
    Temperature Pres. DC (bar) Pressure (bar)   Constr. rmsd
    2.99939e+02   -2.14729e+02   -4.79339e+02    2.88020e-06


DD  step 20999  vol min/aver 0.936  load imb.: force  3.0%
           Step           Time
          21000       42.00000

   Energies (kJ/mol)
           Bond          Angle    Proper Dih. Ryckaert-Bell.          LJ-14
    1.37146e+03    3.73099e+03    2.38631e+02    1.82524e+03    2.74921e+03
     Coulomb-14        LJ (SR)  Disper. corr.   Coulomb (SR)   Coul. recip.
    7.72206e+03    9.18714e+04   -4.44920e+03   -6.30248e+05    2.99187e+03
 Position Rest.      Potential    Kinetic En.   Total Energy  Conserved En.
    5.23008e+02   -5.21674e+05    8.56696e+04   -4.36004e+05   -5.03534e+05
    Temperature Pres. DC (bar) Pressure (bar)   Constr. rmsd
    2.99709e+02   -2.14729e+02   -4.68439e+02    2.58417e-06


DD  step 21499  vol min/aver 0.938  load imb.: force  2.3%
           Step           Time
          21500       43.00000

   Energies (kJ/mol)
           Bond          Angle    Proper Dih. Ryckaert-Bell.          LJ-14
    1.44737e+03    3.69287e+03    2.44923e+02    1.87648e+03    2.71135e+03
     Coulomb-14        LJ (SR)  Disper. corr.   Coulomb (SR)   Coul. recip.
    7.78136e+03    9.25996e+04   -4.44920e+03   -6.31186e+05    3.07704e+03
 Position Rest.      Potential    Kinetic En.   Total Energy  Conserved En.
    5.42361e+02   -5.21662e+05    8.63045e+04   -4.35357e+05   -5.03544e+05
    Temperature Pres. DC (bar) Pressure (bar)   Constr. rmsd
    3.01930e+02   -2.14729e+02   -8.62803e+02    2.85849e-06


DD  step 21999  vol min/aver 0.947  load imb.: force  3.0%
           Step           Time
          22000       44.00000

   Energies (kJ/mol)
           Bond          Angle    Proper Dih. Ryckaert-Bell.          LJ-14
    1.39781e+03    3.68690e+03    2.09740e+02    1.86231e+03    2.66158e+03
     Coulomb-14        LJ (SR)  Disper. corr.   Coulomb (SR)   Coul. recip.
    7.66448e+03    9.17141e+04   -4.44920e+03   -6.30695e+05    3.04628e+03
 Position Rest.      Potential    Kinetic En.   Total Energy  Conserved En.
    5.33793e+02   -5.22367e+05    8.56416e+04   -4.36725e+05   -5.03544e+05
    Temperature Pres. DC (bar) Pressure (bar)   Constr. rmsd
    2.99611e+02   -2.14729e+02   -4.37059e+02    3.06035e-06


DD  step 22499  vol min/aver 0.940  load imb.: force  3.3%
           Step           Time
          22500       45.00000

   Energies (kJ/mol)
           Bond          Angle    Proper Dih. Ryckaert-Bell.          LJ-14
    1.49272e+03    3.60316e+03    2.48536e+02    1.81530e+03    2.69480e+03
     Coulomb-14        LJ (SR)  Disper. corr.   Coulomb (SR)   Coul. recip.
    7.84382e+03    9.14704e+04   -4.44920e+03   -6.31421e+05    3.06659e+03
 Position Rest.      Potential    Kinetic En.   Total Energy  Conserved En.
    5.31828e+02   -5.23103e+05    8.54441e+04   -4.37659e+05   -5.03534e+05
    Temperature Pres. DC (bar) Pressure (bar)   Constr. rmsd
    2.98920e+02   -2.14729e+02   -7.04138e+02    3.06266e-06


DD  step 22999  vol min/aver 0.942  load imb.: force  2.7%
           Step           Time
          23000       46.00000

   Energies (kJ/mol)
           Bond          Angle    Proper Dih. Ryckaert-Bell.          LJ-14
    1.39054e+03    3.72189e+03    2.40833e+02    1.93272e+03    2.63296e+03
     Coulomb-14        LJ (SR)  Disper. corr.   Coulomb (SR)   Coul. recip.
    7.74325e+03    9.18294e+04   -4.44920e+03   -6.31814e+05    2.96423e+03
 Position Rest.      Potential    Kinetic En.   Total Energy  Conserved En.
    5.52135e+02   -5.23256e+05    8.59354e+04   -4.37320e+05   -5.03541e+05
    Temperature Pres. DC (bar) Pressure (bar)   Constr. rmsd
    3.00639e+02   -2.14729e+02   -5.44371e+02    3.17724e-06


DD  step 23499  vol min/aver 0.935  load imb.: force  2.1%
           Step           Time
          23500       47.00000

   Energies (kJ/mol)
           Bond          Angle    Proper Dih. Ryckaert-Bell.          LJ-14
    1.50862e+03    3.66726e+03    2.10775e+02    1.81675e+03    2.65106e+03
     Coulomb-14        LJ (SR)  Disper. corr.   Coulomb (SR)   Coul. recip.
    7.65147e+03    9.22711e+04   -4.44920e+03   -6.31016e+05    3.00886e+03
 Position Rest.      Potential    Kinetic En.   Total Energy  Conserved En.
    4.94372e+02   -5.22184e+05    8.49734e+04   -4.37211e+05   -5.03535e+05
    Temperature Pres. DC (bar) Pressure (bar)   Constr. rmsd
    2.97273e+02   -2.14729e+02   -4.75706e+02    2.87261e-06


DD  step 23999  vol min/aver 0.946  load imb.: force  1.7%
           Step           Time
          24000       48.00000

   Energies (kJ/mol)
           Bond          Angle    Proper Dih. Ryckaert-Bell.          LJ-14
    1.43352e+03    3.71354e+03    2.32367e+02    1.87512e+03    2.62525e+03
     Coulomb-14        LJ (SR)  Disper. corr.   Coulomb (SR)   Coul. recip.
    7.74051e+03    9.13160e+04   -4.44920e+03   -6.30036e+05    3.04129e+03
 Position Rest.      Potential    Kinetic En.   Total Energy  Conserved En.
    5.31711e+02   -5.21976e+05    8.57230e+04   -4.36253e+05   -5.03570e+05
    Temperature Pres. DC (bar) Pressure (bar)   Constr. rmsd
    2.99896e+02   -2.14729e+02   -8.89117e+02    2.87161e-06


DD  step 24499  vol min/aver 0.945  load imb.: force  1.0%
           Step           Time
          24500       49.00000

   Energies (kJ/mol)
           Bond          Angle    Proper Dih. Ryckaert-Bell.          LJ-14
    1.51855e+03    3.70556e+03    2.34492e+02    1.82614e+03    2.69214e+03
     Coulomb-14        LJ (SR)  Disper. corr.   Coulomb (SR)   Coul. recip.
    7.66916e+03    9.19903e+04   -4.44920e+03   -6.31371e+05    2.99115e+03
 Position Rest.      Potential    Kinetic En.   Total Energy  Conserved En.
    4.90181e+02   -5.22703e+05    8.53867e+04   -4.37316e+05   -5.03531e+05
    Temperature Pres. DC (bar) Pressure (bar)   Constr. rmsd
    2.98719e+02   -2.14729e+02   -5.55528e+02    2.97990e-06


DD  step 24999  vol min/aver 0.943  load imb.: force  3.6%
           Step           Time
          25000       50.00000

   Energies (kJ/mol)
           Bond          Angle    Proper Dih. Ryckaert-Bell.          LJ-14
    1.44971e+03    3.75262e+03    2.64077e+02    1.86342e+03    2.66090e+03
     Coulomb-14        LJ (SR)  Disper. corr.   Coulomb (SR)   Coul. recip.
    7.75850e+03    9.26529e+04   -4.44920e+03   -6.31541e+05    3.09372e+03
 Position Rest.      Potential    Kinetic En.   Total Energy  Conserved En.
    5.11963e+02   -5.21982e+05    8.57747e+04   -4.36208e+05   -5.03529e+05
    Temperature Pres. DC (bar) Pressure (bar)   Constr. rmsd
    3.00076e+02   -2.14729e+02   -5.07969e+02    2.95652e-06


DD  step 25499  vol min/aver 0.917  load imb.: force  1.8%
           Step           Time
          25500       51.00000

   Energies (kJ/mol)
           Bond          Angle    Proper Dih. Ryckaert-Bell.          LJ-14
    1.45951e+03    3.74275e+03    2.56763e+02    1.82962e+03    2.73127e+03
     Coulomb-14        LJ (SR)  Disper. corr.   Coulomb (SR)   Coul. recip.
    7.76860e+03    9.13637e+04   -4.44920e+03   -6.30602e+05    3.02061e+03
 Position Rest.      Potential    Kinetic En.   Total Energy  Conserved En.
    5.15113e+02   -5.22363e+05    8.63454e+04   -4.36018e+05   -5.03546e+05
    Temperature Pres. DC (bar) Pressure (bar)   Constr. rmsd
    3.02073e+02   -2.14729e+02   -7.14119e+02    2.53040e-06


DD  step 25999  vol min/aver 0.941  load imb.: force  2.2%
           Step           Time
          26000       52.00000

   Energies (kJ/mol)
           Bond          Angle    Proper Dih. Ryckaert-Bell.          LJ-14
    1.50899e+03    3.69659e+03    2.47989e+02    1.91234e+03    2.62341e+03
     Coulomb-14        LJ (SR)  Disper. corr.   Coulomb (SR)   Coul. recip.
    7.62409e+03    9.18104e+04   -4.44920e+03   -6.30299e+05    3.06938e+03
 Position Rest.      Potential    Kinetic En.   Total Energy  Conserved En.
    5.03344e+02   -5.21752e+05    8.62127e+04   -4.35539e+05   -5.03529e+05
    Temperature Pres. DC (bar) Pressure (bar)   Constr. rmsd
    3.01609e+02   -2.14729e+02   -8.69815e+02    2.84078e-06


DD  step 26499  vol min/aver 0.936  load imb.: force  2.2%
           Step           Time
          26500       53.00000

   Energies (kJ/mol)
           Bond          Angle    Proper Dih. Ryckaert-Bell.          LJ-14
    1.46090e+03    3.79423e+03    2.28270e+02    1.79404e+03    2.70271e+03
     Coulomb-14        LJ (SR)  Disper. corr.   Coulomb (SR)   Coul. recip.
    7.76725e+03    9.05049e+04   -4.44920e+03   -6.29476e+05    2.97440e+03
 Position Rest.      Potential    Kinetic En.   Total Energy  Conserved En.
    4.98866e+02   -5.22199e+05    8.57682e+04   -4.36431e+05   -5.03546e+05
    Temperature Pres. DC (bar) Pressure (bar)   Constr. rmsd
    3.00054e+02   -2.14729e+02   -9.62078e+02    2.97653e-06


DD  step 26999  vol min/aver 0.925  load imb.: force  3.9%
           Step           Time
          27000       54.00000

   Energies (kJ/mol)
           Bond          Angle    Proper Dih. Ryckaert-Bell.          LJ-14
    1.48408e+03    3.69786e+03    2.73722e+02    1.87079e+03    2.70462e+03
     Coulomb-14        LJ (SR)  Disper. corr.   Coulomb (SR)   Coul. recip.
    7.72336e+03    9.26628e+04   -4.44920e+03   -6.31827e+05    3.02109e+03
 Position Rest.      Potential    Kinetic En.   Total Energy  Conserved En.
    5.01911e+02   -5.22336e+05    8.59672e+04   -4.36369e+05   -5.03541e+05
    Temperature Pres. DC (bar) Pressure (bar)   Constr. rmsd
    3.00750e+02   -2.14729e+02   -4.97116e+02    2.76342e-06


DD  step 27499  vol min/aver 0.945  load imb.: force  2.0%
           Step           Time
          27500       55.00000

   Energies (kJ/mol)
           Bond          Angle    Proper Dih. Ryckaert-Bell.          LJ-14
    1.42825e+03    3.78686e+03    2.62670e+02    1.93207e+03    2.65700e+03
     Coulomb-14        LJ (SR)  Disper. corr.   Coulomb (SR)   Coul. recip.
    7.71409e+03    9.30471e+04   -4.44920e+03   -6.32305e+05    3.04520e+03
 Position Rest.      Potential    Kinetic En.   Total Energy  Conserved En.
    5.23224e+02   -5.22358e+05    8.57170e+04   -4.36641e+05   -5.03519e+05
    Temperature Pres. DC (bar) Pressure (bar)   Constr. rmsd
    2.99875e+02   -2.14729e+02   -3.64613e+02    2.84843e-06


DD  step 27999  vol min/aver 0.939  load imb.: force  3.3%
           Step           Time
          28000       56.00000

   Energies (kJ/mol)
           Bond          Angle    Proper Dih. Ryckaert-Bell.          LJ-14
    1.50474e+03    3.81803e+03    2.55396e+02    1.96116e+03    2.72986e+03
     Coulomb-14        LJ (SR)  Disper. corr.   Coulomb (SR)   Coul. recip.
    7.83257e+03    9.20874e+04   -4.44920e+03   -6.30536e+05    3.04316e+03
 Position Rest.      Potential    Kinetic En.   Total Energy  Conserved En.
    5.23974e+02   -5.21229e+05    8.71768e+04   -4.34052e+05   -5.03536e+05
    Temperature Pres. DC (bar) Pressure (bar)   Constr. rmsd
    3.04982e+02   -2.14729e+02   -4.71617e+02    2.91919e-06


DD  step 28499  vol min/aver 0.929  load imb.: force  1.7%
           Step           Time
          28500       57.00000

   Energies (kJ/mol)
           Bond          Angle    Proper Dih. Ryckaert-Bell.          LJ-14
    1.41629e+03    3.66087e+03    2.19401e+02    1.82783e+03    2.73946e+03
     Coulomb-14        LJ (SR)  Disper. corr.   Coulomb (SR)   Coul. recip.
    7.71220e+03    9.15824e+04   -4.44920e+03   -6.29790e+05    3.06212e+03
 Position Rest.      Potential    Kinetic En.   Total Energy  Conserved En.
    5.53660e+02   -5.21465e+05    8.64121e+04   -4.35053e+05   -5.03551e+05
    Temperature Pres. DC (bar) Pressure (bar)   Constr. rmsd
    3.02306e+02   -2.14729e+02   -4.12041e+02    2.71059e-06


DD  step 28999  vol min/aver 0.918  load imb.: force  2.7%
           Step           Time
          29000       58.00000

   Energies (kJ/mol)
           Bond          Angle    Proper Dih. Ryckaert-Bell.          LJ-14
    1.40695e+03    3.79769e+03    2.36173e+02    1.84127e+03    2.70289e+03
     Coulomb-14        LJ (SR)  Disper. corr.   Coulomb (SR)   Coul. recip.
    7.71176e+03    9.17122e+04   -4.44920e+03   -6.30662e+05    2.98030e+03
 Position Rest.      Potential    Kinetic En.   Total Energy  Conserved En.
    5.34280e+02   -5.22188e+05    8.64715e+04   -4.35716e+05   -5.03540e+05
    Temperature Pres. DC (bar) Pressure (bar)   Constr. rmsd
    3.02514e+02   -2.14729e+02   -7.72398e+02    2.88936e-06


DD  step 29499  vol min/aver 0.940  load imb.: force  1.9%
           Step           Time
          29500       59.00000

   Energies (kJ/mol)
           Bond          Angle    Proper Dih. Ryckaert-Bell.          LJ-14
    1.52419e+03    3.74329e+03    2.56212e+02    1.83898e+03    2.63088e+03
     Coulomb-14        LJ (SR)  Disper. corr.   Coulomb (SR)   Coul. recip.
    7.75976e+03    9.04125e+04   -4.44920e+03   -6.28983e+05    3.00099e+03
 Position Rest.      Potential    Kinetic En.   Total Energy  Conserved En.
    5.09125e+02   -5.21756e+05    8.69933e+04   -4.34763e+05   -5.03556e+05
    Temperature Pres. DC (bar) Pressure (bar)   Constr. rmsd
    3.04340e+02   -2.14729e+02   -7.24871e+02    3.26541e-06


DD  step 29999  vol min/aver 0.933  load imb.: force  4.3%
           Step           Time
          30000       60.00000

   Energies (kJ/mol)
           Bond          Angle    Proper Dih. Ryckaert-Bell.          LJ-14
    1.43152e+03    3.67368e+03    2.62899e+02    1.77446e+03    2.73647e+03
     Coulomb-14        LJ (SR)  Disper. corr.   Coulomb (SR)   Coul. recip.
    7.76734e+03    9.15080e+04   -4.44920e+03   -6.30963e+05    2.93359e+03
 Position Rest.      Potential    Kinetic En.   Total Energy  Conserved En.
    5.56143e+02   -5.22768e+05    8.56782e+04   -4.37090e+05   -5.03533e+05
    Temperature Pres. DC (bar) Pressure (bar)   Constr. rmsd
    2.99739e+02   -2.14729e+02   -7.19950e+02    3.11250e-06


DD  step 30499  vol min/aver 0.939  load imb.: force  1.9%
           Step           Time
          30500       61.00000

   Energies (kJ/mol)
           Bond          Angle    Proper Dih. Ryckaert-Bell.          LJ-14
    1.37943e+03    3.77978e+03    2.52112e+02    1.86809e+03    2.70028e+03
     Coulomb-14        LJ (SR)  Disper. corr.   Coulomb (SR)   Coul. recip.
    7.76386e+03    9.12692e+04   -4.44920e+03   -6.29859e+05    3.00770e+03
 Position Rest.      Potential    Kinetic En.   Total Energy  Conserved En.
    5.33418e+02   -5.21754e+05    8.58392e+04   -4.35915e+05   -5.03536e+05
    Temperature Pres. DC (bar) Pressure (bar)   Constr. rmsd
    3.00302e+02   -2.14729e+02   -8.81897e+02    3.01966e-06


DD  step 30999  vol min/aver 0.926  load imb.: force  2.6%
           Step           Time
          31000       62.00000

   Energies (kJ/mol)
           Bond          Angle    Proper Dih. Ryckaert-Bell.          LJ-14
    1.48011e+03    3.76371e+03    3.11807e+02    1.81053e+03    2.64545e+03
     Coulomb-14        LJ (SR)  Disper. corr.   Coulomb (SR)   Coul. recip.
    7.71640e+03    9.18936e+04   -4.44920e+03   -6.30575e+05    3.01958e+03
 Position Rest.      Potential    Kinetic En.   Total Energy  Conserved En.
    5.32777e+02   -5.21850e+05    8.63423e+04   -4.35508e+05   -5.03526e+05
    Temperature Pres. DC (bar) Pressure (bar)   Constr. rmsd
    3.02062e+02   -2.14729e+02   -5.77985e+02    2.77733e-06


DD  step 31499  vol min/aver 0.930  load imb.: force  7.9%
           Step           Time
          31500       63.00000

   Energies (kJ/mol)
           Bond          Angle    Proper Dih. Ryckaert-Bell.          LJ-14
    1.47380e+03    3.64379e+03    2.22362e+02    1.87094e+03    2.68089e+03
     Coulomb-14        LJ (SR)  Disper. corr.   Coulomb (SR)   Coul. recip.
    7.69588e+03    9.22355e+04   -4.44920e+03   -6.31092e+05    3.03489e+03
 Position Rest.      Potential    Kinetic En.   Total Energy  Conserved En.
    5.15042e+02   -5.22168e+05    8.60151e+04   -4.36153e+05   -5.03541e+05
    Temperature Pres. DC (bar) Pressure (bar)   Constr. rmsd
    3.00917e+02   -2.14729e+02   -4.81568e+02    2.90503e-06


DD  step 31999  vol min/aver 0.910  load imb.: force 11.2%
           Step           Time
          32000       64.00000

   Energies (kJ/mol)
           Bond          Angle    Proper Dih. Ryckaert-Bell.          LJ-14
    1.44338e+03    3.70210e+03    2.31651e+02    1.93616e+03    2.70692e+03
     Coulomb-14        LJ (SR)  Disper. corr.   Coulomb (SR)   Coul. recip.
    7.76467e+03    9.21157e+04   -4.44920e+03   -6.32218e+05    2.97493e+03
 Position Rest.      Potential    Kinetic En.   Total Energy  Conserved En.
    5.40001e+02   -5.23251e+05    8.55424e+04   -4.37709e+05   -5.03529e+05
    Temperature Pres. DC (bar) Pressure (bar)   Constr. rmsd
    2.99264e+02   -2.14729e+02   -5.78947e+02    2.68750e-06


DD  step 32499  vol min/aver 0.916  load imb.: force  2.4%
           Step           Time
          32500       65.00000

   Energies (kJ/mol)
           Bond          Angle    Proper Dih. Ryckaert-Bell.          LJ-14
    1.40868e+03    3.67377e+03    2.41844e+02    1.77162e+03    2.66040e+03
     Coulomb-14        LJ (SR)  Disper. corr.   Coulomb (SR)   Coul. recip.
    7.66664e+03    9.13611e+04   -4.44920e+03   -6.31017e+05    3.04413e+03
 Position Rest.      Potential    Kinetic En.   Total Energy  Conserved En.
    5.06316e+02   -5.23131e+05    8.53380e+04   -4.37793e+05   -5.03534e+05
    Temperature Pres. DC (bar) Pressure (bar)   Constr. rmsd
    2.98549e+02   -2.14729e+02   -2.98240e+02    2.67743e-06


DD  step 32999  vol min/aver 0.951  load imb.: force  1.7%
           Step           Time
          33000       66.00000

   Energies (kJ/mol)
           Bond          Angle    Proper Dih. Ryckaert-Bell.          LJ-14
    1.46118e+03    3.67957e+03    2.33248e+02    1.83388e+03    2.68333e+03
     Coulomb-14        LJ (SR)  Disper. corr.   Coulomb (SR)   Coul. recip.
    7.66739e+03    9.18683e+04   -4.44920e+03   -6.30944e+05    3.00802e+03
 Position Rest.      Potential    Kinetic En.   Total Energy  Conserved En.
    4.53690e+02   -5.22504e+05    8.54882e+04   -4.37016e+05   -5.03530e+05
    Temperature Pres. DC (bar) Pressure (bar)   Constr. rmsd
    2.99074e+02   -2.14729e+02   -3.60705e+02    2.86282e-06


DD  step 33499  vol min/aver 0.949  load imb.: force 10.3%
           Step           Time
          33500       67.00000

   Energies (kJ/mol)
           Bond          Angle    Proper Dih. Ryckaert-Bell.          LJ-14
    1.49545e+03    3.60803e+03    2.37317e+02    1.88853e+03    2.65398e+03
     Coulomb-14        LJ (SR)  Disper. corr.   Coulomb (SR)   Coul. recip.
    7.67104e+03    9.22876e+04   -4.44920e+03   -6.32004e+05    2.95991e+03
 Position Rest.      Potential    Kinetic En.   Total Energy  Conserved En.
    4.60316e+02   -5.23191e+05    8.53855e+04   -4.37805e+05   -5.03529e+05
    Temperature Pres. DC (bar) Pressure (bar)   Constr. rmsd
    2.98715e+02   -2.14729e+02   -7.89762e+02    2.96099e-06


DD  step 33999  vol min/aver 0.932  load imb.: force  8.3%
           Step           Time
          34000       68.00000

   Energies (kJ/mol)
           Bond          Angle    Proper Dih. Ryckaert-Bell.          LJ-14
    1.45118e+03    3.65847e+03    2.20858e+02    1.86304e+03    2.70365e+03
     Coulomb-14        LJ (SR)  Disper. corr.   Coulomb (SR)   Coul. recip.
    7.77109e+03    9.15913e+04   -4.44920e+03   -6.30628e+05    2.92922e+03
 Position Rest.      Potential    Kinetic En.   Total Energy  Conserved En.
    5.20781e+02   -5.22367e+05    8.53478e+04   -4.37019e+05   -5.03540e+05
    Temperature Pres. DC (bar) Pressure (bar)   Constr. rmsd
    2.98583e+02   -2.14729e+02   -4.00347e+02    2.89844e-06


DD  step 34499  vol min/aver 0.929  load imb.: force  3.5%
           Step           Time
          34500       69.00000

   Energies (kJ/mol)
           Bond          Angle    Proper Dih. Ryckaert-Bell.          LJ-14
    1.53310e+03    3.75285e+03    2.59502e+02    1.87341e+03    2.68609e+03
     Coulomb-14        LJ (SR)  Disper. corr.   Coulomb (SR)   Coul. recip.
    7.59293e+03    9.19597e+04   -4.44920e+03   -6.30694e+05    2.95438e+03
 Position Rest.      Potential    Kinetic En.   Total Energy  Conserved En.
    5.07850e+02   -5.22024e+05    8.58159e+04   -4.36208e+05   -5.03518e+05
    Temperature Pres. DC (bar) Pressure (bar)   Constr. rmsd
    3.00221e+02   -2.14729e+02   -6.85575e+02    3.07236e-06


DD  step 34999  vol min/aver 0.926  load imb.: force 12.8%
           Step           Time
          35000       70.00000

   Energies (kJ/mol)
           Bond          Angle    Proper Dih. Ryckaert-Bell.          LJ-14
    1.43235e+03    3.61744e+03    2.54215e+02    1.84293e+03    2.63830e+03
     Coulomb-14        LJ (SR)  Disper. corr.   Coulomb (SR)   Coul. recip.
    7.68283e+03    9.21620e+04   -4.44920e+03   -6.32036e+05    3.02215e+03
 Position Rest.      Potential    Kinetic En.   Total Energy  Conserved En.
    4.91444e+02   -5.23341e+05    8.54188e+04   -4.37923e+05   -5.03535e+05
    Temperature Pres. DC (bar) Pressure (bar)   Constr. rmsd
    2.98831e+02   -2.14729e+02   -5.00471e+02    2.94460e-06


DD  step 35499  vol min/aver 0.910  load imb.: force  3.4%
           Step           Time
          35500       71.00000

   Energies (kJ/mol)
           Bond          Angle    Proper Dih. Ryckaert-Bell.          LJ-14
    1.42585e+03    3.71348e+03    2.71886e+02    1.84899e+03    2.74680e+03
     Coulomb-14        LJ (SR)  Disper. corr.   Coulomb (SR)   Coul. recip.
    7.66554e+03    9.32299e+04   -4.44920e+03   -6.31783e+05    3.08814e+03
 Position Rest.      Potential    Kinetic En.   Total Energy  Conserved En.
    5.61283e+02   -5.21681e+05    8.48292e+04   -4.36852e+05   -5.03494e+05
    Temperature Pres. DC (bar) Pressure (bar)   Constr. rmsd
    2.96769e+02   -2.14729e+02   -2.85366e+02    2.76644e-06


DD  step 35999  vol min/aver 0.946  load imb.: force  2.7%
           Step           Time
          36000       72.00000

   Energies (kJ/mol)
           Bond          Angle    Proper Dih. Ryckaert-Bell.          LJ-14
    1.36369e+03    3.67559e+03    2.69512e+02    1.96500e+03    2.68760e+03
     Coulomb-14        LJ (SR)  Disper. corr.   Coulomb (SR)   Coul. recip.
    7.79442e+03    9.29448e+04   -4.44920e+03   -6.33316e+05    2.92555e+03
 Position Rest.      Potential    Kinetic En.   Total Energy  Conserved En.
    5.02250e+02   -5.23637e+05    8.52364e+04   -4.38401e+05   -5.03514e+05
    Temperature Pres. DC (bar) Pressure (bar)   Constr. rmsd
    2.98193e+02   -2.14729e+02   -4.78939e+02    2.75064e-06


DD  step 36499  vol min/aver 0.968  load imb.: force  9.2%
           Step           Time
          36500       73.00000

   Energies (kJ/mol)
           Bond          Angle    Proper Dih. Ryckaert-Bell.          LJ-14
    1.50723e+03    3.76701e+03    2.53458e+02    1.86172e+03    2.65098e+03
     Coulomb-14        LJ (SR)  Disper. corr.   Coulomb (SR)   Coul. recip.
    7.64343e+03    9.26176e+04   -4.44920e+03   -6.31610e+05    3.05207e+03
 Position Rest.      Potential    Kinetic En.   Total Energy  Conserved En.
    4.61464e+02   -5.22244e+05    8.62235e+04   -4.36020e+05   -5.03552e+05
    Temperature Pres. DC (bar) Pressure (bar)   Constr. rmsd
    3.01646e+02   -2.14729e+02   -4.53598e+02    3.24665e-06


DD  step 36999  vol min/aver 0.933  load imb.: force  3.3%
           Step           Time
          37000       74.00000

   Energies (kJ/mol)
           Bond          Angle    Proper Dih. Ryckaert-Bell.          LJ-14
    1.43688e+03    3.83883e+03    2.69675e+02    1.92492e+03    2.60368e+03
     Coulomb-14        LJ (SR)  Disper. corr.   Coulomb (SR)   Coul. recip.
    7.61038e+03    9.09843e+04   -4.44920e+03   -6.30083e+05    3.04486e+03
 Position Rest.      Potential    Kinetic En.   Total Energy  Conserved En.
    5.09410e+02   -5.22309e+05    8.63998e+04   -4.35910e+05   -5.03531e+05
    Temperature Pres. DC (bar) Pressure (bar)   Constr. rmsd
    3.02263e+02   -2.14729e+02   -7.10625e+02    2.87515e-06


DD  step 37499  vol min/aver 0.937  load imb.: force  2.9%
           Step           Time
          37500       75.00000

   Energies (kJ/mol)
           Bond          Angle    Proper Dih. Ryckaert-Bell.          LJ-14
    1.50848e+03    3.82853e+03    2.55512e+02    1.90648e+03    2.66128e+03
     Coulomb-14        LJ (SR)  Disper. corr.   Coulomb (SR)   Coul. recip.
    7.74115e+03    9.18791e+04   -4.44920e+03   -6.31629e+05    3.05219e+03
 Position Rest.      Potential    Kinetic En.   Total Energy  Conserved En.
    4.58839e+02   -5.22787e+05    8.59204e+04   -4.36866e+05   -5.03505e+05
    Temperature Pres. DC (bar) Pressure (bar)   Constr. rmsd
    3.00586e+02   -2.14729e+02   -4.82052e+02    2.83948e-06


DD  step 37999  vol min/aver 0.939  load imb.: force  8.8%
           Step           Time
          38000       76.00000

   Energies (kJ/mol)
           Bond          Angle    Proper Dih. Ryckaert-Bell.          LJ-14
    1.45377e+03    3.67802e+03    2.55850e+02    1.79397e+03    2.69538e+03
     Coulomb-14        LJ (SR)  Disper. corr.   Coulomb (SR)   Coul. recip.
    7.75201e+03    9.17820e+04   -4.44920e+03   -6.31167e+05    3.00172e+03
 Position Rest.      Potential    Kinetic En.   Total Energy  Conserved En.
    4.93488e+02   -5.22710e+05    8.51625e+04   -4.37548e+05   -5.03524e+05
    Temperature Pres. DC (bar) Pressure (bar)   Constr. rmsd
    2.97935e+02   -2.14729e+02   -7.68492e+02    2.98646e-06


DD  step 38499  vol min/aver 0.939  load imb.: force  1.4%
           Step           Time
          38500       77.00000

   Energies (kJ/mol)
           Bond          Angle    Proper Dih. Ryckaert-Bell.          LJ-14
    1.43462e+03    3.74702e+03    2.71498e+02    1.74615e+03    2.73899e+03
     Coulomb-14        LJ (SR)  Disper. corr.   Coulomb (SR)   Coul. recip.
    7.76039e+03    9.22114e+04   -4.44920e+03   -6.31400e+05    3.05086e+03
 Position Rest.      Potential    Kinetic En.   Total Energy  Conserved En.
    5.18938e+02   -5.22369e+05    8.56875e+04   -4.36682e+05   -5.03508e+05
    Temperature Pres. DC (bar) Pressure (bar)   Constr. rmsd
    2.99771e+02   -2.14729e+02   -4.45410e+02    2.90614e-06


DD  step 38999  vol min/aver 0.911  load imb.: force  7.7%
           Step           Time
          39000       78.00000

   Energies (kJ/mol)
           Bond          Angle    Proper Dih. Ryckaert-Bell.          LJ-14
    1.38612e+03    3.72457e+03    2.33827e+02    1.79906e+03    2.70606e+03
     Coulomb-14        LJ (SR)  Disper. corr.   Coulomb (SR)   Coul. recip.
    7.77307e+03    9.16013e+04   -4.44920e+03   -6.30977e+05    2.99649e+03
 Position Rest.      Potential    Kinetic En.   Total Energy  Conserved En.
    4.88015e+02   -5.22718e+05    8.60391e+04   -4.36678e+05   -5.03529e+05
    Temperature Pres. DC (bar) Pressure (bar)   Constr. rmsd
    3.01001e+02   -2.14729e+02   -4.25781e+02    2.72558e-06


DD  step 39499  vol min/aver 0.938  load imb.: force  4.2%
           Step           Time
          39500       79.00000

   Energies (kJ/mol)
           Bond          Angle    Proper Dih. Ryckaert-Bell.          LJ-14
    1.46663e+03    3.72283e+03    2.64568e+02    1.90729e+03    2.64049e+03
     Coulomb-14        LJ (SR)  Disper. corr.   Coulomb (SR)   Coul. recip.
    7.67376e+03    9.09373e+04   -4.44920e+03   -6.30308e+05    3.02718e+03
 Position Rest.      Potential    Kinetic En.   Total Energy  Conserved En.
    4.87624e+02   -5.22629e+05    8.59104e+04   -4.36719e+05   -5.03522e+05
    Temperature Pres. DC (bar) Pressure (bar)   Constr. rmsd
    3.00551e+02   -2.14729e+02   -4.90004e+02    2.98043e-06


DD  step 39999  vol min/aver 0.947  load imb.: force  3.5%
           Step           Time
          40000       80.00000

   Energies (kJ/mol)
           Bond          Angle    Proper Dih. Ryckaert-Bell.          LJ-14
    1.40520e+03    3.66294e+03    2.59876e+02    1.86112e+03    2.65359e+03
     Coulomb-14        LJ (SR)  Disper. corr.   Coulomb (SR)   Coul. recip.
    7.71109e+03    9.14794e+04   -4.44920e+03   -6.30072e+05    2.98860e+03
 Position Rest.      Potential    Kinetic En.   Total Energy  Conserved En.
    4.50943e+02   -5.22049e+05    8.52043e+04   -4.36844e+05   -5.03532e+05
    Temperature Pres. DC (bar) Pressure (bar)   Constr. rmsd
    2.98081e+02   -2.14729e+02   -5.98459e+02    2.95149e-06


DD  step 40499  vol min/aver 0.946  load imb.: force  3.0%
           Step           Time
          40500       81.00000

   Energies (kJ/mol)
           Bond          Angle    Proper Dih. Ryckaert-Bell.          LJ-14
    1.50007e+03    3.55579e+03    2.26959e+02    1.89901e+03    2.70998e+03
     Coulomb-14        LJ (SR)  Disper. corr.   Coulomb (SR)   Coul. recip.
    7.78657e+03    9.14267e+04   -4.44920e+03   -6.30770e+05    2.98078e+03
 Position Rest.      Potential    Kinetic En.   Total Energy  Conserved En.
    5.05759e+02   -5.22627e+05    8.56355e+04   -4.36992e+05   -5.03524e+05
    Temperature Pres. DC (bar) Pressure (bar)   Constr. rmsd
    2.99589e+02   -2.14729e+02   -5.44380e+02    2.96770e-06


DD  step 40999  vol min/aver 0.924  load imb.: force  3.4%
           Step           Time
          41000       82.00000

   Energies (kJ/mol)
           Bond          Angle    Proper Dih. Ryckaert-Bell.          LJ-14
    1.50563e+03    3.77758e+03    2.69274e+02    1.90343e+03    2.68647e+03
     Coulomb-14        LJ (SR)  Disper. corr.   Coulomb (SR)   Coul. recip.
    7.70397e+03    9.08564e+04   -4.44920e+03   -6.29286e+05    3.03859e+03
 Position Rest.      Potential    Kinetic En.   Total Energy  Conserved En.
    4.82867e+02   -5.21511e+05    8.60209e+04   -4.35490e+05   -5.03525e+05
    Temperature Pres. DC (bar) Pressure (bar)   Constr. rmsd
    3.00938e+02   -2.14729e+02   -7.45240e+02    2.76561e-06


DD  step 41499  vol min/aver 0.947  load imb.: force  2.7%
           Step           Time
          41500       83.00000

   Energies (kJ/mol)
           Bond          Angle    Proper Dih. Ryckaert-Bell.          LJ-14
    1.49527e+03    3.60880e+03    2.46005e+02    1.85908e+03    2.70045e+03
     Coulomb-14        LJ (SR)  Disper. corr.   Coulomb (SR)   Coul. recip.
    7.80743e+03    9.03907e+04   -4.44920e+03   -6.29595e+05    3.08895e+03
 Position Rest.      Potential    Kinetic En.   Total Energy  Conserved En.
    4.70952e+02   -5.22377e+05    8.56568e+04   -4.36720e+05   -5.03532e+05
    Temperature Pres. DC (bar) Pressure (bar)   Constr. rmsd
    2.99664e+02   -2.14729e+02   -7.12333e+02    2.87987e-06


DD  step 41999  vol min/aver 0.935  load imb.: force  2.2%
           Step           Time
          42000       84.00000

   Energies (kJ/mol)
           Bond          Angle    Proper Dih. Ryckaert-Bell.          LJ-14
    1.43842e+03    3.80310e+03    2.35439e+02    1.86059e+03    2.70522e+03
     Coulomb-14        LJ (SR)  Disper. corr.   Coulomb (SR)   Coul. recip.
    7.75938e+03    9.18060e+04   -4.44920e+03   -6.31351e+05    3.02558e+03
 Position Rest.      Potential    Kinetic En.   Total Energy  Conserved En.
    5.26073e+02   -5.22641e+05    8.51438e+04   -4.37497e+05   -5.03512e+05
    Temperature Pres. DC (bar) Pressure (bar)   Constr. rmsd
    2.97869e+02   -2.14729e+02   -5.19477e+02    2.90600e-06


DD  step 42499  vol min/aver 0.929  load imb.: force  2.7%
           Step           Time
          42500       85.00000

   Energies (kJ/mol)
           Bond          Angle    Proper Dih. Ryckaert-Bell.          LJ-14
    1.44567e+03    3.51434e+03    2.31458e+02    1.85254e+03    2.69271e+03
     Coulomb-14        LJ (SR)  Disper. corr.   Coulomb (SR)   Coul. recip.
    7.65825e+03    9.10681e+04   -4.44920e+03   -6.30582e+05    3.04739e+03
 Position Rest.      Potential    Kinetic En.   Total Energy  Conserved En.
    5.43577e+02   -5.22977e+05    8.59489e+04   -4.37028e+05   -5.03531e+05
    Temperature Pres. DC (bar) Pressure (bar)   Constr. rmsd
    3.00686e+02   -2.14729e+02   -6.14863e+02    2.92075e-06


DD  step 42999  vol min/aver 0.917  load imb.: force  4.2%
           Step           Time
          43000       86.00000

   Energies (kJ/mol)
           Bond          Angle    Proper Dih. Ryckaert-Bell.          LJ-14
    1.30720e+03    3.62291e+03    2.40216e+02    1.82506e+03    2.76328e+03
     Coulomb-14        LJ (SR)  Disper. corr.   Coulomb (SR)   Coul. recip.
    7.87075e+03    9.29011e+04   -4.44920e+03   -6.32656e+05    3.00978e+03
 Position Rest.      Potential    Kinetic En.   Total Energy  Conserved En.
    4.62325e+02   -5.23103e+05    8.54355e+04   -4.37667e+05   -5.03513e+05
    Temperature Pres. DC (bar) Pressure (bar)   Constr. rmsd
    2.98890e+02   -2.14729e+02   -4.16791e+02    2.83987e-06


DD  step 43499  vol min/aver 0.864  load imb.: force  3.6%
           Step           Time
          43500       87.00000

   Energies (kJ/mol)
           Bond          Angle    Proper Dih. Ryckaert-Bell.          LJ-14
    1.43481e+03    3.70627e+03    2.19857e+02    1.77287e+03    2.75854e+03
     Coulomb-14        LJ (SR)  Disper. corr.   Coulomb (SR)   Coul. recip.
    7.75426e+03    9.14192e+04   -4.44920e+03   -6.30623e+05    2.99663e+03
 Position Rest.      Potential    Kinetic En.   Total Energy  Conserved En.
    4.85314e+02   -5.22524e+05    8.57017e+04   -4.36823e+05   -5.03515e+05
    Temperature Pres. DC (bar) Pressure (bar)   Constr. rmsd
    2.99821e+02   -2.14729e+02   -6.46560e+02    3.14229e-06


DD  step 43999  vol min/aver 0.931  load imb.: force  3.3%
           Step           Time
          44000       88.00000

   Energies (kJ/mol)
           Bond          Angle    Proper Dih. Ryckaert-Bell.          LJ-14
    1.39319e+03    3.76286e+03    2.44577e+02    1.86103e+03    2.71762e+03
     Coulomb-14        LJ (SR)  Disper. corr.   Coulomb (SR)   Coul. recip.
    7.79563e+03    9.17430e+04   -4.44920e+03   -6.30088e+05    3.08238e+03
 Position Rest.      Potential    Kinetic En.   Total Energy  Conserved En.
    5.41646e+02   -5.21395e+05    8.51247e+04   -4.36270e+05   -5.03501e+05
    Temperature Pres. DC (bar) Pressure (bar)   Constr. rmsd
    2.97802e+02   -2.14729e+02   -4.86731e+02    2.90882e-06


DD  step 44499  vol min/aver 0.929  load imb.: force  3.9%
           Step           Time
          44500       89.00000

   Energies (kJ/mol)
           Bond          Angle    Proper Dih. Ryckaert-Bell.          LJ-14
    1.56457e+03    3.58701e+03    2.27710e+02    1.98083e+03    2.58593e+03
     Coulomb-14        LJ (SR)  Disper. corr.   Coulomb (SR)   Coul. recip.
    7.68612e+03    9.19863e+04   -4.44920e+03   -6.31413e+05    2.98246e+03
 Position Rest.      Potential    Kinetic En.   Total Energy  Conserved En.
    5.01445e+02   -5.22760e+05    8.62280e+04   -4.36532e+05   -5.03523e+05
    Temperature Pres. DC (bar) Pressure (bar)   Constr. rmsd
    3.01662e+02   -2.14729e+02   -5.70297e+02    2.99175e-06


DD  step 44999  vol min/aver 0.888  load imb.: force  2.2%
           Step           Time
          45000       90.00000

   Energies (kJ/mol)
           Bond          Angle    Proper Dih. Ryckaert-Bell.          LJ-14
    1.51939e+03    3.82276e+03    2.94343e+02    1.79047e+03    2.66074e+03
     Coulomb-14        LJ (SR)  Disper. corr.   Coulomb (SR)   Coul. recip.
    7.68502e+03    9.14698e+04   -4.44920e+03   -6.29149e+05    3.06684e+03
 Position Rest.      Potential    Kinetic En.   Total Energy  Conserved En.
    5.07450e+02   -5.20781e+05    8.53294e+04   -4.35452e+05   -5.03501e+05
    Temperature Pres. DC (bar) Pressure (bar)   Constr. rmsd
    2.98518e+02   -2.14729e+02   -4.95405e+02    2.78055e-06


DD  step 45499  vol min/aver 0.894  load imb.: force  5.2%
           Step           Time
          45500       91.00000

   Energies (kJ/mol)
           Bond          Angle    Proper Dih. Ryckaert-Bell.          LJ-14
    1.43448e+03    3.80398e+03    2.38459e+02    1.85919e+03    2.69129e+03
     Coulomb-14        LJ (SR)  Disper. corr.   Coulomb (SR)   Coul. recip.
    7.79955e+03    9.21244e+04   -4.44920e+03   -6.31258e+05    2.93888e+03
 Position Rest.      Potential    Kinetic En.   Total Energy  Conserved En.
    4.92659e+02   -5.22324e+05    8.50175e+04   -4.37306e+05   -5.03514e+05
    Temperature Pres. DC (bar) Pressure (bar)   Constr. rmsd
    2.97427e+02   -2.14729e+02   -6.09225e+02    2.79125e-06


DD  step 45999  vol min/aver 0.935  load imb.: force  3.3%
           Step           Time
          46000       92.00000

   Energies (kJ/mol)
           Bond          Angle    Proper Dih. Ryckaert-Bell.          LJ-14
    1.46339e+03    3.80908e+03    2.71467e+02    1.87117e+03    2.70237e+03
     Coulomb-14        LJ (SR)  Disper. corr.   Coulomb (SR)   Coul. recip.
    7.76680e+03    9.15386e+04   -4.44920e+03   -6.30602e+05    3.02792e+03
 Position Rest.      Potential    Kinetic En.   Total Energy  Conserved En.
    5.71965e+02   -5.22028e+05    8.59396e+04   -4.36088e+05   -5.03518e+05
    Temperature Pres. DC (bar) Pressure (bar)   Constr. rmsd
    3.00653e+02   -2.14729e+02   -8.93714e+02    2.92479e-06


DD  step 46499  vol min/aver 0.936  load imb.: force  5.7%
           Step           Time
          46500       93.00000

   Energies (kJ/mol)
           Bond          Angle    Proper Dih. Ryckaert-Bell.          LJ-14
    1.36170e+03    3.69487e+03    2.11204e+02    1.76464e+03    2.75476e+03
     Coulomb-14        LJ (SR)  Disper. corr.   Coulomb (SR)   Coul. recip.
    7.79598e+03    9.20426e+04   -4.44920e+03   -6.30723e+05    3.03816e+03
 Position Rest.      Potential    Kinetic En.   Total Energy  Conserved En.
    5.65266e+02   -5.21943e+05    8.58548e+04   -4.36089e+05   -5.03527e+05
    Temperature Pres. DC (bar) Pressure (bar)   Constr. rmsd
    3.00356e+02   -2.14729e+02   -1.13374e+02    3.18172e-06


DD  step 46999  vol min/aver 0.924  load imb.: force  2.5%
           Step           Time
          47000       94.00000

   Energies (kJ/mol)
           Bond          Angle    Proper Dih. Ryckaert-Bell.          LJ-14
    1.45068e+03    3.73733e+03    2.61131e+02    1.83539e+03    2.74279e+03
     Coulomb-14        LJ (SR)  Disper. corr.   Coulomb (SR)   Coul. recip.
    7.78541e+03    9.11148e+04   -4.44920e+03   -6.28525e+05    3.04467e+03
 Position Rest.      Potential    Kinetic En.   Total Energy  Conserved En.
    5.23694e+02   -5.20479e+05    8.60216e+04   -4.34457e+05   -5.03515e+05
    Temperature Pres. DC (bar) Pressure (bar)   Constr. rmsd
    3.00940e+02   -2.14729e+02   -6.51580e+02    2.95646e-06


DD  step 47499  vol min/aver 0.941  load imb.: force  3.0%
           Step           Time
          47500       95.00000

   Energies (kJ/mol)
           Bond          Angle    Proper Dih. Ryckaert-Bell.          LJ-14
    1.55847e+03    3.62744e+03    2.68423e+02    1.92168e+03    2.62987e+03
     Coulomb-14        LJ (SR)  Disper. corr.   Coulomb (SR)   Coul. recip.
    7.59438e+03    9.22377e+04   -4.44920e+03   -6.31253e+05    3.06556e+03
 Position Rest.      Potential    Kinetic En.   Total Energy  Conserved En.
    4.76514e+02   -5.22323e+05    8.60076e+04   -4.36315e+05   -5.03523e+05
    Temperature Pres. DC (bar) Pressure (bar)   Constr. rmsd
    3.00891e+02   -2.14729e+02   -5.74249e+02    2.89088e-06


DD  step 47999  vol min/aver 0.945  load imb.: force  2.6%
           Step           Time
          48000       96.00000

   Energies (kJ/mol)
           Bond          Angle    Proper Dih. Ryckaert-Bell.          LJ-14
    1.47700e+03    3.73948e+03    2.33746e+02    1.87245e+03    2.67961e+03
     Coulomb-14        LJ (SR)  Disper. corr.   Coulomb (SR)   Coul. recip.
    7.72683e+03    8.97644e+04   -4.44920e+03   -6.28737e+05    3.02553e+03
 Position Rest.      Potential    Kinetic En.   Total Energy  Conserved En.
    4.97870e+02   -5.22169e+05    8.65555e+04   -4.35614e+05   -5.03529e+05
    Temperature Pres. DC (bar) Pressure (bar)   Constr. rmsd
    3.02808e+02   -2.14729e+02   -6.46192e+02    2.98334e-06


DD  step 48499  vol min/aver 0.939  load imb.: force  2.0%
           Step           Time
          48500       97.00000

   Energies (kJ/mol)
           Bond          Angle    Proper Dih. Ryckaert-Bell.          LJ-14
    1.45691e+03    3.76424e+03    2.09662e+02    1.86757e+03    2.64389e+03
     Coulomb-14        LJ (SR)  Disper. corr.   Coulomb (SR)   Coul. recip.
    7.75078e+03    9.16880e+04   -4.44920e+03   -6.30363e+05    2.96883e+03
 Position Rest.      Potential    Kinetic En.   Total Energy  Conserved En.
    5.36590e+02   -5.21926e+05    8.49783e+04   -4.36948e+05   -5.03509e+05
    Temperature Pres. DC (bar) Pressure (bar)   Constr. rmsd
    2.97290e+02   -2.14729e+02   -8.80336e+02    2.74177e-06


DD  step 48999  vol min/aver 0.924  load imb.: force  3.5%
           Step           Time
          49000       98.00000

   Energies (kJ/mol)
           Bond          Angle    Proper Dih. Ryckaert-Bell.          LJ-14
    1.43672e+03    3.80478e+03    2.50521e+02    1.88317e+03    2.69228e+03
     Coulomb-14        LJ (SR)  Disper. corr.   Coulomb (SR)   Coul. recip.
    7.71267e+03    9.23074e+04   -4.44920e+03   -6.30739e+05    3.09768e+03
 Position Rest.      Potential    Kinetic En.   Total Energy  Conserved En.
    4.35920e+02   -5.21567e+05    8.61271e+04   -4.35440e+05   -5.03519e+05
    Temperature Pres. DC (bar) Pressure (bar)   Constr. rmsd
    3.01309e+02   -2.14729e+02   -3.80843e+02    2.91042e-06


DD  step 49499  vol min/aver 0.938  load imb.: force  2.9%
           Step           Time
          49500       99.00000

   Energies (kJ/mol)
           Bond          Angle    Proper Dih. Ryckaert-Bell.          LJ-14
    1.34099e+03    3.82846e+03    2.84612e+02    1.88460e+03    2.73864e+03
     Coulomb-14        LJ (SR)  Disper. corr.   Coulomb (SR)   Coul. recip.
    7.77563e+03    9.14117e+04   -4.44920e+03   -6.30690e+05    3.12167e+03
 Position Rest.      Potential    Kinetic En.   Total Energy  Conserved En.
    4.52499e+02   -5.22300e+05    8.61618e+04   -4.36139e+05   -5.03500e+05
    Temperature Pres. DC (bar) Pressure (bar)   Constr. rmsd
    3.01430e+02   -2.14729e+02   -5.87661e+02    2.47497e-06


DD  step 49999  vol min/aver 0.962  load imb.: force 11.7%
           Step           Time
          50000      100.00000

Writing checkpoint, step 50000 at Thu Feb 27 17:33:44 2020


   Energies (kJ/mol)
           Bond          Angle    Proper Dih. Ryckaert-Bell.          LJ-14
    1.47332e+03    3.68122e+03    2.45830e+02    1.75068e+03    2.66323e+03
     Coulomb-14        LJ (SR)  Disper. corr.   Coulomb (SR)   Coul. recip.
    7.66059e+03    9.19312e+04   -4.44920e+03   -6.30709e+05    3.01422e+03
 Position Rest.      Potential    Kinetic En.   Total Energy  Conserved En.
    5.16393e+02   -5.22221e+05    8.53577e+04   -4.36864e+05   -5.03508e+05
    Temperature Pres. DC (bar) Pressure (bar)   Constr. rmsd
    2.98618e+02   -2.14729e+02   -5.50311e+02    2.94823e-06


	<======  ###############  ==>
	<====  A V E R A G E S  ====>
	<==  ###############  ======>

	Statistics over 50001 steps using 501 frames

   Energies (kJ/mol)
           Bond          Angle    Proper Dih. Ryckaert-Bell.          LJ-14
    1.44531e+03    3.72284e+03    2.51155e+02    1.86327e+03    2.69301e+03
     Coulomb-14        LJ (SR)  Disper. corr.   Coulomb (SR)   Coul. recip.
    7.74158e+03    9.18281e+04   -4.44920e+03   -6.30993e+05    3.01812e+03
 Position Rest.      Potential    Kinetic En.   Total Energy  Conserved En.
    5.13422e+02   -5.22365e+05    8.57331e+04   -4.36632e+05   -5.03542e+05
    Temperature Pres. DC (bar) Pressure (bar)   Constr. rmsd
    2.99931e+02   -2.14729e+02   -5.49927e+02    0.00000e+00

   Total Virial (kJ/mol)
    3.42704e+04   -6.27609e+01   -1.10063e+02
   -6.34825e+01    3.44172e+04    2.32242e+02
   -1.09397e+02    2.34131e+02    3.41581e+04

   Pressure (bar)
   -5.47301e+02    6.39624e+00    9.37758e+00
    6.46581e+00   -5.64097e+02   -2.30036e+01
    9.31343e+00   -2.31856e+01   -5.38383e+02

      T-Protein  T-non-Protein
    2.99906e+02    2.99933e+02


	M E G A - F L O P S   A C C O U N T I N G

 NB=Group-cutoff nonbonded kernels    NxN=N-by-N cluster Verlet kernels
 RF=Reaction-Field  VdW=Van der Waals  QSTab=quadratic-spline table
 W3=SPC/TIP3p  W4=TIP4p (single or pairs)
 V&F=Potential and force  V=Potential only  F=Force only

 Computing:                               M-Number         M-Flops  % Flops
-----------------------------------------------------------------------------
 Pair Search distance check           15245.153660      137206.383     0.2
 NxN Ewald Elec. + LJ [F]            518958.076368    34251233.040    52.1
 NxN Ewald Elec. + LJ [V&F]            5252.682336      562037.010     0.9
 NxN Ewald Elec. [F]                 458149.345296    27947110.063    42.5
 NxN Ewald Elec. [V&F]                 4637.123744      389518.394     0.6
 1,4 nonbonded interactions             255.305106       22977.460     0.0
 Calc Weights                          5081.501628      182934.059     0.3
 Spread Q Bspline                    108405.368064      216810.736     0.3
 Gather F Bspline                    108405.368064      650432.208     1.0
 3D-FFT                              139519.590336     1116156.723     1.7
 Solve PME                              193.603872       12390.648     0.0
 Reset In Box                            33.909876         101.730     0.0
 CG-CoM                                  33.943752         101.831     0.0
 Bonds                                   51.251025        3023.810     0.0
 Angles                                 177.353547       29795.396     0.0
 Propers                                 21.300426        4877.798     0.0
 RB-Dihedrals                           197.503950       48783.476     0.1
 Pos. Restr.                             50.051001        2502.550     0.0
 Virial                                  17.152236         308.740     0.0
 Stop-CM                                 17.005752         170.058     0.0
 Calc-Ekin                              338.827752        9148.349     0.0
 Lincs                                   47.952877        2877.173     0.0
 Lincs-Mat                              238.814328         955.257     0.0
 Constraint-V                          1691.367652       13530.941     0.0
 Constraint-Vir                          16.466367         395.193     0.0
 Settle                                 531.831908      171781.706     0.3
-----------------------------------------------------------------------------
 Total                                                65777160.732   100.0
-----------------------------------------------------------------------------


    D O M A I N   D E C O M P O S I T I O N   S T A T I S T I C S

 av. #atoms communicated per step for force:  2 x 42025.2


Dynamic load balancing report:
 DLB was turned on during the run due to measured imbalance.
 Average load imbalance: 4.0%.
 The balanceable part of the MD step is 54%, load imbalance is computed from this.
 Part of the total run time spent waiting due to load imbalance: 2.2%.
 Steps where the load balancing was limited by -rdd, -rcon and/or -dds: X 0 % Y 0 %


     R E A L   C Y C L E   A N D   T I M E   A C C O U N T I N G

On 8 MPI ranks

 Computing:          Num   Num      Call    Wall time         Giga-Cycles
                     Ranks Threads  Count      (s)         total sum    %
-----------------------------------------------------------------------------
 Domain decomp.         8    1       1001       4.153         86.107   0.7
 DD comm. load          8    1       1000       0.136          2.816   0.0
 DD comm. bounds        8    1        999       0.211          4.383   0.0
 Neighbor search        8    1       1001      10.047        208.320   1.7
 Comm. coord.           8    1      49000      12.179        252.531   2.1
 Force                  8    1      50001     294.146       6099.016  50.5
 Wait + Comm. F         8    1      50001       8.949        185.546   1.5
 PME mesh               8    1      50001     232.191       4814.408  39.8
 NB X/F buffer ops.     8    1     148001       6.097        126.429   1.0
 Write traj.            8    1        101       0.414          8.578   0.1
 Update                 8    1      50001       4.631         96.015   0.8
 Constraints            8    1      50003       4.204         87.177   0.7
 Comm. energies         8    1       5001       4.606         95.513   0.8
 Rest                                           1.010         20.942   0.2
-----------------------------------------------------------------------------
 Total                                        582.975      12087.780 100.0
-----------------------------------------------------------------------------
 Breakdown of PME mesh computation
-----------------------------------------------------------------------------
 PME redist. X/F        8    1     100002     107.701       2233.137  18.5
 PME spread             8    1      50001      52.317       1084.777   9.0
 PME gather             8    1      50001      24.372        505.355   4.2
 PME 3D-FFT             8    1     100002      16.886        350.119   2.9
 PME 3D-FFT Comm.       8    1     200004      29.061        602.560   5.0
 PME solve Elec         8    1      50001       1.765         36.590   0.3
-----------------------------------------------------------------------------

               Core t (s)   Wall t (s)        (%)
       Time:     4663.502      582.975      799.9
                 (ns/day)    (hour/ns)
Performance:       14.821        1.619
Finished mdrun on rank 0 Thu Feb 27 17:33:44 2020

