                        :-) GROMACS - GROMACS, 2020 (-:

                            GROMACS is written by:
     Emile Apol      Rossen Apostolov      Paul Bauer     Herman J.C. Berendsen
    Par Bjelkmar      Christian Blau   Viacheslav Bolnykh     Kevin Boyd    
 Aldert van Buuren   Rudi van Drunen     Anton Feenstra       Alan Gray     
  Gerrit Groenhof     Anca Hamuraru    Vincent Hindriksen  M. Eric Irrgang  
  Aleksei Iupinov   Christoph Junghans     Joe Jordan     Dimitrios Karkoulis
    Peter Kasson        Jiri Kraus      Carsten Kutzner      Per Larsson    
  Justin A. Lemkul    Viveca Lindahl    Magnus Lundborg     Erik Marklund   
    Pascal Merz     Pieter Meulenhoff    Teemu Murtola       Szilard Pall   
    Sander Pronk      Roland Schulz      Michael Shirts    Alexey Shvetsov  
   Alfons Sijbers     Peter Tieleman      Jon Vincent      Teemu Virolainen 
 Christian Wennberg    Maarten Wolf      Artem Zhmurov   
                           and the project leaders:
        Mark Abraham, Berk Hess, Erik Lindahl, and David van der Spoel

Copyright (c) 1991-2000, University of Groningen, The Netherlands.
Copyright (c) 2001-2019, The GROMACS development team at
Uppsala University, Stockholm University and
the Royal Institute of Technology, Sweden.
check out http://www.gromacs.org for more information.

GROMACS is free software; you can redistribute it and/or modify it
under the terms of the GNU Lesser General Public License
as published by the Free Software Foundation; either version 2.1
of the License, or (at your option) any later version.

GROMACS:      GROMACS, version 2020
Working dir:  /Users/markopetrovic/Box Sync/Egenstudier/Åk5/P3/Ex-Jobb/StringMethodMaster/Prototypes/P2_Lysozyme/mdrun_2_287972277_0
Process ID:   64277

GROMACS version:    2020
Verified release checksum is c8f31ed8bc66001c3c8d6e5ddb61aab8bb1d400b5f5dba93c53473fa79c1a50a
Precision:          single
Memory model:       64 bit
MPI library:        thread_mpi
OpenMP support:     disabled
GPU support:        disabled
SIMD instructions:  AVX2_256
FFT library:        fftw-3.3.8-sse2
RDTSCP usage:       enabled
TNG support:        enabled
Hwloc support:      disabled
Tracing support:    disabled
C compiler:         /Library/Developer/CommandLineTools/usr/bin/cc AppleClang 11.0.0.11000033
C compiler flags:   -mavx2 -mfma -Wno-unknown-pragmas -fno-stack-check -fno-stack-check
C++ compiler:       /Library/Developer/CommandLineTools/usr/bin/c++ AppleClang 11.0.0.11000033
C++ compiler flags: -mavx2 -mfma -Wno-unknown-pragmas -fno-stack-check -fno-stack-check


Running on 1 node with total 8 cores, 8 logical cores
Hardware detected:
  CPU info:
    Vendor: Intel
    Brand:  Intel(R) Core(TM) i7-6700HQ CPU @ 2.60GHz
    Family: 6   Model: 94   Stepping: 3
    Features: aes apic avx avx2 clfsh cmov cx8 cx16 f16c fma hle htt intel lahf mmx msr nonstop_tsc pcid pclmuldq pdcm pdpe1gb popcnt pse rdrnd rdtscp rtm sse2 sse3 sse4.1 sse4.2 ssse3 tdt x2apic
  Hardware topology: Only logical processor count


++++ PLEASE READ AND CITE THE FOLLOWING REFERENCE ++++
M. J. Abraham, T. Murtola, R. Schulz, S. Páll, J. C. Smith, B. Hess, E.
Lindahl
GROMACS: High performance molecular simulations through multi-level
parallelism from laptops to supercomputers
SoftwareX 1 (2015) pp. 19-25
-------- -------- --- Thank You --- -------- --------


++++ PLEASE READ AND CITE THE FOLLOWING REFERENCE ++++
S. Páll, M. J. Abraham, C. Kutzner, B. Hess, E. Lindahl
Tackling Exascale Software Challenges in Molecular Dynamics Simulations with
GROMACS
In S. Markidis & E. Laure (Eds.), Solving Software Challenges for Exascale 8759 (2015) pp. 3-27
-------- -------- --- Thank You --- -------- --------


++++ PLEASE READ AND CITE THE FOLLOWING REFERENCE ++++
S. Pronk, S. Páll, R. Schulz, P. Larsson, P. Bjelkmar, R. Apostolov, M. R.
Shirts, J. C. Smith, P. M. Kasson, D. van der Spoel, B. Hess, and E. Lindahl
GROMACS 4.5: a high-throughput and highly parallel open source molecular
simulation toolkit
Bioinformatics 29 (2013) pp. 845-54
-------- -------- --- Thank You --- -------- --------


++++ PLEASE READ AND CITE THE FOLLOWING REFERENCE ++++
B. Hess and C. Kutzner and D. van der Spoel and E. Lindahl
GROMACS 4: Algorithms for highly efficient, load-balanced, and scalable
molecular simulation
J. Chem. Theory Comput. 4 (2008) pp. 435-447
-------- -------- --- Thank You --- -------- --------


++++ PLEASE READ AND CITE THE FOLLOWING REFERENCE ++++
D. van der Spoel, E. Lindahl, B. Hess, G. Groenhof, A. E. Mark and H. J. C.
Berendsen
GROMACS: Fast, Flexible and Free
J. Comp. Chem. 26 (2005) pp. 1701-1719
-------- -------- --- Thank You --- -------- --------


++++ PLEASE READ AND CITE THE FOLLOWING REFERENCE ++++
E. Lindahl and B. Hess and D. van der Spoel
GROMACS 3.0: A package for molecular simulation and trajectory analysis
J. Mol. Mod. 7 (2001) pp. 306-317
-------- -------- --- Thank You --- -------- --------


++++ PLEASE READ AND CITE THE FOLLOWING REFERENCE ++++
H. J. C. Berendsen, D. van der Spoel and R. van Drunen
GROMACS: A message-passing parallel molecular dynamics implementation
Comp. Phys. Comm. 91 (1995) pp. 43-56
-------- -------- --- Thank You --- -------- --------


++++ PLEASE CITE THE DOI FOR THIS VERSION OF GROMACS ++++
https://doi.org/10.5281/zenodo.3562495
-------- -------- --- Thank You --- -------- --------

Input Parameters:
   integrator                     = md
   tinit                          = 0
   dt                             = 0.002
   nsteps                         = 50000
   init-step                      = 0
   simulation-part                = 1
   comm-mode                      = Linear
   nstcomm                        = 100
   bd-fric                        = 0
   ld-seed                        = -1948749376
   emtol                          = 10
   emstep                         = 0.01
   niter                          = 20
   fcstep                         = 0
   nstcgsteep                     = 1000
   nbfgscorr                      = 10
   rtpi                           = 0.05
   nstxout                        = 500
   nstvout                        = 500
   nstfout                        = 0
   nstlog                         = 500
   nstcalcenergy                  = 100
   nstenergy                      = 500
   nstxout-compressed             = 0
   compressed-x-precision         = 1000
   cutoff-scheme                  = Verlet
   nstlist                        = 10
   pbc                            = xyz
   periodic-molecules             = false
   verlet-buffer-tolerance        = 0.005
   rlist                          = 1
   coulombtype                    = PME
   coulomb-modifier               = Potential-shift
   rcoulomb-switch                = 0
   rcoulomb                       = 1
   epsilon-r                      = 1
   epsilon-rf                     = inf
   vdw-type                       = Cut-off
   vdw-modifier                   = Potential-shift
   rvdw-switch                    = 0
   rvdw                           = 1
   DispCorr                       = EnerPres
   table-extension                = 1
   fourierspacing                 = 0.16
   fourier-nx                     = 44
   fourier-ny                     = 44
   fourier-nz                     = 44
   pme-order                      = 4
   ewald-rtol                     = 1e-05
   ewald-rtol-lj                  = 0.001
   lj-pme-comb-rule               = Geometric
   ewald-geometry                 = 0
   epsilon-surface                = 0
   tcoupl                         = V-rescale
   nsttcouple                     = 10
   nh-chain-length                = 0
   print-nose-hoover-chain-variables = false
   pcoupl                         = Parrinello-Rahman
   pcoupltype                     = Isotropic
   nstpcouple                     = 10
   tau-p                          = 2
   compressibility (3x3):
      compressibility[    0]={ 4.50000e-05,  0.00000e+00,  0.00000e+00}
      compressibility[    1]={ 0.00000e+00,  4.50000e-05,  0.00000e+00}
      compressibility[    2]={ 0.00000e+00,  0.00000e+00,  4.50000e-05}
   ref-p (3x3):
      ref-p[    0]={ 1.00000e+00,  0.00000e+00,  0.00000e+00}
      ref-p[    1]={ 0.00000e+00,  1.00000e+00,  0.00000e+00}
      ref-p[    2]={ 0.00000e+00,  0.00000e+00,  1.00000e+00}
   refcoord-scaling               = COM
   posres-com (3):
      posres-com[0]= 4.97337e-01
      posres-com[1]= 5.02104e-01
      posres-com[2]= 4.99722e-01
   posres-comB (3):
      posres-comB[0]= 4.97337e-01
      posres-comB[1]= 5.02104e-01
      posres-comB[2]= 4.99722e-01
   QMMM                           = false
   QMconstraints                  = 0
   QMMMscheme                     = 0
   MMChargeScaleFactor            = 1
qm-opts:
   ngQM                           = 0
   constraint-algorithm           = Lincs
   continuation                   = true
   Shake-SOR                      = false
   shake-tol                      = 0.0001
   lincs-order                    = 4
   lincs-iter                     = 1
   lincs-warnangle                = 30
   nwall                          = 0
   wall-type                      = 9-3
   wall-r-linpot                  = -1
   wall-atomtype[0]               = -1
   wall-atomtype[1]               = -1
   wall-density[0]                = 0
   wall-density[1]                = 0
   wall-ewald-zfac                = 3
   pull                           = false
   awh                            = false
   rotation                       = false
   interactiveMD                  = false
   disre                          = No
   disre-weighting                = Conservative
   disre-mixed                    = false
   dr-fc                          = 1000
   dr-tau                         = 0
   nstdisreout                    = 100
   orire-fc                       = 0
   orire-tau                      = 0
   nstorireout                    = 100
   free-energy                    = no
   cos-acceleration               = 0
   deform (3x3):
      deform[    0]={ 0.00000e+00,  0.00000e+00,  0.00000e+00}
      deform[    1]={ 0.00000e+00,  0.00000e+00,  0.00000e+00}
      deform[    2]={ 0.00000e+00,  0.00000e+00,  0.00000e+00}
   simulated-tempering            = false
   swapcoords                     = no
   userint1                       = 0
   userint2                       = 0
   userint3                       = 0
   userint4                       = 0
   userreal1                      = 0
   userreal2                      = 0
   userreal3                      = 0
   userreal4                      = 0
   applied-forces:
     electric-field:
       x:
         E0                       = 0
         omega                    = 0
         t0                       = 0
         sigma                    = 0
       y:
         E0                       = 0
         omega                    = 0
         t0                       = 0
         sigma                    = 0
       z:
         E0                       = 0
         omega                    = 0
         t0                       = 0
         sigma                    = 0
     density-guided-simulation:
       active                     = false
       group                      = protein
       similarity-measure         = inner-product
       atom-spreading-weight      = unity
       force-constant             = 1e+09
       gaussian-transform-spreading-width = 0.2
       gaussian-transform-spreading-range-in-multiples-of-width = 4
       reference-density-filename = reference.mrc
       nst                        = 1
       normalize-densities        = true
       adaptive-force-scaling     = false
       adaptive-force-scaling-time-constant = 4
grpopts:
   nrdf:     4920.79     63837.2
   ref-t:         300         300
   tau-t:         0.1         0.1
annealing:          No          No
annealing-npoints:           0           0
   acc:	           0           0           0
   nfreeze:           N           N           N
   energygrp-flags[  0]: 0

Changing nstlist from 10 to 50, rlist from 1 to 1.115


Initializing Domain Decomposition on 8 ranks
Dynamic load balancing: locked
Using update groups, nr 11645, average size 2.9 atoms, max. radius 0.103 nm
Minimum cell size due to atom displacement: 0.398 nm
Initial maximum distances in bonded interactions:
    two-body bonded interactions: 0.446 nm, LJ-14, atoms 1156 1405
  multi-body bonded interactions: 0.446 nm, Ryckaert-Bell., atoms 1156 1405
Minimum cell size due to bonded interactions: 0.490 nm
Scaling the initial minimum size with 1/0.8 (option -dds) = 1.25
Using 0 separate PME ranks, as there are too few total
 ranks for efficient splitting
Optimizing the DD grid for 8 cells with a minimum initial size of 0.613 nm
The maximum allowed number of cells is: X 11 Y 11 Z 11
Domain decomposition grid 4 x 2 x 1, separate PME ranks 0
PME domain decomposition: 4 x 2 x 1
Domain decomposition rank 0, coordinates 0 0 0

The initial number of communication pulses is: X 1 Y 1
The initial domain decomposition cell size is: X 1.75 nm Y 3.51 nm

The maximum allowed distance for atom groups involved in interactions is:
                 non-bonded interactions           1.322 nm
(the following are initial values, they could change due to box deformation)
            two-body bonded interactions  (-rdd)   1.322 nm
          multi-body bonded interactions  (-rdd)   1.322 nm

When dynamic load balancing gets turned on, these settings will change to:
The maximum number of communication pulses is: X 1 Y 1
The minimum size for domain decomposition cells is 1.322 nm
The requested allowed shrink of DD cells (option -dds) is: 0.80
The allowed shrink of domain decomposition cells is: X 0.75 Y 0.38
The maximum allowed distance for atom groups involved in interactions is:
                 non-bonded interactions           1.322 nm
            two-body bonded interactions  (-rdd)   1.322 nm
          multi-body bonded interactions  (-rdd)   1.322 nm

Using 8 MPI threads
System total charge: -0.000
Will do PME sum in reciprocal space for electrostatic interactions.

++++ PLEASE READ AND CITE THE FOLLOWING REFERENCE ++++
U. Essmann, L. Perera, M. L. Berkowitz, T. Darden, H. Lee and L. G. Pedersen 
A smooth particle mesh Ewald method
J. Chem. Phys. 103 (1995) pp. 8577-8592
-------- -------- --- Thank You --- -------- --------

Using a Gaussian width (1/beta) of 0.320163 nm for Ewald
Potential shift: LJ r^-12: -1.000e+00 r^-6: -1.000e+00, Ewald -1.000e-05
Initialized non-bonded Coulomb Ewald tables, spacing: 9.33e-04 size: 1073

Generated table with 1057 data points for 1-4 COUL.
Tabscale = 500 points/nm
Generated table with 1057 data points for 1-4 LJ6.
Tabscale = 500 points/nm
Generated table with 1057 data points for 1-4 LJ12.
Tabscale = 500 points/nm

Using SIMD 4x8 nonbonded short-range kernels

Using a dual 4x8 pair-list setup updated with dynamic pruning:
  outer list: updated every 50 steps, buffer 0.115 nm, rlist 1.115 nm
  inner list: updated every 12 steps, buffer 0.002 nm, rlist 1.002 nm
At tolerance 0.005 kJ/mol/ps per atom, equivalent classical 1x1 list would be:
  outer list: updated every 50 steps, buffer 0.243 nm, rlist 1.243 nm
  inner list: updated every 12 steps, buffer 0.047 nm, rlist 1.047 nm

Using geometric Lennard-Jones combination rule

Long Range LJ corr.: <C6> 3.1923e-04


Initializing LINear Constraint Solver

++++ PLEASE READ AND CITE THE FOLLOWING REFERENCE ++++
B. Hess and H. Bekker and H. J. C. Berendsen and J. G. E. M. Fraaije
LINCS: A Linear Constraint Solver for molecular simulations
J. Comp. Chem. 18 (1997) pp. 1463-1472
-------- -------- --- Thank You --- -------- --------

The number of constraints is 959

++++ PLEASE READ AND CITE THE FOLLOWING REFERENCE ++++
S. Miyamoto and P. A. Kollman
SETTLE: An Analytical Version of the SHAKE and RATTLE Algorithms for Rigid
Water Models
J. Comp. Chem. 13 (1992) pp. 952-962
-------- -------- --- Thank You --- -------- --------


Linking all bonded interactions to atoms

Intra-simulation communication will occur every 10 steps.

++++ PLEASE READ AND CITE THE FOLLOWING REFERENCE ++++
G. Bussi, D. Donadio and M. Parrinello
Canonical sampling through velocity rescaling
J. Chem. Phys. 126 (2007) pp. 014101
-------- -------- --- Thank You --- -------- --------

There are: 33876 Atoms
Atom distribution over 8 domains: av 4234 stddev 79 min 4165 max 4291
Center of mass motion removal mode is Linear
We have the following groups for center of mass motion removal:
  0:  rest

Started mdrun on rank 0 Thu Feb 27 17:33:46 2020

           Step           Time
              0        0.00000

   Energies (kJ/mol)
           Bond          Angle    Proper Dih. Ryckaert-Bell.          LJ-14
    1.47547e+03    3.69894e+03    2.46572e+02    1.75177e+03    2.66567e+03
     Coulomb-14        LJ (SR)  Disper. corr.   Coulomb (SR)   Coul. recip.
    7.66279e+03    9.19582e+04   -4.44920e+03   -6.30828e+05    3.01711e+03
 Position Rest.      Potential    Kinetic En.   Total Energy  Conserved En.
    3.58469e-08   -5.22801e+05    8.56928e+04   -4.37108e+05   -4.37087e+05
    Temperature Pres. DC (bar) Pressure (bar)   Constr. rmsd
    2.99790e+02   -2.14729e+02   -4.84783e+02    2.93253e-06


DD  step 49 load imb.: force  7.5%

DD  step 499 load imb.: force  6.3%
           Step           Time
            500        1.00000

   Energies (kJ/mol)
           Bond          Angle    Proper Dih. Ryckaert-Bell.          LJ-14
    1.52697e+03    3.79155e+03    2.58321e+02    1.85826e+03    2.63790e+03
     Coulomb-14        LJ (SR)  Disper. corr.   Coulomb (SR)   Coul. recip.
    7.77397e+03    9.40315e+04   -4.55963e+03   -6.35545e+05    3.07975e+03
 Position Rest.      Potential    Kinetic En.   Total Energy  Conserved En.
    4.25210e+02   -5.24722e+05    8.61673e+04   -4.38554e+05   -4.37292e+05
    Temperature Pres. DC (bar) Pressure (bar)   Constr. rmsd
    3.01450e+02   -2.25507e+02   -3.29887e+00    2.94424e-06


DD  step 999 load imb.: force 12.2%
           Step           Time
           1000        2.00000

   Energies (kJ/mol)
           Bond          Angle    Proper Dih. Ryckaert-Bell.          LJ-14
    1.45824e+03    3.84754e+03    2.32859e+02    1.87670e+03    2.66314e+03
     Coulomb-14        LJ (SR)  Disper. corr.   Coulomb (SR)   Coul. recip.
    7.70883e+03    9.38460e+04   -4.54626e+03   -6.34489e+05    3.06288e+03
 Position Rest.      Potential    Kinetic En.   Total Energy  Conserved En.
    4.52187e+02   -5.23887e+05    8.60515e+04   -4.37836e+05   -4.37272e+05
    Temperature Pres. DC (bar) Pressure (bar)   Constr. rmsd
    3.01045e+02   -2.24188e+02   -3.36192e+01    2.79396e-06


DD  step 1499 load imb.: force  4.6%
           Step           Time
           1500        3.00000

   Energies (kJ/mol)
           Bond          Angle    Proper Dih. Ryckaert-Bell.          LJ-14
    1.49600e+03    3.65077e+03    2.29744e+02    1.76416e+03    2.75241e+03
     Coulomb-14        LJ (SR)  Disper. corr.   Coulomb (SR)   Coul. recip.
    7.82049e+03    9.36418e+04   -4.57010e+03   -6.35044e+05    2.96543e+03
 Position Rest.      Potential    Kinetic En.   Total Energy  Conserved En.
    4.31788e+02   -5.24861e+05    8.57331e+04   -4.39128e+05   -4.37272e+05
    Temperature Pres. DC (bar) Pressure (bar)   Constr. rmsd
    2.99931e+02   -2.26542e+02    2.57075e+01    2.81722e-06


DD  step 1999 load imb.: force  5.7%
           Step           Time
           2000        4.00000

   Energies (kJ/mol)
           Bond          Angle    Proper Dih. Ryckaert-Bell.          LJ-14
    1.53899e+03    3.63646e+03    2.30460e+02    1.86756e+03    2.70000e+03
     Coulomb-14        LJ (SR)  Disper. corr.   Coulomb (SR)   Coul. recip.
    7.75316e+03    9.36787e+04   -4.54140e+03   -6.33662e+05    2.89479e+03
 Position Rest.      Potential    Kinetic En.   Total Energy  Conserved En.
    4.72449e+02   -5.23431e+05    8.58680e+04   -4.37563e+05   -4.37270e+05
    Temperature Pres. DC (bar) Pressure (bar)   Constr. rmsd
    3.00403e+02   -2.23709e+02    1.75241e+01    2.81363e-06


DD  step 2499 load imb.: force  6.4%
           Step           Time
           2500        5.00000

   Energies (kJ/mol)
           Bond          Angle    Proper Dih. Ryckaert-Bell.          LJ-14
    1.52964e+03    3.79438e+03    2.76056e+02    1.80112e+03    2.69231e+03
     Coulomb-14        LJ (SR)  Disper. corr.   Coulomb (SR)   Coul. recip.
    7.72476e+03    9.31062e+04   -4.57585e+03   -6.34390e+05    2.95600e+03
 Position Rest.      Potential    Kinetic En.   Total Energy  Conserved En.
    4.45495e+02   -5.24640e+05    8.55796e+04   -4.39060e+05   -4.37242e+05
    Temperature Pres. DC (bar) Pressure (bar)   Constr. rmsd
    2.99394e+02   -2.27112e+02   -5.68449e+01    2.63030e-06


DD  step 2999 load imb.: force  7.5%
           Step           Time
           3000        6.00000

   Energies (kJ/mol)
           Bond          Angle    Proper Dih. Ryckaert-Bell.          LJ-14
    1.52619e+03    3.56327e+03    2.25967e+02    1.87633e+03    2.68727e+03
     Coulomb-14        LJ (SR)  Disper. corr.   Coulomb (SR)   Coul. recip.
    7.77070e+03    9.37593e+04   -4.57159e+03   -6.35016e+05    2.86421e+03
 Position Rest.      Potential    Kinetic En.   Total Energy  Conserved En.
    4.57849e+02   -5.24857e+05    8.46677e+04   -4.40189e+05   -4.37264e+05
    Temperature Pres. DC (bar) Pressure (bar)   Constr. rmsd
    2.96204e+02   -2.26690e+02   -9.21749e+01    2.95500e-06


DD  step 3499 load imb.: force  9.4%
           Step           Time
           3500        7.00000

   Energies (kJ/mol)
           Bond          Angle    Proper Dih. Ryckaert-Bell.          LJ-14
    1.51521e+03    3.78406e+03    2.55337e+02    1.84520e+03    2.71377e+03
     Coulomb-14        LJ (SR)  Disper. corr.   Coulomb (SR)   Coul. recip.
    7.79700e+03    9.41175e+04   -4.56257e+03   -6.35497e+05    2.98451e+03
 Position Rest.      Potential    Kinetic En.   Total Energy  Conserved En.
    4.75060e+02   -5.24572e+05    8.65900e+04   -4.37982e+05   -4.37260e+05
    Temperature Pres. DC (bar) Pressure (bar)   Constr. rmsd
    3.02928e+02   -2.25797e+02    1.04237e+02    2.65291e-06


DD  step 3999 load imb.: force  5.9%
           Step           Time
           4000        8.00000

   Energies (kJ/mol)
           Bond          Angle    Proper Dih. Ryckaert-Bell.          LJ-14
    1.57538e+03    3.78270e+03    2.44508e+02    1.84914e+03    2.67897e+03
     Coulomb-14        LJ (SR)  Disper. corr.   Coulomb (SR)   Coul. recip.
    7.73389e+03    9.34003e+04   -4.55204e+03   -6.33802e+05    2.85617e+03
 Position Rest.      Potential    Kinetic En.   Total Energy  Conserved En.
    4.84322e+02   -5.23749e+05    8.66509e+04   -4.37098e+05   -4.37272e+05
    Temperature Pres. DC (bar) Pressure (bar)   Constr. rmsd
    3.03142e+02   -2.24757e+02   -4.13786e+01    3.42348e-06


DD  step 4499 load imb.: force  5.0%
           Step           Time
           4500        9.00000

   Energies (kJ/mol)
           Bond          Angle    Proper Dih. Ryckaert-Bell.          LJ-14
    1.48509e+03    3.75817e+03    2.68459e+02    1.78065e+03    2.68607e+03
     Coulomb-14        LJ (SR)  Disper. corr.   Coulomb (SR)   Coul. recip.
    7.65445e+03    9.34516e+04   -4.54893e+03   -6.34376e+05    2.97419e+03
 Position Rest.      Potential    Kinetic En.   Total Energy  Conserved En.
    4.35075e+02   -5.24431e+05    8.63450e+04   -4.38086e+05   -4.37267e+05
    Temperature Pres. DC (bar) Pressure (bar)   Constr. rmsd
    3.02071e+02   -2.24451e+02   -2.03404e+01    2.53701e-06


DD  step 4999 load imb.: force  7.1%

step 5000 Turning on dynamic load balancing, because the performance loss due to load imbalance is 2.1 %.
           Step           Time
           5000       10.00000

   Energies (kJ/mol)
           Bond          Angle    Proper Dih. Ryckaert-Bell.          LJ-14
    1.45624e+03    3.68349e+03    2.28958e+02    1.87208e+03    2.68162e+03
     Coulomb-14        LJ (SR)  Disper. corr.   Coulomb (SR)   Coul. recip.
    7.75920e+03    9.47922e+04   -4.57634e+03   -6.35974e+05    2.95445e+03
 Position Rest.      Potential    Kinetic En.   Total Energy  Conserved En.
    4.65965e+02   -5.24656e+05    8.61463e+04   -4.38509e+05   -4.37265e+05
    Temperature Pres. DC (bar) Pressure (bar)   Constr. rmsd
    3.01376e+02   -2.27161e+02    3.39744e+02    2.82789e-06


DD  step 5499  vol min/aver 0.897  load imb.: force 15.2%
           Step           Time
           5500       11.00000

   Energies (kJ/mol)
           Bond          Angle    Proper Dih. Ryckaert-Bell.          LJ-14
    1.39837e+03    3.71368e+03    2.45890e+02    1.82280e+03    2.63587e+03
     Coulomb-14        LJ (SR)  Disper. corr.   Coulomb (SR)   Coul. recip.
    7.66896e+03    9.37264e+04   -4.56214e+03   -6.34145e+05    2.90736e+03
 Position Rest.      Potential    Kinetic En.   Total Energy  Conserved En.
    4.68812e+02   -5.24119e+05    8.56992e+04   -4.38419e+05   -4.37273e+05
    Temperature Pres. DC (bar) Pressure (bar)   Constr. rmsd
    2.99812e+02   -2.25755e+02    1.44553e+01    2.96493e-06


DD  step 5999  vol min/aver 0.952  load imb.: force  7.0%
           Step           Time
           6000       12.00000

   Energies (kJ/mol)
           Bond          Angle    Proper Dih. Ryckaert-Bell.          LJ-14
    1.50770e+03    3.80059e+03    2.23399e+02    1.77948e+03    2.72032e+03
     Coulomb-14        LJ (SR)  Disper. corr.   Coulomb (SR)   Coul. recip.
    7.82431e+03    9.33131e+04   -4.54799e+03   -6.34522e+05    2.96527e+03
 Position Rest.      Potential    Kinetic En.   Total Energy  Conserved En.
    4.70890e+02   -5.24464e+05    8.60203e+04   -4.38444e+05   -4.37242e+05
    Temperature Pres. DC (bar) Pressure (bar)   Constr. rmsd
    3.00936e+02   -2.24358e+02   -1.36265e+02    2.49408e-06


DD  step 6499  vol min/aver 0.952  load imb.: force  2.6%
           Step           Time
           6500       13.00000

   Energies (kJ/mol)
           Bond          Angle    Proper Dih. Ryckaert-Bell.          LJ-14
    1.50324e+03    3.87860e+03    2.61684e+02    1.85453e+03    2.69352e+03
     Coulomb-14        LJ (SR)  Disper. corr.   Coulomb (SR)   Coul. recip.
    7.77403e+03    9.32788e+04   -4.55824e+03   -6.33675e+05    2.92816e+03
 Position Rest.      Potential    Kinetic En.   Total Energy  Conserved En.
    4.63457e+02   -5.23598e+05    8.55657e+04   -4.38032e+05   -4.37230e+05
    Temperature Pres. DC (bar) Pressure (bar)   Constr. rmsd
    2.99345e+02   -2.25369e+02    2.39595e+01    2.76523e-06


DD  step 6999  vol min/aver 0.943  load imb.: force  3.3%
           Step           Time
           7000       14.00000

   Energies (kJ/mol)
           Bond          Angle    Proper Dih. Ryckaert-Bell.          LJ-14
    1.62192e+03    3.79577e+03    2.35246e+02    1.87592e+03    2.70948e+03
     Coulomb-14        LJ (SR)  Disper. corr.   Coulomb (SR)   Coul. recip.
    7.92843e+03    9.27598e+04   -4.54811e+03   -6.32292e+05    2.97911e+03
 Position Rest.      Potential    Kinetic En.   Total Energy  Conserved En.
    4.77707e+02   -5.22457e+05    8.58561e+04   -4.36601e+05   -4.37238e+05
    Temperature Pres. DC (bar) Pressure (bar)   Constr. rmsd
    3.00361e+02   -2.24370e+02   -1.11539e+02    2.69894e-06


DD  step 7499  vol min/aver 0.948  load imb.: force  2.5%
           Step           Time
           7500       15.00000

   Energies (kJ/mol)
           Bond          Angle    Proper Dih. Ryckaert-Bell.          LJ-14
    1.42157e+03    3.80881e+03    2.58911e+02    1.92178e+03    2.59375e+03
     Coulomb-14        LJ (SR)  Disper. corr.   Coulomb (SR)   Coul. recip.
    7.68382e+03    9.36195e+04   -4.55802e+03   -6.33303e+05    2.94786e+03
 Position Rest.      Potential    Kinetic En.   Total Energy  Conserved En.
    4.79432e+02   -5.23126e+05    8.68353e+04   -4.36290e+05   -4.37267e+05
    Temperature Pres. DC (bar) Pressure (bar)   Constr. rmsd
    3.03787e+02   -2.25348e+02   -1.54477e+01    3.24084e-06


DD  step 7999  vol min/aver 0.927  load imb.: force  2.4%
           Step           Time
           8000       16.00000

   Energies (kJ/mol)
           Bond          Angle    Proper Dih. Ryckaert-Bell.          LJ-14
    1.35820e+03    3.61946e+03    2.77326e+02    1.85403e+03    2.82359e+03
     Coulomb-14        LJ (SR)  Disper. corr.   Coulomb (SR)   Coul. recip.
    7.85132e+03    9.22934e+04   -4.57341e+03   -6.33071e+05    2.97971e+03
 Position Rest.      Potential    Kinetic En.   Total Energy  Conserved En.
    4.76020e+02   -5.24112e+05    8.52813e+04   -4.38830e+05   -4.37257e+05
    Temperature Pres. DC (bar) Pressure (bar)   Constr. rmsd
    2.98350e+02   -2.26870e+02   -7.12529e+01    3.27737e-06


DD  step 8499  vol min/aver 0.946  load imb.: force  2.7%
           Step           Time
           8500       17.00000

   Energies (kJ/mol)
           Bond          Angle    Proper Dih. Ryckaert-Bell.          LJ-14
    1.38957e+03    3.70867e+03    2.28594e+02    1.80204e+03    2.75330e+03
     Coulomb-14        LJ (SR)  Disper. corr.   Coulomb (SR)   Coul. recip.
    7.81078e+03    9.24181e+04   -4.57152e+03   -6.32964e+05    2.97205e+03
 Position Rest.      Potential    Kinetic En.   Total Energy  Conserved En.
    4.69002e+02   -5.23984e+05    8.58138e+04   -4.38170e+05   -4.37257e+05
    Temperature Pres. DC (bar) Pressure (bar)   Constr. rmsd
    3.00213e+02   -2.26683e+02   -1.01481e+02    2.90554e-06


DD  step 8999  vol min/aver 0.937  load imb.: force  4.4%
           Step           Time
           9000       18.00000

   Energies (kJ/mol)
           Bond          Angle    Proper Dih. Ryckaert-Bell.          LJ-14
    1.50352e+03    3.62325e+03    2.52475e+02    1.84578e+03    2.64352e+03
     Coulomb-14        LJ (SR)  Disper. corr.   Coulomb (SR)   Coul. recip.
    7.66201e+03    9.28977e+04   -4.54738e+03   -6.33370e+05    3.02273e+03
 Position Rest.      Potential    Kinetic En.   Total Energy  Conserved En.
    4.61359e+02   -5.24005e+05    8.57340e+04   -4.38271e+05   -4.37248e+05
    Temperature Pres. DC (bar) Pressure (bar)   Constr. rmsd
    2.99934e+02   -2.24298e+02   -9.54122e+01    2.74514e-06


DD  step 9499  vol min/aver 0.942  load imb.: force  2.6%
           Step           Time
           9500       19.00000

   Energies (kJ/mol)
           Bond          Angle    Proper Dih. Ryckaert-Bell.          LJ-14
    1.36845e+03    3.80539e+03    2.25863e+02    1.89766e+03    2.67881e+03
     Coulomb-14        LJ (SR)  Disper. corr.   Coulomb (SR)   Coul. recip.
    7.73915e+03    9.30836e+04   -4.56532e+03   -6.32968e+05    2.88712e+03
 Position Rest.      Potential    Kinetic En.   Total Energy  Conserved En.
    4.60566e+02   -5.23387e+05    8.49240e+04   -4.38463e+05   -4.37242e+05
    Temperature Pres. DC (bar) Pressure (bar)   Constr. rmsd
    2.97100e+02   -2.26069e+02    3.98515e+01    2.93220e-06


DD  step 9999  vol min/aver 0.936  load imb.: force  2.5%
           Step           Time
          10000       20.00000

   Energies (kJ/mol)
           Bond          Angle    Proper Dih. Ryckaert-Bell.          LJ-14
    1.62729e+03    3.69494e+03    2.30385e+02    1.90499e+03    2.64688e+03
     Coulomb-14        LJ (SR)  Disper. corr.   Coulomb (SR)   Coul. recip.
    7.72964e+03    9.21939e+04   -4.55040e+03   -6.32625e+05    2.98086e+03
 Position Rest.      Potential    Kinetic En.   Total Energy  Conserved En.
    4.56750e+02   -5.23710e+05    8.52434e+04   -4.38466e+05   -4.37230e+05
    Temperature Pres. DC (bar) Pressure (bar)   Constr. rmsd
    2.98218e+02   -2.24596e+02   -2.46369e+02    2.74042e-06


DD  step 10499  vol min/aver 0.911  load imb.: force  1.5%
           Step           Time
          10500       21.00000

   Energies (kJ/mol)
           Bond          Angle    Proper Dih. Ryckaert-Bell.          LJ-14
    1.44380e+03    3.69314e+03    2.46082e+02    1.87725e+03    2.70919e+03
     Coulomb-14        LJ (SR)  Disper. corr.   Coulomb (SR)   Coul. recip.
    7.88336e+03    9.30566e+04   -4.56968e+03   -6.34829e+05    3.00291e+03
 Position Rest.      Potential    Kinetic En.   Total Energy  Conserved En.
    4.54223e+02   -5.25032e+05    8.53463e+04   -4.39686e+05   -4.37240e+05
    Temperature Pres. DC (bar) Pressure (bar)   Constr. rmsd
    2.98578e+02   -2.26500e+02   -5.17364e+01    2.95881e-06


DD  step 10999  vol min/aver 0.922  load imb.: force  2.1%
           Step           Time
          11000       22.00000

   Energies (kJ/mol)
           Bond          Angle    Proper Dih. Ryckaert-Bell.          LJ-14
    1.52002e+03    3.78983e+03    2.35873e+02    1.81464e+03    2.72088e+03
     Coulomb-14        LJ (SR)  Disper. corr.   Coulomb (SR)   Coul. recip.
    7.82231e+03    9.36569e+04   -4.57269e+03   -6.34038e+05    2.91947e+03
 Position Rest.      Potential    Kinetic En.   Total Energy  Conserved En.
    5.06457e+02   -5.23625e+05    8.60640e+04   -4.37561e+05   -4.37250e+05
    Temperature Pres. DC (bar) Pressure (bar)   Constr. rmsd
    3.01088e+02   -2.26798e+02    1.06879e+02    2.88120e-06


DD  step 11499  vol min/aver 0.929  load imb.: force  1.4%
           Step           Time
          11500       23.00000

   Energies (kJ/mol)
           Bond          Angle    Proper Dih. Ryckaert-Bell.          LJ-14
    1.39046e+03    3.71661e+03    2.59263e+02    1.84469e+03    2.75810e+03
     Coulomb-14        LJ (SR)  Disper. corr.   Coulomb (SR)   Coul. recip.
    7.76659e+03    9.25464e+04   -4.55665e+03   -6.32899e+05    2.87024e+03
 Position Rest.      Potential    Kinetic En.   Total Energy  Conserved En.
    4.32936e+02   -5.23871e+05    8.46213e+04   -4.39249e+05   -4.37236e+05
    Temperature Pres. DC (bar) Pressure (bar)   Constr. rmsd
    2.96041e+02   -2.25212e+02   -4.57246e+01    2.77715e-06


DD  step 11999  vol min/aver 0.941  load imb.: force  6.0%
           Step           Time
          12000       24.00000

   Energies (kJ/mol)
           Bond          Angle    Proper Dih. Ryckaert-Bell.          LJ-14
    1.49203e+03    3.80191e+03    2.12424e+02    1.74391e+03    2.64416e+03
     Coulomb-14        LJ (SR)  Disper. corr.   Coulomb (SR)   Coul. recip.
    7.71043e+03    9.30891e+04   -4.55951e+03   -6.34084e+05    2.91261e+03
 Position Rest.      Potential    Kinetic En.   Total Energy  Conserved En.
    4.36256e+02   -5.24600e+05    8.53332e+04   -4.39267e+05   -4.37239e+05
    Temperature Pres. DC (bar) Pressure (bar)   Constr. rmsd
    2.98532e+02   -2.25495e+02   -1.12599e+02    2.94881e-06


DD  step 12499  vol min/aver 0.952  load imb.: force  2.9%
           Step           Time
          12500       25.00000

   Energies (kJ/mol)
           Bond          Angle    Proper Dih. Ryckaert-Bell.          LJ-14
    1.36761e+03    3.79410e+03    2.24696e+02    1.83626e+03    2.75421e+03
     Coulomb-14        LJ (SR)  Disper. corr.   Coulomb (SR)   Coul. recip.
    7.81640e+03    9.39635e+04   -4.56801e+03   -6.35305e+05    2.87427e+03
 Position Rest.      Potential    Kinetic En.   Total Energy  Conserved En.
    4.76864e+02   -5.24765e+05    8.63440e+04   -4.38421e+05   -4.37251e+05
    Temperature Pres. DC (bar) Pressure (bar)   Constr. rmsd
    3.02068e+02   -2.26335e+02    1.58825e+02    2.88098e-06


DD  step 12999  vol min/aver 0.914  load imb.: force  3.5%
           Step           Time
          13000       26.00000

   Energies (kJ/mol)
           Bond          Angle    Proper Dih. Ryckaert-Bell.          LJ-14
    1.43462e+03    3.60708e+03    2.51325e+02    1.89520e+03    2.67075e+03
     Coulomb-14        LJ (SR)  Disper. corr.   Coulomb (SR)   Coul. recip.
    7.68850e+03    9.40172e+04   -4.56078e+03   -6.36100e+05    2.94145e+03
 Position Rest.      Potential    Kinetic En.   Total Energy  Conserved En.
    4.74603e+02   -5.25681e+05    8.49411e+04   -4.40740e+05   -4.37236e+05
    Temperature Pres. DC (bar) Pressure (bar)   Constr. rmsd
    2.97160e+02   -2.25620e+02    1.17291e+02    2.47704e-06


DD  step 13499  vol min/aver 0.928  load imb.: force  2.0%
           Step           Time
          13500       27.00000

   Energies (kJ/mol)
           Bond          Angle    Proper Dih. Ryckaert-Bell.          LJ-14
    1.53327e+03    3.65987e+03    2.75743e+02    1.83683e+03    2.60409e+03
     Coulomb-14        LJ (SR)  Disper. corr.   Coulomb (SR)   Coul. recip.
    7.68313e+03    9.40485e+04   -4.57196e+03   -6.35646e+05    2.96304e+03
 Position Rest.      Potential    Kinetic En.   Total Energy  Conserved En.
    5.08449e+02   -5.25105e+05    8.53680e+04   -4.39737e+05   -4.37241e+05
    Temperature Pres. DC (bar) Pressure (bar)   Constr. rmsd
    2.98654e+02   -2.26726e+02   -4.48720e+01    2.84934e-06


DD  step 13999  vol min/aver 0.934  load imb.: force  2.9%
           Step           Time
          14000       28.00000

   Energies (kJ/mol)
           Bond          Angle    Proper Dih. Ryckaert-Bell.          LJ-14
    1.40304e+03    3.65206e+03    2.59962e+02    1.80516e+03    2.72185e+03
     Coulomb-14        LJ (SR)  Disper. corr.   Coulomb (SR)   Coul. recip.
    7.74248e+03    9.51072e+04   -4.56524e+03   -6.36047e+05    2.94805e+03
 Position Rest.      Potential    Kinetic En.   Total Energy  Conserved En.
    4.75411e+02   -5.24497e+05    8.53769e+04   -4.39121e+05   -4.37251e+05
    Temperature Pres. DC (bar) Pressure (bar)   Constr. rmsd
    2.98685e+02   -2.26062e+02    3.71860e+02    3.43286e-06


DD  step 14499  vol min/aver 0.935  load imb.: force  3.8%
           Step           Time
          14500       29.00000

   Energies (kJ/mol)
           Bond          Angle    Proper Dih. Ryckaert-Bell.          LJ-14
    1.49000e+03    3.86179e+03    2.36247e+02    1.80611e+03    2.60513e+03
     Coulomb-14        LJ (SR)  Disper. corr.   Coulomb (SR)   Coul. recip.
    7.71998e+03    9.47535e+04   -4.57184e+03   -6.36981e+05    2.87447e+03
 Position Rest.      Potential    Kinetic En.   Total Energy  Conserved En.
    5.11964e+02   -5.25694e+05    8.59088e+04   -4.39785e+05   -4.37224e+05
    Temperature Pres. DC (bar) Pressure (bar)   Constr. rmsd
    3.00545e+02   -2.26715e+02    5.06712e+01    3.14390e-06


DD  step 14999  vol min/aver 0.941  load imb.: force  3.4%
           Step           Time
          15000       30.00000

   Energies (kJ/mol)
           Bond          Angle    Proper Dih. Ryckaert-Bell.          LJ-14
    1.44961e+03    3.66789e+03    2.26330e+02    1.86072e+03    2.56851e+03
     Coulomb-14        LJ (SR)  Disper. corr.   Coulomb (SR)   Coul. recip.
    7.71783e+03    9.44643e+04   -4.56881e+03   -6.35888e+05    2.91326e+03
 Position Rest.      Potential    Kinetic En.   Total Energy  Conserved En.
    4.62747e+02   -5.25126e+05    8.52459e+04   -4.39880e+05   -4.37208e+05
    Temperature Pres. DC (bar) Pressure (bar)   Constr. rmsd
    2.98226e+02   -2.26414e+02    9.21640e+01    2.93273e-06


DD  step 15499  vol min/aver 0.924  load imb.: force  1.4%
           Step           Time
          15500       31.00000

   Energies (kJ/mol)
           Bond          Angle    Proper Dih. Ryckaert-Bell.          LJ-14
    1.42612e+03    3.67832e+03    2.30787e+02    1.79720e+03    2.63511e+03
     Coulomb-14        LJ (SR)  Disper. corr.   Coulomb (SR)   Coul. recip.
    7.90020e+03    9.30108e+04   -4.55814e+03   -6.34622e+05    2.96433e+03
 Position Rest.      Potential    Kinetic En.   Total Energy  Conserved En.
    4.36380e+02   -5.25101e+05    8.57861e+04   -4.39315e+05   -4.37230e+05
    Temperature Pres. DC (bar) Pressure (bar)   Constr. rmsd
    3.00116e+02   -2.25359e+02   -1.43474e+02    2.88949e-06


DD  step 15999  vol min/aver 0.923  load imb.: force  2.6%
           Step           Time
          16000       32.00000

   Energies (kJ/mol)
           Bond          Angle    Proper Dih. Ryckaert-Bell.          LJ-14
    1.51868e+03    3.61873e+03    2.39264e+02    1.89260e+03    2.71449e+03
     Coulomb-14        LJ (SR)  Disper. corr.   Coulomb (SR)   Coul. recip.
    7.81386e+03    9.35561e+04   -4.57471e+03   -6.34972e+05    2.92585e+03
 Position Rest.      Potential    Kinetic En.   Total Energy  Conserved En.
    4.84353e+02   -5.24783e+05    8.58343e+04   -4.38948e+05   -4.37211e+05
    Temperature Pres. DC (bar) Pressure (bar)   Constr. rmsd
    3.00285e+02   -2.26999e+02    9.11527e+01    2.72012e-06


DD  step 16499  vol min/aver 0.945  load imb.: force  2.9%
           Step           Time
          16500       33.00000

   Energies (kJ/mol)
           Bond          Angle    Proper Dih. Ryckaert-Bell.          LJ-14
    1.45821e+03    3.73148e+03    2.43749e+02    1.81152e+03    2.69154e+03
     Coulomb-14        LJ (SR)  Disper. corr.   Coulomb (SR)   Coul. recip.
    7.68429e+03    9.37810e+04   -4.57661e+03   -6.34708e+05    2.83657e+03
 Position Rest.      Potential    Kinetic En.   Total Energy  Conserved En.
    4.85075e+02   -5.24561e+05    8.61941e+04   -4.38367e+05   -4.37204e+05
    Temperature Pres. DC (bar) Pressure (bar)   Constr. rmsd
    3.01543e+02   -2.27187e+02    9.50247e+01    2.69706e-06


DD  step 16999  vol min/aver 0.932  load imb.: force  3.1%
           Step           Time
          17000       34.00000

   Energies (kJ/mol)
           Bond          Angle    Proper Dih. Ryckaert-Bell.          LJ-14
    1.41074e+03    3.77420e+03    2.52398e+02    1.79238e+03    2.66234e+03
     Coulomb-14        LJ (SR)  Disper. corr.   Coulomb (SR)   Coul. recip.
    7.78834e+03    9.34229e+04   -4.56159e+03   -6.34498e+05    3.04106e+03
 Position Rest.      Potential    Kinetic En.   Total Energy  Conserved En.
    4.50409e+02   -5.24465e+05    8.68822e+04   -4.37583e+05   -4.37221e+05
    Temperature Pres. DC (bar) Pressure (bar)   Constr. rmsd
    3.03951e+02   -2.25701e+02   -7.09319e+01    3.34998e-06


DD  step 17499  vol min/aver 0.943  load imb.: force  2.0%
           Step           Time
          17500       35.00000

   Energies (kJ/mol)
           Bond          Angle    Proper Dih. Ryckaert-Bell.          LJ-14
    1.38828e+03    3.73138e+03    2.50108e+02    1.76738e+03    2.62493e+03
     Coulomb-14        LJ (SR)  Disper. corr.   Coulomb (SR)   Coul. recip.
    7.67084e+03    9.34167e+04   -4.54979e+03   -6.33995e+05    2.91394e+03
 Position Rest.      Potential    Kinetic En.   Total Energy  Conserved En.
    4.93876e+02   -5.24287e+05    8.60368e+04   -4.38250e+05   -4.37224e+05
    Temperature Pres. DC (bar) Pressure (bar)   Constr. rmsd
    3.00993e+02   -2.24535e+02   -7.72405e+01    2.84176e-06


DD  step 17999  vol min/aver 0.936  load imb.: force  8.8%
           Step           Time
          18000       36.00000

   Energies (kJ/mol)
           Bond          Angle    Proper Dih. Ryckaert-Bell.          LJ-14
    1.38941e+03    3.76599e+03    2.53968e+02    1.85135e+03    2.65143e+03
     Coulomb-14        LJ (SR)  Disper. corr.   Coulomb (SR)   Coul. recip.
    7.67932e+03    9.42370e+04   -4.57335e+03   -6.35123e+05    2.94111e+03
 Position Rest.      Potential    Kinetic En.   Total Energy  Conserved En.
    4.79465e+02   -5.24448e+05    8.58444e+04   -4.38603e+05   -4.37210e+05
    Temperature Pres. DC (bar) Pressure (bar)   Constr. rmsd
    3.00320e+02   -2.26864e+02    1.11440e+02    2.86210e-06


DD  step 18499  vol min/aver 0.934  load imb.: force  2.5%
           Step           Time
          18500       37.00000

   Energies (kJ/mol)
           Bond          Angle    Proper Dih. Ryckaert-Bell.          LJ-14
    1.52682e+03    3.65869e+03    2.63569e+02    1.78296e+03    2.66012e+03
     Coulomb-14        LJ (SR)  Disper. corr.   Coulomb (SR)   Coul. recip.
    7.74362e+03    9.41457e+04   -4.56523e+03   -6.35506e+05    2.96707e+03
 Position Rest.      Potential    Kinetic En.   Total Energy  Conserved En.
    4.46732e+02   -5.24876e+05    8.65708e+04   -4.38306e+05   -4.37211e+05
    Temperature Pres. DC (bar) Pressure (bar)   Constr. rmsd
    3.02861e+02   -2.26060e+02    4.03250e+00    2.97418e-06


DD  step 18999  vol min/aver 0.916  load imb.: force  1.9%
           Step           Time
          19000       38.00000

   Energies (kJ/mol)
           Bond          Angle    Proper Dih. Ryckaert-Bell.          LJ-14
    1.38438e+03    3.75189e+03    3.10668e+02    1.82258e+03    2.77883e+03
     Coulomb-14        LJ (SR)  Disper. corr.   Coulomb (SR)   Coul. recip.
    7.82737e+03    9.40858e+04   -4.56171e+03   -6.35329e+05    2.88125e+03
 Position Rest.      Potential    Kinetic En.   Total Energy  Conserved En.
    4.51050e+02   -5.24597e+05    8.56644e+04   -4.38933e+05   -4.37195e+05
    Temperature Pres. DC (bar) Pressure (bar)   Constr. rmsd
    2.99690e+02   -2.25712e+02    3.05740e+02    2.73754e-06


DD  step 19499  vol min/aver 0.931  load imb.: force  1.4%
           Step           Time
          19500       39.00000

   Energies (kJ/mol)
           Bond          Angle    Proper Dih. Ryckaert-Bell.          LJ-14
    1.45008e+03    3.68774e+03    2.88096e+02    1.85572e+03    2.71654e+03
     Coulomb-14        LJ (SR)  Disper. corr.   Coulomb (SR)   Coul. recip.
    7.60525e+03    9.32866e+04   -4.54700e+03   -6.32783e+05    2.98764e+03
 Position Rest.      Potential    Kinetic En.   Total Energy  Conserved En.
    4.91627e+02   -5.22961e+05    8.64658e+04   -4.36495e+05   -4.37198e+05
    Temperature Pres. DC (bar) Pressure (bar)   Constr. rmsd
    3.02494e+02   -2.24260e+02   -6.48792e+00    3.01495e-06


DD  step 19999  vol min/aver 0.934  load imb.: force  3.4%
           Step           Time
          20000       40.00000

   Energies (kJ/mol)
           Bond          Angle    Proper Dih. Ryckaert-Bell.          LJ-14
    1.42267e+03    3.64771e+03    2.40069e+02    1.85480e+03    2.60083e+03
     Coulomb-14        LJ (SR)  Disper. corr.   Coulomb (SR)   Coul. recip.
    7.77181e+03    9.40608e+04   -4.56680e+03   -6.36077e+05    2.88568e+03
 Position Rest.      Potential    Kinetic En.   Total Energy  Conserved En.
    4.31504e+02   -5.25728e+05    8.58914e+04   -4.39837e+05   -4.37211e+05
    Temperature Pres. DC (bar) Pressure (bar)   Constr. rmsd
    3.00485e+02   -2.26216e+02    3.75804e+01    2.87633e-06


DD  step 20499  vol min/aver 0.913  load imb.: force  2.3%
           Step           Time
          20500       41.00000

   Energies (kJ/mol)
           Bond          Angle    Proper Dih. Ryckaert-Bell.          LJ-14
    1.46560e+03    3.57481e+03    2.61631e+02    1.82936e+03    2.66536e+03
     Coulomb-14        LJ (SR)  Disper. corr.   Coulomb (SR)   Coul. recip.
    7.74730e+03    9.33357e+04   -4.56558e+03   -6.34769e+05    2.94444e+03
 Position Rest.      Potential    Kinetic En.   Total Energy  Conserved En.
    4.57302e+02   -5.25053e+05    8.51330e+04   -4.39920e+05   -4.37209e+05
    Temperature Pres. DC (bar) Pressure (bar)   Constr. rmsd
    2.97832e+02   -2.26095e+02   -6.79893e+01    2.69949e-06


DD  step 20999  vol min/aver 0.952  load imb.: force  5.8%
           Step           Time
          21000       42.00000

   Energies (kJ/mol)
           Bond          Angle    Proper Dih. Ryckaert-Bell.          LJ-14
    1.45454e+03    3.78568e+03    2.48035e+02    1.81101e+03    2.63120e+03
     Coulomb-14        LJ (SR)  Disper. corr.   Coulomb (SR)   Coul. recip.
    7.76646e+03    9.31335e+04   -4.58108e+03   -6.33508e+05    3.11512e+03
 Position Rest.      Potential    Kinetic En.   Total Energy  Conserved En.
    4.70834e+02   -5.23673e+05    8.47254e+04   -4.38947e+05   -4.37192e+05
    Temperature Pres. DC (bar) Pressure (bar)   Constr. rmsd
    2.96406e+02   -2.27631e+02   -5.58078e+01    2.95614e-06


DD  step 21499  vol min/aver 0.933  load imb.: force  2.5%
           Step           Time
          21500       43.00000

   Energies (kJ/mol)
           Bond          Angle    Proper Dih. Ryckaert-Bell.          LJ-14
    1.51012e+03    3.78581e+03    2.58118e+02    1.89303e+03    2.65928e+03
     Coulomb-14        LJ (SR)  Disper. corr.   Coulomb (SR)   Coul. recip.
    7.75856e+03    9.35377e+04   -4.56396e+03   -6.35309e+05    2.94542e+03
 Position Rest.      Potential    Kinetic En.   Total Energy  Conserved En.
    3.98828e+02   -5.25126e+05    8.63191e+04   -4.38807e+05   -4.37205e+05
    Temperature Pres. DC (bar) Pressure (bar)   Constr. rmsd
    3.01981e+02   -2.25935e+02   -1.00923e+01    3.05496e-06


DD  step 21999  vol min/aver 0.920  load imb.: force  1.6%
           Step           Time
          22000       44.00000

   Energies (kJ/mol)
           Bond          Angle    Proper Dih. Ryckaert-Bell.          LJ-14
    1.37496e+03    3.62949e+03    2.63831e+02    1.78337e+03    2.66424e+03
     Coulomb-14        LJ (SR)  Disper. corr.   Coulomb (SR)   Coul. recip.
    7.78888e+03    9.26283e+04   -4.57219e+03   -6.33816e+05    2.99335e+03
 Position Rest.      Potential    Kinetic En.   Total Energy  Conserved En.
    4.65645e+02   -5.24796e+05    8.56201e+04   -4.39176e+05   -4.37215e+05
    Temperature Pres. DC (bar) Pressure (bar)   Constr. rmsd
    2.99536e+02   -2.26749e+02   -1.70185e+02    3.13740e-06


DD  step 22499  vol min/aver 0.936  load imb.: force  1.9%
           Step           Time
          22500       45.00000

   Energies (kJ/mol)
           Bond          Angle    Proper Dih. Ryckaert-Bell.          LJ-14
    1.55527e+03    3.83772e+03    2.20486e+02    1.81153e+03    2.62100e+03
     Coulomb-14        LJ (SR)  Disper. corr.   Coulomb (SR)   Coul. recip.
    7.73040e+03    9.36255e+04   -4.55977e+03   -6.33463e+05    2.96352e+03
 Position Rest.      Potential    Kinetic En.   Total Energy  Conserved En.
    4.72739e+02   -5.23185e+05    8.63654e+04   -4.36820e+05   -4.37191e+05
    Temperature Pres. DC (bar) Pressure (bar)   Constr. rmsd
    3.02143e+02   -2.25520e+02   -1.00431e+01    2.97560e-06


DD  step 22999  vol min/aver 0.939  load imb.: force  3.3%
           Step           Time
          23000       46.00000

   Energies (kJ/mol)
           Bond          Angle    Proper Dih. Ryckaert-Bell.          LJ-14
    1.50543e+03    3.76708e+03    2.36517e+02    1.82121e+03    2.63897e+03
     Coulomb-14        LJ (SR)  Disper. corr.   Coulomb (SR)   Coul. recip.
    7.79141e+03    9.36342e+04   -4.55328e+03   -6.35777e+05    2.91362e+03
 Position Rest.      Potential    Kinetic En.   Total Energy  Conserved En.
    4.57181e+02   -5.25565e+05    8.52248e+04   -4.40340e+05   -4.37183e+05
    Temperature Pres. DC (bar) Pressure (bar)   Constr. rmsd
    2.98153e+02   -2.24879e+02   -1.75777e+02    2.93211e-06


DD  step 23499  vol min/aver 0.928  load imb.: force  2.7%
           Step           Time
          23500       47.00000

   Energies (kJ/mol)
           Bond          Angle    Proper Dih. Ryckaert-Bell.          LJ-14
    1.36233e+03    3.72556e+03    2.49652e+02    1.83376e+03    2.64757e+03
     Coulomb-14        LJ (SR)  Disper. corr.   Coulomb (SR)   Coul. recip.
    7.78562e+03    9.26988e+04   -4.57551e+03   -6.32918e+05    2.94863e+03
 Position Rest.      Potential    Kinetic En.   Total Energy  Conserved En.
    4.74316e+02   -5.23767e+05    8.53587e+04   -4.38408e+05   -4.37207e+05
    Temperature Pres. DC (bar) Pressure (bar)   Constr. rmsd
    2.98621e+02   -2.27078e+02   -1.30886e+02    3.37622e-06


DD  step 23999  vol min/aver 0.930  load imb.: force  4.0%
           Step           Time
          24000       48.00000

   Energies (kJ/mol)
           Bond          Angle    Proper Dih. Ryckaert-Bell.          LJ-14
    1.43566e+03    3.72985e+03    2.71470e+02    1.92347e+03    2.64921e+03
     Coulomb-14        LJ (SR)  Disper. corr.   Coulomb (SR)   Coul. recip.
    7.66455e+03    9.29471e+04   -4.55766e+03   -6.33815e+05    2.87787e+03
 Position Rest.      Potential    Kinetic En.   Total Energy  Conserved En.
    4.66221e+02   -5.24407e+05    8.51441e+04   -4.39263e+05   -4.37196e+05
    Temperature Pres. DC (bar) Pressure (bar)   Constr. rmsd
    2.97870e+02   -2.25312e+02   -2.06715e+02    2.74506e-06


DD  step 24499  vol min/aver 0.928  load imb.: force  1.2%
           Step           Time
          24500       49.00000

   Energies (kJ/mol)
           Bond          Angle    Proper Dih. Ryckaert-Bell.          LJ-14
    1.42966e+03    3.61935e+03    2.34087e+02    1.87340e+03    2.76201e+03
     Coulomb-14        LJ (SR)  Disper. corr.   Coulomb (SR)   Coul. recip.
    7.67500e+03    9.29903e+04   -4.55500e+03   -6.35197e+05    2.90030e+03
 Position Rest.      Potential    Kinetic En.   Total Energy  Conserved En.
    4.44669e+02   -5.25824e+05    8.51700e+04   -4.40654e+05   -4.37186e+05
    Temperature Pres. DC (bar) Pressure (bar)   Constr. rmsd
    2.97961e+02   -2.25049e+02   -8.86112e+01    2.78176e-06


DD  step 24999  vol min/aver 0.930  load imb.: force  3.1%
           Step           Time
          25000       50.00000

   Energies (kJ/mol)
           Bond          Angle    Proper Dih. Ryckaert-Bell.          LJ-14
    1.52588e+03    3.76988e+03    2.37562e+02    1.74124e+03    2.66162e+03
     Coulomb-14        LJ (SR)  Disper. corr.   Coulomb (SR)   Coul. recip.
    7.78807e+03    9.41471e+04   -4.55853e+03   -6.35064e+05    3.02146e+03
 Position Rest.      Potential    Kinetic En.   Total Energy  Conserved En.
    4.73698e+02   -5.24256e+05    8.49790e+04   -4.39277e+05   -4.37171e+05
    Temperature Pres. DC (bar) Pressure (bar)   Constr. rmsd
    2.97293e+02   -2.25398e+02   -2.81002e+01    3.02396e-06


DD  step 25499  vol min/aver 0.931  load imb.: force  2.2%
           Step           Time
          25500       51.00000

   Energies (kJ/mol)
           Bond          Angle    Proper Dih. Ryckaert-Bell.          LJ-14
    1.56897e+03    3.71757e+03    2.43951e+02    1.75132e+03    2.66841e+03
     Coulomb-14        LJ (SR)  Disper. corr.   Coulomb (SR)   Coul. recip.
    7.74823e+03    9.23313e+04   -4.55210e+03   -6.33399e+05    2.92520e+03
 Position Rest.      Potential    Kinetic En.   Total Energy  Conserved En.
    4.04731e+02   -5.24591e+05    8.61002e+04   -4.38491e+05   -4.37183e+05
    Temperature Pres. DC (bar) Pressure (bar)   Constr. rmsd
    3.01215e+02   -2.24764e+02   -3.40825e+02    2.79798e-06


DD  step 25999  vol min/aver 0.938  load imb.: force  5.4%
           Step           Time
          26000       52.00000

   Energies (kJ/mol)
           Bond          Angle    Proper Dih. Ryckaert-Bell.          LJ-14
    1.44357e+03    3.61224e+03    2.07226e+02    1.73541e+03    2.67247e+03
     Coulomb-14        LJ (SR)  Disper. corr.   Coulomb (SR)   Coul. recip.
    7.81469e+03    9.26382e+04   -4.56897e+03   -6.35116e+05    2.94081e+03
 Position Rest.      Potential    Kinetic En.   Total Energy  Conserved En.
    4.54701e+02   -5.26166e+05    8.57100e+04   -4.40456e+05   -4.37205e+05
    Temperature Pres. DC (bar) Pressure (bar)   Constr. rmsd
    2.99850e+02   -2.26430e+02   -1.55056e+02    2.69222e-06


DD  step 26499  vol min/aver 0.925  load imb.: force  8.2%
           Step           Time
          26500       53.00000

   Energies (kJ/mol)
           Bond          Angle    Proper Dih. Ryckaert-Bell.          LJ-14
    1.33711e+03    3.66939e+03    2.83506e+02    1.85316e+03    2.70662e+03
     Coulomb-14        LJ (SR)  Disper. corr.   Coulomb (SR)   Coul. recip.
    7.70265e+03    9.38917e+04   -4.57401e+03   -6.36389e+05    2.99721e+03
 Position Rest.      Potential    Kinetic En.   Total Energy  Conserved En.
    4.62570e+02   -5.26059e+05    8.64447e+04   -4.39615e+05   -4.37202e+05
    Temperature Pres. DC (bar) Pressure (bar)   Constr. rmsd
    3.02420e+02   -2.26930e+02    1.65670e+02    2.97833e-06


DD  step 26999  vol min/aver 0.934  load imb.: force  2.1%
           Step           Time
          27000       54.00000

   Energies (kJ/mol)
           Bond          Angle    Proper Dih. Ryckaert-Bell.          LJ-14
    1.46579e+03    3.69215e+03    2.52520e+02    1.82156e+03    2.74164e+03
     Coulomb-14        LJ (SR)  Disper. corr.   Coulomb (SR)   Coul. recip.
    7.73914e+03    9.42219e+04   -4.56630e+03   -6.35778e+05    3.00937e+03
 Position Rest.      Potential    Kinetic En.   Total Energy  Conserved En.
    4.65102e+02   -5.24935e+05    8.57290e+04   -4.39206e+05   -4.37196e+05
    Temperature Pres. DC (bar) Pressure (bar)   Constr. rmsd
    2.99917e+02   -2.26166e+02    1.38545e+02    2.78570e-06


DD  step 27499  vol min/aver 0.941  load imb.: force  1.8%
           Step           Time
          27500       55.00000

   Energies (kJ/mol)
           Bond          Angle    Proper Dih. Ryckaert-Bell.          LJ-14
    1.46166e+03    3.71760e+03    2.55922e+02    1.77325e+03    2.66910e+03
     Coulomb-14        LJ (SR)  Disper. corr.   Coulomb (SR)   Coul. recip.
    7.75981e+03    9.41126e+04   -4.57071e+03   -6.36253e+05    2.89863e+03
 Position Rest.      Potential    Kinetic En.   Total Energy  Conserved En.
    4.54682e+02   -5.25720e+05    8.63746e+04   -4.39346e+05   -4.37199e+05
    Temperature Pres. DC (bar) Pressure (bar)   Constr. rmsd
    3.02175e+02   -2.26603e+02    1.27805e+02    2.56445e-06


DD  step 27999  vol min/aver 0.945  load imb.: force  2.5%
           Step           Time
          28000       56.00000

   Energies (kJ/mol)
           Bond          Angle    Proper Dih. Ryckaert-Bell.          LJ-14
    1.39466e+03    3.82264e+03    2.20636e+02    1.76619e+03    2.66154e+03
     Coulomb-14        LJ (SR)  Disper. corr.   Coulomb (SR)   Coul. recip.
    7.83328e+03    9.38597e+04   -4.57388e+03   -6.34954e+05    2.92795e+03
 Position Rest.      Potential    Kinetic En.   Total Energy  Conserved En.
    5.31863e+02   -5.24510e+05    8.61096e+04   -4.38400e+05   -4.37200e+05
    Temperature Pres. DC (bar) Pressure (bar)   Constr. rmsd
    3.01248e+02   -2.26917e+02    1.01674e+02    2.95071e-06


DD  step 28499  vol min/aver 0.930  load imb.: force  2.1%
           Step           Time
          28500       57.00000

   Energies (kJ/mol)
           Bond          Angle    Proper Dih. Ryckaert-Bell.          LJ-14
    1.47054e+03    3.74911e+03    2.73727e+02    1.81333e+03    2.64429e+03
     Coulomb-14        LJ (SR)  Disper. corr.   Coulomb (SR)   Coul. recip.
    7.80328e+03    9.57848e+04   -4.58470e+03   -6.37293e+05    2.91494e+03
 Position Rest.      Potential    Kinetic En.   Total Energy  Conserved En.
    5.09959e+02   -5.24913e+05    8.56471e+04   -4.39266e+05   -4.37173e+05
    Temperature Pres. DC (bar) Pressure (bar)   Constr. rmsd
    2.99630e+02   -2.27990e+02    2.73124e+02    2.76911e-06


DD  step 28999  vol min/aver 0.947  load imb.: force  2.3%
           Step           Time
          29000       58.00000

   Energies (kJ/mol)
           Bond          Angle    Proper Dih. Ryckaert-Bell.          LJ-14
    1.35260e+03    3.76300e+03    2.37296e+02    1.82044e+03    2.70612e+03
     Coulomb-14        LJ (SR)  Disper. corr.   Coulomb (SR)   Coul. recip.
    7.89815e+03    9.42869e+04   -4.57726e+03   -6.36650e+05    2.89089e+03
 Position Rest.      Potential    Kinetic En.   Total Energy  Conserved En.
    4.18151e+02   -5.25853e+05    8.54332e+04   -4.40420e+05   -4.37181e+05
    Temperature Pres. DC (bar) Pressure (bar)   Constr. rmsd
    2.98882e+02   -2.27252e+02    9.84765e+01    2.71276e-06


DD  step 29499  vol min/aver 0.936  load imb.: force  5.4%
           Step           Time
          29500       59.00000

   Energies (kJ/mol)
           Bond          Angle    Proper Dih. Ryckaert-Bell.          LJ-14
    1.43446e+03    3.81403e+03    2.22392e+02    1.77145e+03    2.63445e+03
     Coulomb-14        LJ (SR)  Disper. corr.   Coulomb (SR)   Coul. recip.
    7.80192e+03    9.27660e+04   -4.56438e+03   -6.34059e+05    2.95526e+03
 Position Rest.      Potential    Kinetic En.   Total Energy  Conserved En.
    4.81051e+02   -5.24742e+05    8.57247e+04   -4.39018e+05   -4.37184e+05
    Temperature Pres. DC (bar) Pressure (bar)   Constr. rmsd
    2.99901e+02   -2.25976e+02   -1.75309e+02    3.06112e-06


DD  step 29999  vol min/aver 0.917  load imb.: force  2.4%
           Step           Time
          30000       60.00000

   Energies (kJ/mol)
           Bond          Angle    Proper Dih. Ryckaert-Bell.          LJ-14
    1.47538e+03    3.63286e+03    2.54011e+02    1.81131e+03    2.66651e+03
     Coulomb-14        LJ (SR)  Disper. corr.   Coulomb (SR)   Coul. recip.
    7.78970e+03    9.43025e+04   -4.57069e+03   -6.35343e+05    2.97131e+03
 Position Rest.      Potential    Kinetic En.   Total Energy  Conserved En.
    5.17634e+02   -5.24493e+05    8.58687e+04   -4.38624e+05   -4.37185e+05
    Temperature Pres. DC (bar) Pressure (bar)   Constr. rmsd
    3.00405e+02   -2.26601e+02    4.59693e+01    2.84045e-06


DD  step 30499  vol min/aver 0.925  load imb.: force  2.7%
           Step           Time
          30500       61.00000

   Energies (kJ/mol)
           Bond          Angle    Proper Dih. Ryckaert-Bell.          LJ-14
    1.49225e+03    3.71777e+03    2.54510e+02    1.83636e+03    2.66157e+03
     Coulomb-14        LJ (SR)  Disper. corr.   Coulomb (SR)   Coul. recip.
    7.71793e+03    9.36174e+04   -4.55804e+03   -6.34481e+05    2.98599e+03
 Position Rest.      Potential    Kinetic En.   Total Energy  Conserved En.
    4.99766e+02   -5.24256e+05    8.55769e+04   -4.38679e+05   -4.37176e+05
    Temperature Pres. DC (bar) Pressure (bar)   Constr. rmsd
    2.99385e+02   -2.25349e+02   -5.69983e+00    2.86100e-06


DD  step 30999  vol min/aver 0.921  load imb.: force  3.3%
           Step           Time
          31000       62.00000

   Energies (kJ/mol)
           Bond          Angle    Proper Dih. Ryckaert-Bell.          LJ-14
    1.55801e+03    3.62690e+03    2.45195e+02    1.87082e+03    2.69167e+03
     Coulomb-14        LJ (SR)  Disper. corr.   Coulomb (SR)   Coul. recip.
    7.69213e+03    9.24540e+04   -4.55339e+03   -6.33634e+05    2.87506e+03
 Position Rest.      Potential    Kinetic En.   Total Energy  Conserved En.
    5.26747e+02   -5.24647e+05    8.68862e+04   -4.37761e+05   -4.37205e+05
    Temperature Pres. DC (bar) Pressure (bar)   Constr. rmsd
    3.03965e+02   -2.24890e+02   -2.15114e+02    2.53819e-06


DD  step 31499  vol min/aver 0.929  load imb.: force  1.8%
           Step           Time
          31500       63.00000

   Energies (kJ/mol)
           Bond          Angle    Proper Dih. Ryckaert-Bell.          LJ-14
    1.45772e+03    3.68304e+03    2.57247e+02    1.81714e+03    2.66221e+03
     Coulomb-14        LJ (SR)  Disper. corr.   Coulomb (SR)   Coul. recip.
    7.69246e+03    9.41028e+04   -4.56796e+03   -6.34950e+05    3.01939e+03
 Position Rest.      Potential    Kinetic En.   Total Energy  Conserved En.
    4.69131e+02   -5.24357e+05    8.61485e+04   -4.38208e+05   -4.37187e+05
    Temperature Pres. DC (bar) Pressure (bar)   Constr. rmsd
    3.01384e+02   -2.26330e+02    1.25770e+02    2.88142e-06


DD  step 31999  vol min/aver 0.933  load imb.: force  3.6%
           Step           Time
          32000       64.00000

   Energies (kJ/mol)
           Bond          Angle    Proper Dih. Ryckaert-Bell.          LJ-14
    1.48357e+03    3.80537e+03    2.30361e+02    1.85695e+03    2.66351e+03
     Coulomb-14        LJ (SR)  Disper. corr.   Coulomb (SR)   Coul. recip.
    7.73700e+03    9.18711e+04   -4.54397e+03   -6.31335e+05    3.02989e+03
 Position Rest.      Potential    Kinetic En.   Total Energy  Conserved En.
    5.27248e+02   -5.22674e+05    8.56685e+04   -4.37005e+05   -4.37189e+05
    Temperature Pres. DC (bar) Pressure (bar)   Constr. rmsd
    2.99705e+02   -2.23962e+02   -2.01657e+02    2.78650e-06


DD  step 32499  vol min/aver 0.925  load imb.: force  2.9%
           Step           Time
          32500       65.00000

   Energies (kJ/mol)
           Bond          Angle    Proper Dih. Ryckaert-Bell.          LJ-14
    1.38549e+03    3.71111e+03    2.14968e+02    1.82635e+03    2.65202e+03
     Coulomb-14        LJ (SR)  Disper. corr.   Coulomb (SR)   Coul. recip.
    7.73850e+03    9.30688e+04   -4.55734e+03   -6.34778e+05    2.98445e+03
 Position Rest.      Potential    Kinetic En.   Total Energy  Conserved En.
    4.90786e+02   -5.25263e+05    8.54873e+04   -4.39776e+05   -4.37173e+05
    Temperature Pres. DC (bar) Pressure (bar)   Constr. rmsd
    2.99071e+02   -2.25281e+02   -1.87834e+02    2.74346e-06


DD  step 32999  vol min/aver 0.936  load imb.: force  2.1%
           Step           Time
          33000       66.00000

   Energies (kJ/mol)
           Bond          Angle    Proper Dih. Ryckaert-Bell.          LJ-14
    1.43108e+03    3.81396e+03    2.53136e+02    1.84039e+03    2.71466e+03
     Coulomb-14        LJ (SR)  Disper. corr.   Coulomb (SR)   Coul. recip.
    7.77230e+03    9.36210e+04   -4.56433e+03   -6.34122e+05    2.94251e+03
 Position Rest.      Potential    Kinetic En.   Total Energy  Conserved En.
    4.49606e+02   -5.23848e+05    8.51328e+04   -4.38715e+05   -4.37177e+05
    Temperature Pres. DC (bar) Pressure (bar)   Constr. rmsd
    2.97831e+02   -2.25972e+02    1.42727e+02    2.80314e-06


DD  step 33499  vol min/aver 0.924  load imb.: force  4.0%
           Step           Time
          33500       67.00000

   Energies (kJ/mol)
           Bond          Angle    Proper Dih. Ryckaert-Bell.          LJ-14
    1.52042e+03    3.80384e+03    2.37565e+02    1.80071e+03    2.63355e+03
     Coulomb-14        LJ (SR)  Disper. corr.   Coulomb (SR)   Coul. recip.
    7.80458e+03    9.42537e+04   -4.55689e+03   -6.35292e+05    2.94124e+03
 Position Rest.      Potential    Kinetic En.   Total Energy  Conserved En.
    4.32319e+02   -5.24421e+05    8.61381e+04   -4.38282e+05   -4.37165e+05
    Temperature Pres. DC (bar) Pressure (bar)   Constr. rmsd
    3.01348e+02   -2.25235e+02    1.04450e+02    2.79510e-06


DD  step 33999  vol min/aver 0.948  load imb.: force  5.0%
           Step           Time
          34000       68.00000

   Energies (kJ/mol)
           Bond          Angle    Proper Dih. Ryckaert-Bell.          LJ-14
    1.62490e+03    3.80380e+03    2.67296e+02    1.82710e+03    2.65574e+03
     Coulomb-14        LJ (SR)  Disper. corr.   Coulomb (SR)   Coul. recip.
    7.70803e+03    9.24669e+04   -4.54820e+03   -6.33564e+05    3.05195e+03
 Position Rest.      Potential    Kinetic En.   Total Energy  Conserved En.
    4.65594e+02   -5.24241e+05    8.61787e+04   -4.38062e+05   -4.37161e+05
    Temperature Pres. DC (bar) Pressure (bar)   Constr. rmsd
    3.01490e+02   -2.24379e+02   -3.42795e+02    3.60995e-06


DD  step 34499  vol min/aver 0.943  load imb.: force  9.1%
           Step           Time
          34500       69.00000

   Energies (kJ/mol)
           Bond          Angle    Proper Dih. Ryckaert-Bell.          LJ-14
    1.37692e+03    3.76202e+03    2.28813e+02    1.73236e+03    2.71090e+03
     Coulomb-14        LJ (SR)  Disper. corr.   Coulomb (SR)   Coul. recip.
    7.78876e+03    9.30142e+04   -4.56045e+03   -6.34264e+05    2.88159e+03
 Position Rest.      Potential    Kinetic En.   Total Energy  Conserved En.
    4.87514e+02   -5.24842e+05    8.62181e+04   -4.38624e+05   -4.37189e+05
    Temperature Pres. DC (bar) Pressure (bar)   Constr. rmsd
    3.01627e+02   -2.25588e+02    1.51097e+02    2.94253e-06


DD  step 34999  vol min/aver 0.950  load imb.: force  3.5%
           Step           Time
          35000       70.00000

   Energies (kJ/mol)
           Bond          Angle    Proper Dih. Ryckaert-Bell.          LJ-14
    1.43405e+03    3.81451e+03    2.63108e+02    1.86335e+03    2.72171e+03
     Coulomb-14        LJ (SR)  Disper. corr.   Coulomb (SR)   Coul. recip.
    7.75562e+03    9.34422e+04   -4.55365e+03   -6.33751e+05    2.90750e+03
 Position Rest.      Potential    Kinetic En.   Total Energy  Conserved En.
    4.70880e+02   -5.23632e+05    8.62705e+04   -4.37362e+05   -4.37170e+05
    Temperature Pres. DC (bar) Pressure (bar)   Constr. rmsd
    3.01811e+02   -2.24916e+02    4.38575e+01    2.87476e-06


DD  step 35499  vol min/aver 0.927  load imb.: force  2.4%
           Step           Time
          35500       71.00000

   Energies (kJ/mol)
           Bond          Angle    Proper Dih. Ryckaert-Bell.          LJ-14
    1.44391e+03    3.73762e+03    3.04036e+02    1.81443e+03    2.63186e+03
     Coulomb-14        LJ (SR)  Disper. corr.   Coulomb (SR)   Coul. recip.
    7.67796e+03    9.36260e+04   -4.55339e+03   -6.33468e+05    2.93833e+03
 Position Rest.      Potential    Kinetic En.   Total Energy  Conserved En.
    4.84505e+02   -5.23363e+05    8.52673e+04   -4.38096e+05   -4.37182e+05
    Temperature Pres. DC (bar) Pressure (bar)   Constr. rmsd
    2.98301e+02   -2.24890e+02    1.08939e+02    2.87510e-06


DD  step 35999  vol min/aver 0.954  load imb.: force  2.4%
           Step           Time
          36000       72.00000

   Energies (kJ/mol)
           Bond          Angle    Proper Dih. Ryckaert-Bell.          LJ-14
    1.45884e+03    3.65259e+03    2.47482e+02    1.75267e+03    2.65635e+03
     Coulomb-14        LJ (SR)  Disper. corr.   Coulomb (SR)   Coul. recip.
    7.73210e+03    9.30768e+04   -4.54306e+03   -6.33775e+05    2.91166e+03
 Position Rest.      Potential    Kinetic En.   Total Energy  Conserved En.
    4.27450e+02   -5.24402e+05    8.52957e+04   -4.39107e+05   -4.37181e+05
    Temperature Pres. DC (bar) Pressure (bar)   Constr. rmsd
    2.98401e+02   -2.23872e+02   -2.38429e+02    2.99253e-06


DD  step 36499  vol min/aver 0.917  load imb.: force  2.4%
           Step           Time
          36500       73.00000

   Energies (kJ/mol)
           Bond          Angle    Proper Dih. Ryckaert-Bell.          LJ-14
    1.36798e+03    3.73262e+03    2.36981e+02    1.86551e+03    2.62470e+03
     Coulomb-14        LJ (SR)  Disper. corr.   Coulomb (SR)   Coul. recip.
    7.71760e+03    9.23825e+04   -4.55329e+03   -6.32396e+05    3.00389e+03
 Position Rest.      Potential    Kinetic En.   Total Energy  Conserved En.
    4.78176e+02   -5.23539e+05    8.69087e+04   -4.36631e+05   -4.37180e+05
    Temperature Pres. DC (bar) Pressure (bar)   Constr. rmsd
    3.04043e+02   -2.24880e+02   -6.50692e+01    3.21312e-06


DD  step 36999  vol min/aver 0.934  load imb.: force  3.0%
           Step           Time
          37000       74.00000

   Energies (kJ/mol)
           Bond          Angle    Proper Dih. Ryckaert-Bell.          LJ-14
    1.53567e+03    3.71780e+03    2.35773e+02    1.71629e+03    2.66130e+03
     Coulomb-14        LJ (SR)  Disper. corr.   Coulomb (SR)   Coul. recip.
    7.75354e+03    9.44288e+04   -4.55691e+03   -6.36321e+05    3.01123e+03
 Position Rest.      Potential    Kinetic En.   Total Energy  Conserved En.
    4.89538e+02   -5.25328e+05    8.51098e+04   -4.40218e+05   -4.37149e+05
    Temperature Pres. DC (bar) Pressure (bar)   Constr. rmsd
    2.97750e+02   -2.25238e+02    9.40200e+01    2.85401e-06


DD  step 37499  vol min/aver 0.935  load imb.: force  2.5%
           Step           Time
          37500       75.00000

   Energies (kJ/mol)
           Bond          Angle    Proper Dih. Ryckaert-Bell.          LJ-14
    1.35550e+03    3.62116e+03    2.55137e+02    1.91521e+03    2.68963e+03
     Coulomb-14        LJ (SR)  Disper. corr.   Coulomb (SR)   Coul. recip.
    7.77085e+03    9.51441e+04   -4.58465e+03   -6.37437e+05    2.81513e+03
 Position Rest.      Potential    Kinetic En.   Total Energy  Conserved En.
    4.81600e+02   -5.25973e+05    8.57692e+04   -4.40204e+05   -4.37166e+05
    Temperature Pres. DC (bar) Pressure (bar)   Constr. rmsd
    3.00057e+02   -2.27985e+02    3.58062e+02    2.70369e-06


DD  step 37999  vol min/aver 0.937  load imb.: force  1.4%
           Step           Time
          38000       76.00000

   Energies (kJ/mol)
           Bond          Angle    Proper Dih. Ryckaert-Bell.          LJ-14
    1.34374e+03    3.63803e+03    2.32032e+02    1.83009e+03    2.69821e+03
     Coulomb-14        LJ (SR)  Disper. corr.   Coulomb (SR)   Coul. recip.
    7.72452e+03    9.33111e+04   -4.56924e+03   -6.36285e+05    2.93059e+03
 Position Rest.      Potential    Kinetic En.   Total Energy  Conserved En.
    4.97098e+02   -5.26649e+05    8.57141e+04   -4.40935e+05   -4.37166e+05
    Temperature Pres. DC (bar) Pressure (bar)   Constr. rmsd
    2.99864e+02   -2.26456e+02   -6.81616e+01    2.58158e-06


DD  step 38499  vol min/aver 0.931  load imb.: force  4.6%
           Step           Time
          38500       77.00000

   Energies (kJ/mol)
           Bond          Angle    Proper Dih. Ryckaert-Bell.          LJ-14
    1.41459e+03    3.88474e+03    2.80353e+02    1.89322e+03    2.66051e+03
     Coulomb-14        LJ (SR)  Disper. corr.   Coulomb (SR)   Coul. recip.
    7.68905e+03    9.20527e+04   -4.56848e+03   -6.32966e+05    2.81292e+03
 Position Rest.      Potential    Kinetic En.   Total Energy  Conserved En.
    4.78161e+02   -5.24368e+05    8.59662e+04   -4.38402e+05   -4.37146e+05
    Temperature Pres. DC (bar) Pressure (bar)   Constr. rmsd
    3.00746e+02   -2.26381e+02   -7.09403e+01    3.01030e-06


DD  step 38999  vol min/aver 0.936  load imb.: force  1.7%
           Step           Time
          39000       78.00000

   Energies (kJ/mol)
           Bond          Angle    Proper Dih. Ryckaert-Bell.          LJ-14
    1.50193e+03    3.83315e+03    2.55469e+02    1.84633e+03    2.62820e+03
     Coulomb-14        LJ (SR)  Disper. corr.   Coulomb (SR)   Coul. recip.
    7.76529e+03    9.38752e+04   -4.57304e+03   -6.34231e+05    2.88604e+03
 Position Rest.      Potential    Kinetic En.   Total Energy  Conserved En.
    5.10945e+02   -5.23701e+05    8.53739e+04   -4.38327e+05   -4.37131e+05
    Temperature Pres. DC (bar) Pressure (bar)   Constr. rmsd
    2.98674e+02   -2.26834e+02    1.03817e+02    2.86363e-06


DD  step 39499  vol min/aver 0.949  load imb.: force  1.8%
           Step           Time
          39500       79.00000

   Energies (kJ/mol)
           Bond          Angle    Proper Dih. Ryckaert-Bell.          LJ-14
    1.39560e+03    3.56582e+03    2.24085e+02    1.86234e+03    2.67572e+03
     Coulomb-14        LJ (SR)  Disper. corr.   Coulomb (SR)   Coul. recip.
    7.73329e+03    9.39258e+04   -4.55637e+03   -6.36860e+05    3.00173e+03
 Position Rest.      Potential    Kinetic En.   Total Energy  Conserved En.
    4.61695e+02   -5.26570e+05    8.58900e+04   -4.40680e+05   -4.37161e+05
    Temperature Pres. DC (bar) Pressure (bar)   Constr. rmsd
    3.00480e+02   -2.25185e+02   -1.33299e+02    2.81260e-06


DD  step 39999  vol min/aver 0.930  load imb.: force  2.4%
           Step           Time
          40000       80.00000

   Energies (kJ/mol)
           Bond          Angle    Proper Dih. Ryckaert-Bell.          LJ-14
    1.43910e+03    3.91803e+03    2.29913e+02    1.79396e+03    2.68399e+03
     Coulomb-14        LJ (SR)  Disper. corr.   Coulomb (SR)   Coul. recip.
    7.71465e+03    9.32051e+04   -4.54621e+03   -6.33660e+05    2.90194e+03
 Position Rest.      Potential    Kinetic En.   Total Energy  Conserved En.
    4.38528e+02   -5.23881e+05    8.64552e+04   -4.37426e+05   -4.37140e+05
    Temperature Pres. DC (bar) Pressure (bar)   Constr. rmsd
    3.02457e+02   -2.24182e+02    1.67846e+01    3.26248e-06


DD  step 40499  vol min/aver 0.922  load imb.: force  2.0%
           Step           Time
          40500       81.00000

   Energies (kJ/mol)
           Bond          Angle    Proper Dih. Ryckaert-Bell.          LJ-14
    1.44845e+03    3.56617e+03    2.40070e+02    1.76393e+03    2.66889e+03
     Coulomb-14        LJ (SR)  Disper. corr.   Coulomb (SR)   Coul. recip.
    7.67609e+03    9.30756e+04   -4.57291e+03   -6.33937e+05    2.90794e+03
 Position Rest.      Potential    Kinetic En.   Total Energy  Conserved En.
    4.69705e+02   -5.24693e+05    8.54458e+04   -4.39247e+05   -4.37171e+05
    Temperature Pres. DC (bar) Pressure (bar)   Constr. rmsd
    2.98926e+02   -2.26820e+02   -5.77202e+01    2.85561e-06


DD  step 40999  vol min/aver 0.951  load imb.: force  3.5%
           Step           Time
          41000       82.00000

   Energies (kJ/mol)
           Bond          Angle    Proper Dih. Ryckaert-Bell.          LJ-14
    1.53919e+03    3.68281e+03    2.45430e+02    1.89612e+03    2.65414e+03
     Coulomb-14        LJ (SR)  Disper. corr.   Coulomb (SR)   Coul. recip.
    7.80138e+03    9.40929e+04   -4.57579e+03   -6.34592e+05    2.93802e+03
 Position Rest.      Potential    Kinetic En.   Total Energy  Conserved En.
    4.73633e+02   -5.23844e+05    8.65680e+04   -4.37276e+05   -4.37168e+05
    Temperature Pres. DC (bar) Pressure (bar)   Constr. rmsd
    3.02852e+02   -2.27106e+02    4.25023e+01    3.11135e-06


DD  step 41499  vol min/aver 0.951  load imb.: force  1.4%
           Step           Time
          41500       83.00000

   Energies (kJ/mol)
           Bond          Angle    Proper Dih. Ryckaert-Bell.          LJ-14
    1.41240e+03    3.60120e+03    2.24962e+02    1.86297e+03    2.74298e+03
     Coulomb-14        LJ (SR)  Disper. corr.   Coulomb (SR)   Coul. recip.
    7.73508e+03    9.27348e+04   -4.56324e+03   -6.32134e+05    2.93935e+03
 Position Rest.      Potential    Kinetic En.   Total Energy  Conserved En.
    4.65432e+02   -5.22978e+05    8.56560e+04   -4.37322e+05   -4.37161e+05
    Temperature Pres. DC (bar) Pressure (bar)   Constr. rmsd
    2.99661e+02   -2.25864e+02    9.69106e+00    3.01890e-06


DD  step 41999  vol min/aver 0.930  load imb.: force  1.7%
           Step           Time
          42000       84.00000

   Energies (kJ/mol)
           Bond          Angle    Proper Dih. Ryckaert-Bell.          LJ-14
    1.41521e+03    3.71450e+03    2.50408e+02    1.74080e+03    2.66599e+03
     Coulomb-14        LJ (SR)  Disper. corr.   Coulomb (SR)   Coul. recip.
    7.72503e+03    9.40807e+04   -4.57854e+03   -6.36184e+05    2.88747e+03
 Position Rest.      Potential    Kinetic En.   Total Energy  Conserved En.
    5.26440e+02   -5.25756e+05    8.53341e+04   -4.40422e+05   -4.37155e+05
    Temperature Pres. DC (bar) Pressure (bar)   Constr. rmsd
    2.98535e+02   -2.27378e+02    8.83736e+01    2.81030e-06


DD  step 42499  vol min/aver 0.937  load imb.: force  4.4%
           Step           Time
          42500       85.00000

   Energies (kJ/mol)
           Bond          Angle    Proper Dih. Ryckaert-Bell.          LJ-14
    1.49846e+03    3.85601e+03    2.40485e+02    1.82435e+03    2.63616e+03
     Coulomb-14        LJ (SR)  Disper. corr.   Coulomb (SR)   Coul. recip.
    7.83614e+03    9.35344e+04   -4.59631e+03   -6.33857e+05    2.95250e+03
 Position Rest.      Potential    Kinetic En.   Total Energy  Conserved En.
    5.05198e+02   -5.23570e+05    8.59751e+04   -4.37595e+05   -4.37142e+05
    Temperature Pres. DC (bar) Pressure (bar)   Constr. rmsd
    3.00777e+02   -2.29145e+02    6.15381e+01    3.10714e-06


DD  step 42999  vol min/aver 0.953  load imb.: force  3.3%
           Step           Time
          43000       86.00000

   Energies (kJ/mol)
           Bond          Angle    Proper Dih. Ryckaert-Bell.          LJ-14
    1.38160e+03    3.74397e+03    2.30419e+02    1.85944e+03    2.67486e+03
     Coulomb-14        LJ (SR)  Disper. corr.   Coulomb (SR)   Coul. recip.
    7.69493e+03    9.45715e+04   -4.58345e+03   -6.36207e+05    2.91219e+03
 Position Rest.      Potential    Kinetic En.   Total Energy  Conserved En.
    4.63285e+02   -5.25258e+05    8.59375e+04   -4.39320e+05   -4.37143e+05
    Temperature Pres. DC (bar) Pressure (bar)   Constr. rmsd
    3.00646e+02   -2.27866e+02    2.63946e+02    2.93916e-06


DD  step 43499  vol min/aver 0.944  load imb.: force  2.3%
           Step           Time
          43500       87.00000

   Energies (kJ/mol)
           Bond          Angle    Proper Dih. Ryckaert-Bell.          LJ-14
    1.53190e+03    3.62661e+03    2.65566e+02    1.82368e+03    2.63143e+03
     Coulomb-14        LJ (SR)  Disper. corr.   Coulomb (SR)   Coul. recip.
    7.70805e+03    9.48288e+04   -4.56924e+03   -6.35577e+05    2.97253e+03
 Position Rest.      Potential    Kinetic En.   Total Energy  Conserved En.
    4.43386e+02   -5.24314e+05    8.49930e+04   -4.39321e+05   -4.37114e+05
    Temperature Pres. DC (bar) Pressure (bar)   Constr. rmsd
    2.97341e+02   -2.26457e+02    1.47350e+02    2.83179e-06


DD  step 43999  vol min/aver 0.941  load imb.: force  3.9%
           Step           Time
          44000       88.00000

   Energies (kJ/mol)
           Bond          Angle    Proper Dih. Ryckaert-Bell.          LJ-14
    1.39861e+03    3.78475e+03    2.71725e+02    1.77136e+03    2.68141e+03
     Coulomb-14        LJ (SR)  Disper. corr.   Coulomb (SR)   Coul. recip.
    7.74304e+03    9.39510e+04   -4.57572e+03   -6.34694e+05    2.90279e+03
 Position Rest.      Potential    Kinetic En.   Total Energy  Conserved En.
    4.62594e+02   -5.24302e+05    8.53571e+04   -4.38945e+05   -4.37134e+05
    Temperature Pres. DC (bar) Pressure (bar)   Constr. rmsd
    2.98615e+02   -2.27099e+02    1.20702e+02    2.63054e-06


DD  step 44499  vol min/aver 0.933  load imb.: force  2.6%
           Step           Time
          44500       89.00000

   Energies (kJ/mol)
           Bond          Angle    Proper Dih. Ryckaert-Bell.          LJ-14
    1.40582e+03    3.80626e+03    2.53732e+02    1.81289e+03    2.69931e+03
     Coulomb-14        LJ (SR)  Disper. corr.   Coulomb (SR)   Coul. recip.
    7.76620e+03    9.40507e+04   -4.56136e+03   -6.35196e+05    2.89394e+03
 Position Rest.      Potential    Kinetic En.   Total Energy  Conserved En.
    4.49364e+02   -5.24619e+05    8.56134e+04   -4.39006e+05   -4.37147e+05
    Temperature Pres. DC (bar) Pressure (bar)   Constr. rmsd
    2.99512e+02   -2.25677e+02    1.50926e+02    2.76720e-06


DD  step 44999  vol min/aver 0.927  load imb.: force  2.4%
           Step           Time
          45000       90.00000

   Energies (kJ/mol)
           Bond          Angle    Proper Dih. Ryckaert-Bell.          LJ-14
    1.50912e+03    3.67652e+03    2.10157e+02    1.80556e+03    2.68326e+03
     Coulomb-14        LJ (SR)  Disper. corr.   Coulomb (SR)   Coul. recip.
    7.73833e+03    9.38214e+04   -4.57109e+03   -6.35760e+05    2.95942e+03
 Position Rest.      Potential    Kinetic En.   Total Energy  Conserved En.
    4.64106e+02   -5.25463e+05    8.52201e+04   -4.40243e+05   -4.37120e+05
    Temperature Pres. DC (bar) Pressure (bar)   Constr. rmsd
    2.98136e+02   -2.26641e+02   -1.08623e+02    2.80743e-06


DD  step 45499  vol min/aver 0.926  load imb.: force  0.7%
           Step           Time
          45500       91.00000

   Energies (kJ/mol)
           Bond          Angle    Proper Dih. Ryckaert-Bell.          LJ-14
    1.45019e+03    3.47684e+03    2.64182e+02    1.79866e+03    2.69083e+03
     Coulomb-14        LJ (SR)  Disper. corr.   Coulomb (SR)   Coul. recip.
    7.73997e+03    9.49929e+04   -4.55631e+03   -6.36421e+05    2.97411e+03
 Position Rest.      Potential    Kinetic En.   Total Energy  Conserved En.
    4.85777e+02   -5.25104e+05    8.52787e+04   -4.39825e+05   -4.37120e+05
    Temperature Pres. DC (bar) Pressure (bar)   Constr. rmsd
    2.98341e+02   -2.25178e+02    1.65883e+02    2.90862e-06


DD  step 45999  vol min/aver 0.942  load imb.: force  2.1%
           Step           Time
          46000       92.00000

   Energies (kJ/mol)
           Bond          Angle    Proper Dih. Ryckaert-Bell.          LJ-14
    1.44759e+03    3.70489e+03    2.22209e+02    1.90334e+03    2.70594e+03
     Coulomb-14        LJ (SR)  Disper. corr.   Coulomb (SR)   Coul. recip.
    7.80800e+03    9.29791e+04   -4.55542e+03   -6.34565e+05    2.92400e+03
 Position Rest.      Potential    Kinetic En.   Total Energy  Conserved En.
    4.94510e+02   -5.24930e+05    8.58213e+04   -4.39109e+05   -4.37132e+05
    Temperature Pres. DC (bar) Pressure (bar)   Constr. rmsd
    3.00239e+02   -2.25091e+02   -1.18103e+01    2.83948e-06


DD  step 46499  vol min/aver 0.929  load imb.: force  1.6%
           Step           Time
          46500       93.00000

   Energies (kJ/mol)
           Bond          Angle    Proper Dih. Ryckaert-Bell.          LJ-14
    1.56121e+03    3.73061e+03    2.44043e+02    1.80117e+03    2.63712e+03
     Coulomb-14        LJ (SR)  Disper. corr.   Coulomb (SR)   Coul. recip.
    7.71754e+03    9.44574e+04   -4.56555e+03   -6.35726e+05    2.88976e+03
 Position Rest.      Potential    Kinetic En.   Total Energy  Conserved En.
    4.81154e+02   -5.24771e+05    8.59715e+04   -4.38800e+05   -4.37121e+05
    Temperature Pres. DC (bar) Pressure (bar)   Constr. rmsd
    3.00765e+02   -2.26091e+02    2.44727e+01    3.19867e-06


DD  step 46999  vol min/aver 0.925  load imb.: force  3.7%
           Step           Time
          47000       94.00000

   Energies (kJ/mol)
           Bond          Angle    Proper Dih. Ryckaert-Bell.          LJ-14
    1.54083e+03    3.88815e+03    2.70891e+02    1.85653e+03    2.69480e+03
     Coulomb-14        LJ (SR)  Disper. corr.   Coulomb (SR)   Coul. recip.
    7.77220e+03    9.32222e+04   -4.57159e+03   -6.34002e+05    2.93848e+03
 Position Rest.      Potential    Kinetic En.   Total Energy  Conserved En.
    5.01207e+02   -5.23889e+05    8.62160e+04   -4.37673e+05   -4.37118e+05
    Temperature Pres. DC (bar) Pressure (bar)   Constr. rmsd
    3.01620e+02   -2.26690e+02    7.49515e+01    2.95923e-06


DD  step 47499  vol min/aver 0.932  load imb.: force  1.6%
           Step           Time
          47500       95.00000

   Energies (kJ/mol)
           Bond          Angle    Proper Dih. Ryckaert-Bell.          LJ-14
    1.40911e+03    3.84897e+03    2.33219e+02    1.83022e+03    2.64534e+03
     Coulomb-14        LJ (SR)  Disper. corr.   Coulomb (SR)   Coul. recip.
    7.70712e+03    9.40021e+04   -4.55546e+03   -6.35932e+05    2.88576e+03
 Position Rest.      Potential    Kinetic En.   Total Energy  Conserved En.
    4.31342e+02   -5.25494e+05    8.53038e+04   -4.40190e+05   -4.37124e+05
    Temperature Pres. DC (bar) Pressure (bar)   Constr. rmsd
    2.98429e+02   -2.25095e+02   -1.29670e+02    2.96142e-06


DD  step 47999  vol min/aver 0.945  load imb.: force 11.4%
           Step           Time
          48000       96.00000

   Energies (kJ/mol)
           Bond          Angle    Proper Dih. Ryckaert-Bell.          LJ-14
    1.47453e+03    3.85926e+03    2.21225e+02    1.82538e+03    2.58247e+03
     Coulomb-14        LJ (SR)  Disper. corr.   Coulomb (SR)   Coul. recip.
    7.73827e+03    9.24955e+04   -4.56615e+03   -6.33863e+05    2.91776e+03
 Position Rest.      Potential    Kinetic En.   Total Energy  Conserved En.
    4.62060e+02   -5.24852e+05    8.63211e+04   -4.38531e+05   -4.37120e+05
    Temperature Pres. DC (bar) Pressure (bar)   Constr. rmsd
    3.01988e+02   -2.26151e+02   -1.74682e+02    2.96031e-06


DD  step 48499  vol min/aver 0.926  load imb.: force  1.1%
           Step           Time
          48500       97.00000

   Energies (kJ/mol)
           Bond          Angle    Proper Dih. Ryckaert-Bell.          LJ-14
    1.43037e+03    3.87534e+03    2.83809e+02    1.82028e+03    2.62841e+03
     Coulomb-14        LJ (SR)  Disper. corr.   Coulomb (SR)   Coul. recip.
    7.77995e+03    9.35094e+04   -4.56586e+03   -6.34890e+05    2.91625e+03
 Position Rest.      Potential    Kinetic En.   Total Energy  Conserved En.
    4.65422e+02   -5.24747e+05    8.60733e+04   -4.38674e+05   -4.37126e+05
    Temperature Pres. DC (bar) Pressure (bar)   Constr. rmsd
    3.01121e+02   -2.26122e+02    1.57936e+00    2.85138e-06


DD  step 48999  vol min/aver 0.929  load imb.: force  4.1%
           Step           Time
          49000       98.00000

   Energies (kJ/mol)
           Bond          Angle    Proper Dih. Ryckaert-Bell.          LJ-14
    1.49858e+03    3.69907e+03    2.85391e+02    1.88785e+03    2.76171e+03
     Coulomb-14        LJ (SR)  Disper. corr.   Coulomb (SR)   Coul. recip.
    7.70025e+03    9.42310e+04   -4.55990e+03   -6.35600e+05    3.05054e+03
 Position Rest.      Potential    Kinetic En.   Total Energy  Conserved En.
    5.00398e+02   -5.24545e+05    8.53303e+04   -4.39215e+05   -4.37112e+05
    Temperature Pres. DC (bar) Pressure (bar)   Constr. rmsd
    2.98522e+02   -2.25533e+02    1.35252e+02    2.60695e-06


DD  step 49499  vol min/aver 0.934  load imb.: force  1.7%
           Step           Time
          49500       99.00000

   Energies (kJ/mol)
           Bond          Angle    Proper Dih. Ryckaert-Bell.          LJ-14
    1.44013e+03    3.69586e+03    2.33332e+02    1.73797e+03    2.68299e+03
     Coulomb-14        LJ (SR)  Disper. corr.   Coulomb (SR)   Coul. recip.
    7.65699e+03    9.36783e+04   -4.56473e+03   -6.34496e+05    2.97322e+03
 Position Rest.      Potential    Kinetic En.   Total Energy  Conserved En.
    4.72545e+02   -5.24489e+05    8.50930e+04   -4.39396e+05   -4.37128e+05
    Temperature Pres. DC (bar) Pressure (bar)   Constr. rmsd
    2.97691e+02   -2.26011e+02    1.37424e+02    3.20894e-06


DD  step 49999  vol min/aver 0.932  load imb.: force  0.8%
           Step           Time
          50000      100.00000

Writing checkpoint, step 50000 at Thu Feb 27 17:43:26 2020


   Energies (kJ/mol)
           Bond          Angle    Proper Dih. Ryckaert-Bell.          LJ-14
    1.45654e+03    3.64603e+03    2.85120e+02    1.74239e+03    2.69759e+03
     Coulomb-14        LJ (SR)  Disper. corr.   Coulomb (SR)   Coul. recip.
    7.73461e+03    9.46191e+04   -4.58039e+03   -6.36873e+05    2.90781e+03
 Position Rest.      Potential    Kinetic En.   Total Energy  Conserved En.
    4.44486e+02   -5.25920e+05    8.50231e+04   -4.40897e+05   -4.37124e+05
    Temperature Pres. DC (bar) Pressure (bar)   Constr. rmsd
    2.97447e+02   -2.27562e+02    1.33164e+02    2.69242e-06


	<======  ###############  ==>
	<====  A V E R A G E S  ====>
	<==  ###############  ======>

	Statistics over 50001 steps using 501 frames

   Energies (kJ/mol)
           Bond          Angle    Proper Dih. Ryckaert-Bell.          LJ-14
    1.45468e+03    3.72868e+03    2.48926e+02    1.82658e+03    2.67478e+03
     Coulomb-14        LJ (SR)  Disper. corr.   Coulomb (SR)   Coul. recip.
    7.74288e+03    9.35420e+04   -4.56377e+03   -6.34597e+05    2.94435e+03
 Position Rest.      Potential    Kinetic En.   Total Energy  Conserved En.
    4.67146e+02   -5.24531e+05    8.57851e+04   -4.38746e+05   -4.37197e+05
    Temperature Pres. DC (bar) Pressure (bar)   Constr. rmsd
    3.00113e+02   -2.25918e+02    9.66430e+00    0.00000e+00

          Box-X          Box-Y          Box-Z
    6.95101e+00    6.95101e+00    6.95101e+00

   Total Virial (kJ/mol)
    2.85873e+04   -1.94492e+02   -2.73573e+02
   -1.94159e+02    2.84458e+04    2.18037e+02
   -2.72478e+02    2.18404e+02    2.84644e+04

   Pressure (bar)
    5.45311e-01    1.99325e+01    2.74354e+01
    1.98994e+01    1.50060e+01   -2.48186e+01
    2.73268e+01   -2.48547e+01    1.34416e+01

      T-Protein  T-non-Protein
    3.00326e+02    3.00096e+02


	M E G A - F L O P S   A C C O U N T I N G

 NB=Group-cutoff nonbonded kernels    NxN=N-by-N cluster Verlet kernels
 RF=Reaction-Field  VdW=Van der Waals  QSTab=quadratic-spline table
 W3=SPC/TIP3p  W4=TIP4p (single or pairs)
 V&F=Potential and force  V=Potential only  F=Force only

 Computing:                               M-Number         M-Flops  % Flops
-----------------------------------------------------------------------------
 Pair Search distance check           15491.407468      139422.667     0.2
 NxN Ewald Elec. + LJ [F]            530455.067024    35010034.424    52.1
 NxN Ewald Elec. + LJ [V&F]            5368.740656      574455.250     0.9
 NxN Ewald Elec. [F]                 469153.579312    28618368.338    42.6
 NxN Ewald Elec. [V&F]                 4748.258704      398853.731     0.6
 1,4 nonbonded interactions             255.305106       22977.460     0.0
 Calc Weights                          5081.501628      182934.059     0.3
 Spread Q Bspline                    108405.368064      216810.736     0.3
 Gather F Bspline                    108405.368064      650432.208     1.0
 3D-FFT                              139519.590336     1116156.723     1.7
 Solve PME                              193.603872       12390.648     0.0
 Reset In Box                            33.876000         101.628     0.0
 CG-CoM                                  33.909876         101.730     0.0
 Bonds                                   51.251025        3023.810     0.0
 Angles                                 177.353547       29795.396     0.0
 Propers                                 21.300426        4877.798     0.0
 RB-Dihedrals                           197.503950       48783.476     0.1
 Pos. Restr.                             50.051001        2502.550     0.0
 Virial                                 171.214236        3081.856     0.0
 Stop-CM                                 16.971876         169.719     0.0
 Calc-Ekin                              338.827752        9148.349     0.0
 Lincs                                   47.950959        2877.058     0.0
 Lincs-Mat                              238.804776         955.219     0.0
 Constraint-V                          1691.333826       13530.671     0.0
 Constraint-Vir                         164.367867        3944.829     0.0
 Settle                                 531.810636      171774.835     0.3
-----------------------------------------------------------------------------
 Total                                                67237505.166   100.0
-----------------------------------------------------------------------------


    D O M A I N   D E C O M P O S I T I O N   S T A T I S T I C S

 av. #atoms communicated per step for force:  2 x 42407.8


Dynamic load balancing report:
 DLB was turned on during the run due to measured imbalance.
 Average load imbalance: 3.3%.
 The balanceable part of the MD step is 61%, load imbalance is computed from this.
 Part of the total run time spent waiting due to load imbalance: 2.0%.
 Steps where the load balancing was limited by -rdd, -rcon and/or -dds: X 0 % Y 0 %


     R E A L   C Y C L E   A N D   T I M E   A C C O U N T I N G

On 8 MPI ranks

 Computing:          Num   Num      Call    Wall time         Giga-Cycles
                     Ranks Threads  Count      (s)         total sum    %
-----------------------------------------------------------------------------
 Domain decomp.         8    1       1000       3.795         78.684   0.7
 DD comm. load          8    1        912       0.056          1.170   0.0
 DD comm. bounds        8    1        901       0.067          1.379   0.0
 Neighbor search        8    1       1001      10.151        210.490   1.8
 Comm. coord.           8    1      49000      11.738        243.388   2.0
 Force                  8    1      50001     300.623       6233.574  51.8
 Wait + Comm. F         8    1      50001       8.992        186.457   1.6
 PME mesh               8    1      50001     222.839       4620.687  38.4
 NB X/F buffer ops.     8    1     148001       6.179        128.116   1.1
 Write traj.            8    1        101       0.411          8.525   0.1
 Update                 8    1      50001       4.643         96.273   0.8
 Constraints            8    1      50001       4.283         88.812   0.7
 Comm. energies         8    1       5001       4.726         97.992   0.8
 Rest                                           1.524         31.592   0.3
-----------------------------------------------------------------------------
 Total                                        580.026      12027.140 100.0
-----------------------------------------------------------------------------
 Breakdown of PME mesh computation
-----------------------------------------------------------------------------
 PME redist. X/F        8    1     100002      97.563       2023.016  16.8
 PME spread             8    1      50001      52.147       1081.299   9.0
 PME gather             8    1      50001      24.349        504.896   4.2
 PME 3D-FFT             8    1     100002      16.941        351.273   2.9
 PME 3D-FFT Comm.       8    1     200004      29.492        611.533   5.1
 PME solve Elec         8    1      50001       2.256         46.789   0.4
-----------------------------------------------------------------------------

               Core t (s)   Wall t (s)        (%)
       Time:     4640.118      580.026      800.0
                 (ns/day)    (hour/ns)
Performance:       14.896        1.611
Finished mdrun on rank 0 Thu Feb 27 17:43:26 2020

